2015-10-13 09:49:42 [-][-][-][error][yii\db\Exception] exception 'PDOException' with message 'SQLSTATE[42S01]: Base table or view already exists: 1050 Table 'user' already exists' in C:\xampp\htdocs\hoclai01\vendor\yiisoft\yii2\db\Command.php:781
Stack trace:
#0 C:\xampp\htdocs\hoclai01\vendor\yiisoft\yii2\db\Command.php(781): PDOStatement->execute()
#1 C:\xampp\htdocs\hoclai01\vendor\yiisoft\yii2\db\Migration.php(260): yii\db\Command->execute()
#2 C:\xampp\htdocs\hoclai01\vendor\dektrium\yii2-user\migrations\m140209_132017_init.php(40): yii\db\Migration->createTable('{{%user}}', Array, 'CHARACTER SET u...')
#3 C:\xampp\htdocs\hoclai01\vendor\yiisoft\yii2\console\controllers\BaseMigrateController.php(492): m140209_132017_init->up()
#4 C:\xampp\htdocs\hoclai01\vendor\yiisoft\yii2\console\controllers\BaseMigrateController.php(129): yii\console\controllers\BaseMigrateController->migrateUp('m140209_132017_...')
#5 [internal function]: yii\console\controllers\BaseMigrateController->actionUp(0)
#6 C:\xampp\htdocs\hoclai01\vendor\yiisoft\yii2\base\InlineAction.php(55): call_user_func_array(Array, Array)
#7 C:\xampp\htdocs\hoclai01\vendor\yiisoft\yii2\base\Controller.php(151): yii\base\InlineAction->runWithParams(Array)
#8 C:\xampp\htdocs\hoclai01\vendor\yiisoft\yii2\console\Controller.php(91): yii\base\Controller->runAction('up', Array)
#9 C:\xampp\htdocs\hoclai01\vendor\yiisoft\yii2\base\Module.php(455): yii\console\Controller->runAction('up', Array)
#10 C:\xampp\htdocs\hoclai01\vendor\yiisoft\yii2\console\Application.php(167): yii\base\Module->runAction('migrate/up', Array)
#11 C:\xampp\htdocs\hoclai01\vendor\yiisoft\yii2\console\Application.php(143): yii\console\Application->runAction('migrate/up', Array)
#12 C:\xampp\htdocs\hoclai01\vendor\yiisoft\yii2\base\Application.php(375): yii\console\Application->handleRequest(Object(yii\console\Request))
#13 C:\xampp\htdocs\hoclai01\yii(27): yii\base\Application->run()
#14 {main}

Next exception 'yii\db\Exception' with message 'SQLSTATE[42S01]: Base table or view already exists: 1050 Table 'user' already exists
The SQL being executed was: CREATE TABLE `user` (
	`id` int(11) NOT NULL AUTO_INCREMENT PRIMARY KEY,
	`username` varchar(25) NOT NULL,
	`email` varchar(255) NOT NULL,
	`password_hash` varchar(60) NOT NULL,
	`auth_key` varchar(32) NOT NULL,
	`confirmation_token` varchar(32),
	`confirmation_sent_at` int(11),
	`confirmed_at` int(11),
	`unconfirmed_email` varchar(255),
	`recovery_token` varchar(32),
	`recovery_sent_at` int(11),
	`blocked_at` int(11),
	`registered_from` int(11),
	`logged_in_from` int(11),
	`logged_in_at` int(11),
	`created_at` int(11) NOT NULL,
	`updated_at` int(11) NOT NULL
) CHARACTER SET utf8 COLLATE utf8_general_ci ENGINE=InnoDB' in C:\xampp\htdocs\hoclai01\vendor\yiisoft\yii2\db\Schema.php:628
Stack trace:
#0 C:\xampp\htdocs\hoclai01\vendor\yiisoft\yii2\db\Command.php(791): yii\db\Schema->convertException(Object(PDOException), 'CREATE TABLE `u...')
#1 C:\xampp\htdocs\hoclai01\vendor\yiisoft\yii2\db\Migration.php(260): yii\db\Command->execute()
#2 C:\xampp\htdocs\hoclai01\vendor\dektrium\yii2-user\migrations\m140209_132017_init.php(40): yii\db\Migration->createTable('{{%user}}', Array, 'CHARACTER SET u...')
#3 C:\xampp\htdocs\hoclai01\vendor\yiisoft\yii2\console\controllers\BaseMigrateController.php(492): m140209_132017_init->up()
#4 C:\xampp\htdocs\hoclai01\vendor\yiisoft\yii2\console\controllers\BaseMigrateController.php(129): yii\console\controllers\BaseMigrateController->migrateUp('m140209_132017_...')
#5 [internal function]: yii\console\controllers\BaseMigrateController->actionUp(0)
#6 C:\xampp\htdocs\hoclai01\vendor\yiisoft\yii2\base\InlineAction.php(55): call_user_func_array(Array, Array)
#7 C:\xampp\htdocs\hoclai01\vendor\yiisoft\yii2\base\Controller.php(151): yii\base\InlineAction->runWithParams(Array)
#8 C:\xampp\htdocs\hoclai01\vendor\yiisoft\yii2\console\Controller.php(91): yii\base\Controller->runAction('up', Array)
#9 C:\xampp\htdocs\hoclai01\vendor\yiisoft\yii2\base\Module.php(455): yii\console\Controller->runAction('up', Array)
#10 C:\xampp\htdocs\hoclai01\vendor\yiisoft\yii2\console\Application.php(167): yii\base\Module->runAction('migrate/up', Array)
#11 C:\xampp\htdocs\hoclai01\vendor\yiisoft\yii2\console\Application.php(143): yii\console\Application->runAction('migrate/up', Array)
#12 C:\xampp\htdocs\hoclai01\vendor\yiisoft\yii2\base\Application.php(375): yii\console\Application->handleRequest(Object(yii\console\Request))
#13 C:\xampp\htdocs\hoclai01\yii(27): yii\base\Application->run()
#14 {main}
Additional Information:
Array
(
    [0] => 42S01
    [1] => 1050
    [2] => Table 'user' already exists
)

2015-10-13 09:49:39 [-][-][-][info][application] $_SERVER = [
    'ALLUSERSPROFILE' => 'C:\\ProgramData'
    'APPDATA' => 'C:\\Windows\\system32\\config\\systemprofile\\AppData\\Roaming'
    'CommonProgramFiles' => 'C:\\Program Files (x86)\\Common Files'
    'CommonProgramFiles(x86)' => 'C:\\Program Files (x86)\\Common Files'
    'CommonProgramW6432' => 'C:\\Program Files\\Common Files'
    'COMPUTERNAME' => 'TUAN'
    'ComSpec' => 'C:\\Windows\\system32\\cmd.exe'
    'EXEPATH' => 'C:\\Program Files\\Git'
    'FP_NO_HOST_CHECK' => 'NO'
    'HOME' => 'C:\\Windows\\system32\\config\\systemprofile'
    'LOCALAPPDATA' => 'C:\\Windows\\system32\\config\\systemprofile\\AppData\\Local'
    'MSYSTEM' => 'MINGW64'
    'NUMBER_OF_PROCESSORS' => '4'
    'OS' => 'Windows_NT'
    'Path' => 'C:\\Program Files\\Git\\cmd;C:\\ProgramData\\Oracle\\Java\\javapath;C:\\Program Files (x86)\\NVIDIA Corporation\\PhysX\\Common;C:\\Windows\\system32;C:\\Windows;C:\\Windows\\System32\\Wbem;C:\\Windows\\System32\\WindowsPowerShell\\v1.0\\;C:\\Program Files (x86)\\Skype\\Phone\\;C:\\xampp\\php;C:\\adb;C:\\Program Files\\TortoiseGit\\bin'
    'PATHEXT' => '.COM;.EXE;.BAT;.CMD;.VBS;.VBE;.JS;.JSE;.WSF;.WSH;.MSC'
    'PLINK_PROTOCOL' => 'ssh'
    'PROCESSOR_ARCHITECTURE' => 'x86'
    'PROCESSOR_ARCHITEW6432' => 'AMD64'
    'PROCESSOR_IDENTIFIER' => 'Intel64 Family 6 Model 61 Stepping 4, GenuineIntel'
    'PROCESSOR_LEVEL' => '6'
    'PROCESSOR_REVISION' => '3d04'
    'ProgramData' => 'C:\\ProgramData'
    'ProgramFiles' => 'C:\\Program Files (x86)'
    'ProgramFiles(x86)' => 'C:\\Program Files (x86)'
    'ProgramW6432' => 'C:\\Program Files'
    'PROMPT' => '$P$G'
    'PSModulePath' => 'C:\\Windows\\system32\\WindowsPowerShell\\v1.0\\Modules\\'
    'PUBLIC' => 'C:\\Users\\Public'
    'SystemDrive' => 'C:'
    'SystemRoot' => 'C:\\Windows'
    'TEMP' => 'C:\\Windows\\TEMP'
    'TMP' => 'C:\\Windows\\TEMP'
    'USERDOMAIN' => 'WORKGROUP'
    'USERNAME' => 'TUAN$'
    'USERPROFILE' => 'C:\\Windows\\system32\\config\\systemprofile'
    'windir' => 'C:\\Windows'
    'PHP_SELF' => 'yii'
    'SCRIPT_NAME' => 'yii'
    'SCRIPT_FILENAME' => 'yii'
    'PATH_TRANSLATED' => 'yii'
    'DOCUMENT_ROOT' => ''
    'REQUEST_TIME_FLOAT' => 1444722579.0752
    'REQUEST_TIME' => 1444722579
    'argv' => [
        0 => 'yii'
        1 => 'migrate/up'
        2 => '--migrationPath=@vendor/dektrium/yii2-user/migrations'
    ]
    'argc' => 3
]
2015-10-13 10:45:00 [-][-][-][error][yii\db\Exception] exception 'PDOException' with message 'SQLSTATE[42S01]: Base table or view already exists: 1050 Table 'user' already exists' in C:\xampp\htdocs\hoclai01\vendor\yiisoft\yii2\db\Command.php:781
Stack trace:
#0 C:\xampp\htdocs\hoclai01\vendor\yiisoft\yii2\db\Command.php(781): PDOStatement->execute()
#1 C:\xampp\htdocs\hoclai01\vendor\yiisoft\yii2\db\Migration.php(260): yii\db\Command->execute()
#2 C:\xampp\htdocs\hoclai01\vendor\dektrium\yii2-user\migrations\m140209_132017_init.php(40): yii\db\Migration->createTable('{{%user}}', Array, 'CHARACTER SET u...')
#3 C:\xampp\htdocs\hoclai01\vendor\yiisoft\yii2\console\controllers\BaseMigrateController.php(492): m140209_132017_init->up()
#4 C:\xampp\htdocs\hoclai01\vendor\yiisoft\yii2\console\controllers\BaseMigrateController.php(129): yii\console\controllers\BaseMigrateController->migrateUp('m140209_132017_...')
#5 [internal function]: yii\console\controllers\BaseMigrateController->actionUp(0)
#6 C:\xampp\htdocs\hoclai01\vendor\yiisoft\yii2\base\InlineAction.php(55): call_user_func_array(Array, Array)
#7 C:\xampp\htdocs\hoclai01\vendor\yiisoft\yii2\base\Controller.php(151): yii\base\InlineAction->runWithParams(Array)
#8 C:\xampp\htdocs\hoclai01\vendor\yiisoft\yii2\console\Controller.php(91): yii\base\Controller->runAction('up', Array)
#9 C:\xampp\htdocs\hoclai01\vendor\yiisoft\yii2\base\Module.php(455): yii\console\Controller->runAction('up', Array)
#10 C:\xampp\htdocs\hoclai01\vendor\yiisoft\yii2\console\Application.php(167): yii\base\Module->runAction('migrate/up', Array)
#11 C:\xampp\htdocs\hoclai01\vendor\yiisoft\yii2\console\Application.php(143): yii\console\Application->runAction('migrate/up', Array)
#12 C:\xampp\htdocs\hoclai01\vendor\yiisoft\yii2\base\Application.php(375): yii\console\Application->handleRequest(Object(yii\console\Request))
#13 C:\xampp\htdocs\hoclai01\yii(27): yii\base\Application->run()
#14 {main}

Next exception 'yii\db\Exception' with message 'SQLSTATE[42S01]: Base table or view already exists: 1050 Table 'user' already exists
The SQL being executed was: CREATE TABLE `user` (
	`id` int(11) NOT NULL AUTO_INCREMENT PRIMARY KEY,
	`username` varchar(25) NOT NULL,
	`email` varchar(255) NOT NULL,
	`password_hash` varchar(60) NOT NULL,
	`auth_key` varchar(32) NOT NULL,
	`confirmation_token` varchar(32),
	`confirmation_sent_at` int(11),
	`confirmed_at` int(11),
	`unconfirmed_email` varchar(255),
	`recovery_token` varchar(32),
	`recovery_sent_at` int(11),
	`blocked_at` int(11),
	`registered_from` int(11),
	`logged_in_from` int(11),
	`logged_in_at` int(11),
	`created_at` int(11) NOT NULL,
	`updated_at` int(11) NOT NULL
) CHARACTER SET utf8 COLLATE utf8_general_ci ENGINE=InnoDB' in C:\xampp\htdocs\hoclai01\vendor\yiisoft\yii2\db\Schema.php:628
Stack trace:
#0 C:\xampp\htdocs\hoclai01\vendor\yiisoft\yii2\db\Command.php(791): yii\db\Schema->convertException(Object(PDOException), 'CREATE TABLE `u...')
#1 C:\xampp\htdocs\hoclai01\vendor\yiisoft\yii2\db\Migration.php(260): yii\db\Command->execute()
#2 C:\xampp\htdocs\hoclai01\vendor\dektrium\yii2-user\migrations\m140209_132017_init.php(40): yii\db\Migration->createTable('{{%user}}', Array, 'CHARACTER SET u...')
#3 C:\xampp\htdocs\hoclai01\vendor\yiisoft\yii2\console\controllers\BaseMigrateController.php(492): m140209_132017_init->up()
#4 C:\xampp\htdocs\hoclai01\vendor\yiisoft\yii2\console\controllers\BaseMigrateController.php(129): yii\console\controllers\BaseMigrateController->migrateUp('m140209_132017_...')
#5 [internal function]: yii\console\controllers\BaseMigrateController->actionUp(0)
#6 C:\xampp\htdocs\hoclai01\vendor\yiisoft\yii2\base\InlineAction.php(55): call_user_func_array(Array, Array)
#7 C:\xampp\htdocs\hoclai01\vendor\yiisoft\yii2\base\Controller.php(151): yii\base\InlineAction->runWithParams(Array)
#8 C:\xampp\htdocs\hoclai01\vendor\yiisoft\yii2\console\Controller.php(91): yii\base\Controller->runAction('up', Array)
#9 C:\xampp\htdocs\hoclai01\vendor\yiisoft\yii2\base\Module.php(455): yii\console\Controller->runAction('up', Array)
#10 C:\xampp\htdocs\hoclai01\vendor\yiisoft\yii2\console\Application.php(167): yii\base\Module->runAction('migrate/up', Array)
#11 C:\xampp\htdocs\hoclai01\vendor\yiisoft\yii2\console\Application.php(143): yii\console\Application->runAction('migrate/up', Array)
#12 C:\xampp\htdocs\hoclai01\vendor\yiisoft\yii2\base\Application.php(375): yii\console\Application->handleRequest(Object(yii\console\Request))
#13 C:\xampp\htdocs\hoclai01\yii(27): yii\base\Application->run()
#14 {main}
Additional Information:
Array
(
    [0] => 42S01
    [1] => 1050
    [2] => Table 'user' already exists
)

2015-10-13 10:44:58 [-][-][-][info][application] $_SERVER = [
    'ALLUSERSPROFILE' => 'C:\\ProgramData'
    'APPDATA' => 'C:\\Windows\\system32\\config\\systemprofile\\AppData\\Roaming'
    'CommonProgramFiles' => 'C:\\Program Files (x86)\\Common Files'
    'CommonProgramFiles(x86)' => 'C:\\Program Files (x86)\\Common Files'
    'CommonProgramW6432' => 'C:\\Program Files\\Common Files'
    'COMPUTERNAME' => 'TUAN'
    'ComSpec' => 'C:\\Windows\\system32\\cmd.exe'
    'EXEPATH' => 'C:\\Program Files\\Git'
    'FP_NO_HOST_CHECK' => 'NO'
    'HOME' => 'C:\\Windows\\system32\\config\\systemprofile'
    'LOCALAPPDATA' => 'C:\\Windows\\system32\\config\\systemprofile\\AppData\\Local'
    'MSYSTEM' => 'MINGW64'
    'NUMBER_OF_PROCESSORS' => '4'
    'OS' => 'Windows_NT'
    'Path' => 'C:\\Program Files\\Git\\cmd;C:\\ProgramData\\Oracle\\Java\\javapath;C:\\Program Files (x86)\\NVIDIA Corporation\\PhysX\\Common;C:\\Windows\\system32;C:\\Windows;C:\\Windows\\System32\\Wbem;C:\\Windows\\System32\\WindowsPowerShell\\v1.0\\;C:\\Program Files (x86)\\Skype\\Phone\\;C:\\xampp\\php;C:\\adb;C:\\Program Files\\TortoiseGit\\bin'
    'PATHEXT' => '.COM;.EXE;.BAT;.CMD;.VBS;.VBE;.JS;.JSE;.WSF;.WSH;.MSC'
    'PLINK_PROTOCOL' => 'ssh'
    'PROCESSOR_ARCHITECTURE' => 'x86'
    'PROCESSOR_ARCHITEW6432' => 'AMD64'
    'PROCESSOR_IDENTIFIER' => 'Intel64 Family 6 Model 61 Stepping 4, GenuineIntel'
    'PROCESSOR_LEVEL' => '6'
    'PROCESSOR_REVISION' => '3d04'
    'ProgramData' => 'C:\\ProgramData'
    'ProgramFiles' => 'C:\\Program Files (x86)'
    'ProgramFiles(x86)' => 'C:\\Program Files (x86)'
    'ProgramW6432' => 'C:\\Program Files'
    'PROMPT' => '$P$G'
    'PSModulePath' => 'C:\\Windows\\system32\\WindowsPowerShell\\v1.0\\Modules\\'
    'PUBLIC' => 'C:\\Users\\Public'
    'SystemDrive' => 'C:'
    'SystemRoot' => 'C:\\Windows'
    'TEMP' => 'C:\\Windows\\TEMP'
    'TMP' => 'C:\\Windows\\TEMP'
    'USERDOMAIN' => 'WORKGROUP'
    'USERNAME' => 'TUAN$'
    'USERPROFILE' => 'C:\\Windows\\system32\\config\\systemprofile'
    'windir' => 'C:\\Windows'
    'PHP_SELF' => 'yii'
    'SCRIPT_NAME' => 'yii'
    'SCRIPT_FILENAME' => 'yii'
    'PATH_TRANSLATED' => 'yii'
    'DOCUMENT_ROOT' => ''
    'REQUEST_TIME_FLOAT' => 1444725898.5663
    'REQUEST_TIME' => 1444725898
    'argv' => [
        0 => 'yii'
        1 => 'migrate/up'
        2 => '--migrationPath=@vendor/dektrium/yii2-user/migrations'
    ]
    'argc' => 3
]
