2015-10-13 09:55:53 [127.0.0.1][-][kgd37g60kel0t2ti6gbhk5vhm2][error][yii\db\Exception] exception 'PDOException' with message 'SQLSTATE[42S22]: Column not found: 1054 Unknown column 'status' in 'where clause'' in C:\xampp\htdocs\hoclai01\vendor\yiisoft\yii2\db\Command.php:837
Stack trace:
#0 C:\xampp\htdocs\hoclai01\vendor\yiisoft\yii2\db\Command.php(837): PDOStatement->execute()
#1 C:\xampp\htdocs\hoclai01\vendor\yiisoft\yii2\db\Command.php(373): yii\db\Command->queryInternal('fetch', NULL)
#2 C:\xampp\htdocs\hoclai01\vendor\yiisoft\yii2\db\Query.php(243): yii\db\Command->queryOne()
#3 C:\xampp\htdocs\hoclai01\vendor\yiisoft\yii2\db\ActiveQuery.php(300): yii\db\Query->one(NULL)
#4 C:\xampp\htdocs\hoclai01\vendor\yiisoft\yii2\db\BaseActiveRecord.php(102): yii\db\ActiveQuery->one()
#5 C:\xampp\htdocs\hoclai01\common\models\User.php(63): yii\db\BaseActiveRecord::findOne(Array)
#6 C:\xampp\htdocs\hoclai01\vendor\yiisoft\yii2\web\User.php(614): common\models\User::findIdentity(1)
#7 C:\xampp\htdocs\hoclai01\vendor\yiisoft\yii2\web\User.php(176): yii\web\User->renewAuthStatus()
#8 C:\xampp\htdocs\hoclai01\vendor\yiisoft\yii2\web\User.php(346): yii\web\User->getIdentity()
#9 C:\xampp\htdocs\hoclai01\vendor\yiisoft\yii2\filters\AccessRule.php(149): yii\web\User->getIsGuest()
#10 C:\xampp\htdocs\hoclai01\vendor\yiisoft\yii2\filters\AccessRule.php(104): yii\filters\AccessRule->matchRole(Object(yii\web\User))
#11 C:\xampp\htdocs\hoclai01\vendor\yiisoft\yii2\filters\AccessControl.php(118): yii\filters\AccessRule->allows(Object(yii\base\InlineAction), Object(yii\web\User), Object(yii\web\Request))
#12 C:\xampp\htdocs\hoclai01\vendor\yiisoft\yii2\base\ActionFilter.php(71): yii\filters\AccessControl->beforeAction(Object(yii\base\InlineAction))
#13 [internal function]: yii\base\ActionFilter->beforeFilter(Object(yii\base\ActionEvent))
#14 C:\xampp\htdocs\hoclai01\vendor\yiisoft\yii2\base\Component.php(541): call_user_func(Array, Object(yii\base\ActionEvent))
#15 C:\xampp\htdocs\hoclai01\vendor\yiisoft\yii2\base\Controller.php(263): yii\base\Component->trigger('beforeAction', Object(yii\base\ActionEvent))
#16 C:\xampp\htdocs\hoclai01\vendor\yiisoft\yii2\web\Controller.php(108): yii\base\Controller->beforeAction(Object(yii\base\InlineAction))
#17 C:\xampp\htdocs\hoclai01\vendor\yiisoft\yii2\base\Controller.php(149): yii\web\Controller->beforeAction(Object(yii\base\InlineAction))
#18 C:\xampp\htdocs\hoclai01\vendor\yiisoft\yii2\base\Module.php(455): yii\base\Controller->runAction('', Array)
#19 C:\xampp\htdocs\hoclai01\vendor\yiisoft\yii2\web\Application.php(84): yii\base\Module->runAction('', Array)
#20 C:\xampp\htdocs\hoclai01\vendor\yiisoft\yii2\base\Application.php(375): yii\web\Application->handleRequest(Object(yii\web\Request))
#21 C:\xampp\htdocs\hoclai01\backend\web\index.php(18): yii\base\Application->run()
#22 {main}

Next exception 'yii\db\Exception' with message 'SQLSTATE[42S22]: Column not found: 1054 Unknown column 'status' in 'where clause'
The SQL being executed was: SELECT * FROM `user` WHERE (`id`=1) AND (`status`=10)' in C:\xampp\htdocs\hoclai01\vendor\yiisoft\yii2\db\Schema.php:628
Stack trace:
#0 C:\xampp\htdocs\hoclai01\vendor\yiisoft\yii2\db\Command.php(852): yii\db\Schema->convertException(Object(PDOException), 'SELECT * FROM `...')
#1 C:\xampp\htdocs\hoclai01\vendor\yiisoft\yii2\db\Command.php(373): yii\db\Command->queryInternal('fetch', NULL)
#2 C:\xampp\htdocs\hoclai01\vendor\yiisoft\yii2\db\Query.php(243): yii\db\Command->queryOne()
#3 C:\xampp\htdocs\hoclai01\vendor\yiisoft\yii2\db\ActiveQuery.php(300): yii\db\Query->one(NULL)
#4 C:\xampp\htdocs\hoclai01\vendor\yiisoft\yii2\db\BaseActiveRecord.php(102): yii\db\ActiveQuery->one()
#5 C:\xampp\htdocs\hoclai01\common\models\User.php(63): yii\db\BaseActiveRecord::findOne(Array)
#6 C:\xampp\htdocs\hoclai01\vendor\yiisoft\yii2\web\User.php(614): common\models\User::findIdentity(1)
#7 C:\xampp\htdocs\hoclai01\vendor\yiisoft\yii2\web\User.php(176): yii\web\User->renewAuthStatus()
#8 C:\xampp\htdocs\hoclai01\vendor\yiisoft\yii2\web\User.php(346): yii\web\User->getIdentity()
#9 C:\xampp\htdocs\hoclai01\vendor\yiisoft\yii2\filters\AccessRule.php(149): yii\web\User->getIsGuest()
#10 C:\xampp\htdocs\hoclai01\vendor\yiisoft\yii2\filters\AccessRule.php(104): yii\filters\AccessRule->matchRole(Object(yii\web\User))
#11 C:\xampp\htdocs\hoclai01\vendor\yiisoft\yii2\filters\AccessControl.php(118): yii\filters\AccessRule->allows(Object(yii\base\InlineAction), Object(yii\web\User), Object(yii\web\Request))
#12 C:\xampp\htdocs\hoclai01\vendor\yiisoft\yii2\base\ActionFilter.php(71): yii\filters\AccessControl->beforeAction(Object(yii\base\InlineAction))
#13 [internal function]: yii\base\ActionFilter->beforeFilter(Object(yii\base\ActionEvent))
#14 C:\xampp\htdocs\hoclai01\vendor\yiisoft\yii2\base\Component.php(541): call_user_func(Array, Object(yii\base\ActionEvent))
#15 C:\xampp\htdocs\hoclai01\vendor\yiisoft\yii2\base\Controller.php(263): yii\base\Component->trigger('beforeAction', Object(yii\base\ActionEvent))
#16 C:\xampp\htdocs\hoclai01\vendor\yiisoft\yii2\web\Controller.php(108): yii\base\Controller->beforeAction(Object(yii\base\InlineAction))
#17 C:\xampp\htdocs\hoclai01\vendor\yiisoft\yii2\base\Controller.php(149): yii\web\Controller->beforeAction(Object(yii\base\InlineAction))
#18 C:\xampp\htdocs\hoclai01\vendor\yiisoft\yii2\base\Module.php(455): yii\base\Controller->runAction('', Array)
#19 C:\xampp\htdocs\hoclai01\vendor\yiisoft\yii2\web\Application.php(84): yii\base\Module->runAction('', Array)
#20 C:\xampp\htdocs\hoclai01\vendor\yiisoft\yii2\base\Application.php(375): yii\web\Application->handleRequest(Object(yii\web\Request))
#21 C:\xampp\htdocs\hoclai01\backend\web\index.php(18): yii\base\Application->run()
#22 {main}
Additional Information:
Array
(
    [0] => 42S22
    [1] => 1054
    [2] => Unknown column 'status' in 'where clause'
)

2015-10-13 09:55:53 [127.0.0.1][-][kgd37g60kel0t2ti6gbhk5vhm2][info][application] $_COOKIE = [
    'PHPSESSID' => 'kgd37g60kel0t2ti6gbhk5vhm2'
    '_identity' => 'b5a6d5c466f08e3f504d51962846b40e3bb458dfdc2af017e0981b1c5c8a10f8a:2:{i:0;s:9:\"_identity\";i:1;s:46:\"[1,\"2Fj5LmEZpu8Zb7nC-FyphfvFbI6UN1Q6\",2592000]\";}'
    '_csrf' => '7bd4e17057ebaed9d2de5f47b4eba1d1ab7b7b023fc90e3541de12ed921b6c83a:2:{i:0;s:5:\"_csrf\";i:1;s:32:\"pHzWEw1_I0sGX7an8coN8Ij6oo8FcFQp\";}'
]

$_SESSION = [
    '__flash' => []
    '__returnUrl' => '/'
    '__id' => 1
]

$_SERVER = [
    'MIBDIRS' => 'C:/xampp/php/extras/mibs'
    'MYSQL_HOME' => '\\xampp\\mysql\\bin'
    'OPENSSL_CONF' => 'C:/xampp/apache/bin/openssl.cnf'
    'PHP_PEAR_SYSCONF_DIR' => '\\xampp\\php'
    'PHPRC' => '\\xampp\\php'
    'TMP' => '\\xampp\\tmp'
    'HTTP_HOST' => 'backend.dev'
    'HTTP_CONNECTION' => 'keep-alive'
    'HTTP_CACHE_CONTROL' => 'max-age=0'
    'HTTP_ACCEPT' => 'text/html,application/xhtml+xml,application/xml;q=0.9,image/webp,*/*;q=0.8'
    'HTTP_UPGRADE_INSECURE_REQUESTS' => '1'
    'HTTP_USER_AGENT' => 'Mozilla/5.0 (Windows NT 6.3; WOW64) AppleWebKit/537.36 (KHTML, like Gecko) Chrome/45.0.2454.101 Safari/537.36'
    'HTTP_REFERER' => 'http://backend.dev/index.php?r=site%2Flogin'
    'HTTP_ACCEPT_ENCODING' => 'gzip, deflate, sdch'
    'HTTP_ACCEPT_LANGUAGE' => 'vi-VN,vi;q=0.8,fr-FR;q=0.6,fr;q=0.4,en-US;q=0.2,en;q=0.2'
    'HTTP_COOKIE' => 'PHPSESSID=kgd37g60kel0t2ti6gbhk5vhm2; _identity=b5a6d5c466f08e3f504d51962846b40e3bb458dfdc2af017e0981b1c5c8a10f8a%3A2%3A%7Bi%3A0%3Bs%3A9%3A%22_identity%22%3Bi%3A1%3Bs%3A46%3A%22%5B1%2C%222Fj5LmEZpu8Zb7nC-FyphfvFbI6UN1Q6%22%2C2592000%5D%22%3B%7D; _csrf=7bd4e17057ebaed9d2de5f47b4eba1d1ab7b7b023fc90e3541de12ed921b6c83a%3A2%3A%7Bi%3A0%3Bs%3A5%3A%22_csrf%22%3Bi%3A1%3Bs%3A32%3A%22pHzWEw1_I0sGX7an8coN8Ij6oo8FcFQp%22%3B%7D'
    'PATH' => 'C:\\ProgramData\\Oracle\\Java\\javapath;C:\\Program Files (x86)\\NVIDIA Corporation\\PhysX\\Common;C:\\Windows\\system32;C:\\Windows;C:\\Windows\\System32\\Wbem;C:\\Windows\\System32\\WindowsPowerShell\\v1.0\\;C:\\Program Files (x86)\\Skype\\Phone\\;C:\\xampp\\php;C:\\adb;C:\\Program Files\\TortoiseGit\\bin'
    'SystemRoot' => 'C:\\Windows'
    'COMSPEC' => 'C:\\Windows\\system32\\cmd.exe'
    'PATHEXT' => '.COM;.EXE;.BAT;.CMD;.VBS;.VBE;.JS;.JSE;.WSF;.WSH;.MSC'
    'WINDIR' => 'C:\\Windows'
    'SERVER_SIGNATURE' => '<address>Apache/2.4.16 (Win32) OpenSSL/1.0.1p PHP/5.6.12 Server at backend.dev Port 80</address>
'
    'SERVER_SOFTWARE' => 'Apache/2.4.16 (Win32) OpenSSL/1.0.1p PHP/5.6.12'
    'SERVER_NAME' => 'backend.dev'
    'SERVER_ADDR' => '127.0.0.1'
    'SERVER_PORT' => '80'
    'REMOTE_ADDR' => '127.0.0.1'
    'DOCUMENT_ROOT' => 'C:/xampp/htdocs/hoclai01/backend/web/'
    'REQUEST_SCHEME' => 'http'
    'CONTEXT_PREFIX' => ''
    'CONTEXT_DOCUMENT_ROOT' => 'C:/xampp/htdocs/hoclai01/backend/web/'
    'SERVER_ADMIN' => 'postmaster@localhost'
    'SCRIPT_FILENAME' => 'C:/xampp/htdocs/hoclai01/backend/web/index.php'
    'REMOTE_PORT' => '62317'
    'GATEWAY_INTERFACE' => 'CGI/1.1'
    'SERVER_PROTOCOL' => 'HTTP/1.1'
    'REQUEST_METHOD' => 'GET'
    'QUERY_STRING' => ''
    'REQUEST_URI' => '/index.php'
    'SCRIPT_NAME' => '/index.php'
    'PHP_SELF' => '/index.php'
    'REQUEST_TIME_FLOAT' => 1444722953.268
    'REQUEST_TIME' => 1444722953
]
2015-10-13 09:57:01 [127.0.0.1][-][kgd37g60kel0t2ti6gbhk5vhm2][error][yii\db\Exception] exception 'PDOException' with message 'SQLSTATE[42S22]: Column not found: 1054 Unknown column 'status' in 'where clause'' in C:\xampp\htdocs\hoclai01\vendor\yiisoft\yii2\db\Command.php:837
Stack trace:
#0 C:\xampp\htdocs\hoclai01\vendor\yiisoft\yii2\db\Command.php(837): PDOStatement->execute()
#1 C:\xampp\htdocs\hoclai01\vendor\yiisoft\yii2\db\Command.php(373): yii\db\Command->queryInternal('fetch', NULL)
#2 C:\xampp\htdocs\hoclai01\vendor\yiisoft\yii2\db\Query.php(243): yii\db\Command->queryOne()
#3 C:\xampp\htdocs\hoclai01\vendor\yiisoft\yii2\db\ActiveQuery.php(300): yii\db\Query->one(NULL)
#4 C:\xampp\htdocs\hoclai01\vendor\yiisoft\yii2\db\BaseActiveRecord.php(102): yii\db\ActiveQuery->one()
#5 C:\xampp\htdocs\hoclai01\common\models\User.php(63): yii\db\BaseActiveRecord::findOne(Array)
#6 C:\xampp\htdocs\hoclai01\vendor\yiisoft\yii2\web\User.php(614): common\models\User::findIdentity(1)
#7 C:\xampp\htdocs\hoclai01\vendor\yiisoft\yii2\web\User.php(176): yii\web\User->renewAuthStatus()
#8 C:\xampp\htdocs\hoclai01\vendor\yiisoft\yii2\web\User.php(346): yii\web\User->getIdentity()
#9 C:\xampp\htdocs\hoclai01\vendor\yiisoft\yii2\filters\AccessRule.php(149): yii\web\User->getIsGuest()
#10 C:\xampp\htdocs\hoclai01\vendor\yiisoft\yii2\filters\AccessRule.php(104): yii\filters\AccessRule->matchRole(Object(yii\web\User))
#11 C:\xampp\htdocs\hoclai01\vendor\yiisoft\yii2\filters\AccessControl.php(118): yii\filters\AccessRule->allows(Object(yii\base\InlineAction), Object(yii\web\User), Object(yii\web\Request))
#12 C:\xampp\htdocs\hoclai01\vendor\yiisoft\yii2\base\ActionFilter.php(71): yii\filters\AccessControl->beforeAction(Object(yii\base\InlineAction))
#13 [internal function]: yii\base\ActionFilter->beforeFilter(Object(yii\base\ActionEvent))
#14 C:\xampp\htdocs\hoclai01\vendor\yiisoft\yii2\base\Component.php(541): call_user_func(Array, Object(yii\base\ActionEvent))
#15 C:\xampp\htdocs\hoclai01\vendor\yiisoft\yii2\base\Controller.php(263): yii\base\Component->trigger('beforeAction', Object(yii\base\ActionEvent))
#16 C:\xampp\htdocs\hoclai01\vendor\yiisoft\yii2\web\Controller.php(108): yii\base\Controller->beforeAction(Object(yii\base\InlineAction))
#17 C:\xampp\htdocs\hoclai01\vendor\yiisoft\yii2\base\Controller.php(149): yii\web\Controller->beforeAction(Object(yii\base\InlineAction))
#18 C:\xampp\htdocs\hoclai01\vendor\yiisoft\yii2\base\Module.php(455): yii\base\Controller->runAction('', Array)
#19 C:\xampp\htdocs\hoclai01\vendor\yiisoft\yii2\web\Application.php(84): yii\base\Module->runAction('', Array)
#20 C:\xampp\htdocs\hoclai01\vendor\yiisoft\yii2\base\Application.php(375): yii\web\Application->handleRequest(Object(yii\web\Request))
#21 C:\xampp\htdocs\hoclai01\backend\web\index.php(18): yii\base\Application->run()
#22 {main}

Next exception 'yii\db\Exception' with message 'SQLSTATE[42S22]: Column not found: 1054 Unknown column 'status' in 'where clause'
The SQL being executed was: SELECT * FROM `user` WHERE (`id`=1) AND (`status`=10)' in C:\xampp\htdocs\hoclai01\vendor\yiisoft\yii2\db\Schema.php:628
Stack trace:
#0 C:\xampp\htdocs\hoclai01\vendor\yiisoft\yii2\db\Command.php(852): yii\db\Schema->convertException(Object(PDOException), 'SELECT * FROM `...')
#1 C:\xampp\htdocs\hoclai01\vendor\yiisoft\yii2\db\Command.php(373): yii\db\Command->queryInternal('fetch', NULL)
#2 C:\xampp\htdocs\hoclai01\vendor\yiisoft\yii2\db\Query.php(243): yii\db\Command->queryOne()
#3 C:\xampp\htdocs\hoclai01\vendor\yiisoft\yii2\db\ActiveQuery.php(300): yii\db\Query->one(NULL)
#4 C:\xampp\htdocs\hoclai01\vendor\yiisoft\yii2\db\BaseActiveRecord.php(102): yii\db\ActiveQuery->one()
#5 C:\xampp\htdocs\hoclai01\common\models\User.php(63): yii\db\BaseActiveRecord::findOne(Array)
#6 C:\xampp\htdocs\hoclai01\vendor\yiisoft\yii2\web\User.php(614): common\models\User::findIdentity(1)
#7 C:\xampp\htdocs\hoclai01\vendor\yiisoft\yii2\web\User.php(176): yii\web\User->renewAuthStatus()
#8 C:\xampp\htdocs\hoclai01\vendor\yiisoft\yii2\web\User.php(346): yii\web\User->getIdentity()
#9 C:\xampp\htdocs\hoclai01\vendor\yiisoft\yii2\filters\AccessRule.php(149): yii\web\User->getIsGuest()
#10 C:\xampp\htdocs\hoclai01\vendor\yiisoft\yii2\filters\AccessRule.php(104): yii\filters\AccessRule->matchRole(Object(yii\web\User))
#11 C:\xampp\htdocs\hoclai01\vendor\yiisoft\yii2\filters\AccessControl.php(118): yii\filters\AccessRule->allows(Object(yii\base\InlineAction), Object(yii\web\User), Object(yii\web\Request))
#12 C:\xampp\htdocs\hoclai01\vendor\yiisoft\yii2\base\ActionFilter.php(71): yii\filters\AccessControl->beforeAction(Object(yii\base\InlineAction))
#13 [internal function]: yii\base\ActionFilter->beforeFilter(Object(yii\base\ActionEvent))
#14 C:\xampp\htdocs\hoclai01\vendor\yiisoft\yii2\base\Component.php(541): call_user_func(Array, Object(yii\base\ActionEvent))
#15 C:\xampp\htdocs\hoclai01\vendor\yiisoft\yii2\base\Controller.php(263): yii\base\Component->trigger('beforeAction', Object(yii\base\ActionEvent))
#16 C:\xampp\htdocs\hoclai01\vendor\yiisoft\yii2\web\Controller.php(108): yii\base\Controller->beforeAction(Object(yii\base\InlineAction))
#17 C:\xampp\htdocs\hoclai01\vendor\yiisoft\yii2\base\Controller.php(149): yii\web\Controller->beforeAction(Object(yii\base\InlineAction))
#18 C:\xampp\htdocs\hoclai01\vendor\yiisoft\yii2\base\Module.php(455): yii\base\Controller->runAction('', Array)
#19 C:\xampp\htdocs\hoclai01\vendor\yiisoft\yii2\web\Application.php(84): yii\base\Module->runAction('', Array)
#20 C:\xampp\htdocs\hoclai01\vendor\yiisoft\yii2\base\Application.php(375): yii\web\Application->handleRequest(Object(yii\web\Request))
#21 C:\xampp\htdocs\hoclai01\backend\web\index.php(18): yii\base\Application->run()
#22 {main}
Additional Information:
Array
(
    [0] => 42S22
    [1] => 1054
    [2] => Unknown column 'status' in 'where clause'
)

2015-10-13 09:57:01 [127.0.0.1][-][kgd37g60kel0t2ti6gbhk5vhm2][info][application] $_COOKIE = [
    'PHPSESSID' => 'kgd37g60kel0t2ti6gbhk5vhm2'
    '_identity' => 'b5a6d5c466f08e3f504d51962846b40e3bb458dfdc2af017e0981b1c5c8a10f8a:2:{i:0;s:9:\"_identity\";i:1;s:46:\"[1,\"2Fj5LmEZpu8Zb7nC-FyphfvFbI6UN1Q6\",2592000]\";}'
    '_csrf' => '7bd4e17057ebaed9d2de5f47b4eba1d1ab7b7b023fc90e3541de12ed921b6c83a:2:{i:0;s:5:\"_csrf\";i:1;s:32:\"pHzWEw1_I0sGX7an8coN8Ij6oo8FcFQp\";}'
]

$_SESSION = [
    '__flash' => []
    '__returnUrl' => '/'
    '__id' => 1
]

$_SERVER = [
    'MIBDIRS' => 'C:/xampp/php/extras/mibs'
    'MYSQL_HOME' => '\\xampp\\mysql\\bin'
    'OPENSSL_CONF' => 'C:/xampp/apache/bin/openssl.cnf'
    'PHP_PEAR_SYSCONF_DIR' => '\\xampp\\php'
    'PHPRC' => '\\xampp\\php'
    'TMP' => '\\xampp\\tmp'
    'HTTP_HOST' => 'backend.dev'
    'HTTP_CONNECTION' => 'keep-alive'
    'HTTP_CACHE_CONTROL' => 'max-age=0'
    'HTTP_ACCEPT' => 'text/html,application/xhtml+xml,application/xml;q=0.9,image/webp,*/*;q=0.8'
    'HTTP_UPGRADE_INSECURE_REQUESTS' => '1'
    'HTTP_USER_AGENT' => 'Mozilla/5.0 (Windows NT 6.3; WOW64) AppleWebKit/537.36 (KHTML, like Gecko) Chrome/45.0.2454.101 Safari/537.36'
    'HTTP_REFERER' => 'http://backend.dev/index.php?r=site%2Flogin'
    'HTTP_ACCEPT_ENCODING' => 'gzip, deflate, sdch'
    'HTTP_ACCEPT_LANGUAGE' => 'vi-VN,vi;q=0.8,fr-FR;q=0.6,fr;q=0.4,en-US;q=0.2,en;q=0.2'
    'HTTP_COOKIE' => 'PHPSESSID=kgd37g60kel0t2ti6gbhk5vhm2; _identity=b5a6d5c466f08e3f504d51962846b40e3bb458dfdc2af017e0981b1c5c8a10f8a%3A2%3A%7Bi%3A0%3Bs%3A9%3A%22_identity%22%3Bi%3A1%3Bs%3A46%3A%22%5B1%2C%222Fj5LmEZpu8Zb7nC-FyphfvFbI6UN1Q6%22%2C2592000%5D%22%3B%7D; _csrf=7bd4e17057ebaed9d2de5f47b4eba1d1ab7b7b023fc90e3541de12ed921b6c83a%3A2%3A%7Bi%3A0%3Bs%3A5%3A%22_csrf%22%3Bi%3A1%3Bs%3A32%3A%22pHzWEw1_I0sGX7an8coN8Ij6oo8FcFQp%22%3B%7D'
    'PATH' => 'C:\\ProgramData\\Oracle\\Java\\javapath;C:\\Program Files (x86)\\NVIDIA Corporation\\PhysX\\Common;C:\\Windows\\system32;C:\\Windows;C:\\Windows\\System32\\Wbem;C:\\Windows\\System32\\WindowsPowerShell\\v1.0\\;C:\\Program Files (x86)\\Skype\\Phone\\;C:\\xampp\\php;C:\\adb;C:\\Program Files\\TortoiseGit\\bin'
    'SystemRoot' => 'C:\\Windows'
    'COMSPEC' => 'C:\\Windows\\system32\\cmd.exe'
    'PATHEXT' => '.COM;.EXE;.BAT;.CMD;.VBS;.VBE;.JS;.JSE;.WSF;.WSH;.MSC'
    'WINDIR' => 'C:\\Windows'
    'SERVER_SIGNATURE' => '<address>Apache/2.4.16 (Win32) OpenSSL/1.0.1p PHP/5.6.12 Server at backend.dev Port 80</address>
'
    'SERVER_SOFTWARE' => 'Apache/2.4.16 (Win32) OpenSSL/1.0.1p PHP/5.6.12'
    'SERVER_NAME' => 'backend.dev'
    'SERVER_ADDR' => '127.0.0.1'
    'SERVER_PORT' => '80'
    'REMOTE_ADDR' => '127.0.0.1'
    'DOCUMENT_ROOT' => 'C:/xampp/htdocs/hoclai01/backend/web/'
    'REQUEST_SCHEME' => 'http'
    'CONTEXT_PREFIX' => ''
    'CONTEXT_DOCUMENT_ROOT' => 'C:/xampp/htdocs/hoclai01/backend/web/'
    'SERVER_ADMIN' => 'postmaster@localhost'
    'SCRIPT_FILENAME' => 'C:/xampp/htdocs/hoclai01/backend/web/index.php'
    'REMOTE_PORT' => '62550'
    'GATEWAY_INTERFACE' => 'CGI/1.1'
    'SERVER_PROTOCOL' => 'HTTP/1.1'
    'REQUEST_METHOD' => 'GET'
    'QUERY_STRING' => ''
    'REQUEST_URI' => '/index.php'
    'SCRIPT_NAME' => '/index.php'
    'PHP_SELF' => '/index.php'
    'REQUEST_TIME_FLOAT' => 1444723021.386
    'REQUEST_TIME' => 1444723021
]
2015-10-13 09:57:02 [127.0.0.1][-][kgd37g60kel0t2ti6gbhk5vhm2][error][yii\db\Exception] exception 'PDOException' with message 'SQLSTATE[42S22]: Column not found: 1054 Unknown column 'status' in 'where clause'' in C:\xampp\htdocs\hoclai01\vendor\yiisoft\yii2\db\Command.php:837
Stack trace:
#0 C:\xampp\htdocs\hoclai01\vendor\yiisoft\yii2\db\Command.php(837): PDOStatement->execute()
#1 C:\xampp\htdocs\hoclai01\vendor\yiisoft\yii2\db\Command.php(373): yii\db\Command->queryInternal('fetch', NULL)
#2 C:\xampp\htdocs\hoclai01\vendor\yiisoft\yii2\db\Query.php(243): yii\db\Command->queryOne()
#3 C:\xampp\htdocs\hoclai01\vendor\yiisoft\yii2\db\ActiveQuery.php(300): yii\db\Query->one(NULL)
#4 C:\xampp\htdocs\hoclai01\vendor\yiisoft\yii2\db\BaseActiveRecord.php(102): yii\db\ActiveQuery->one()
#5 C:\xampp\htdocs\hoclai01\common\models\User.php(63): yii\db\BaseActiveRecord::findOne(Array)
#6 C:\xampp\htdocs\hoclai01\vendor\yiisoft\yii2\web\User.php(614): common\models\User::findIdentity(1)
#7 C:\xampp\htdocs\hoclai01\vendor\yiisoft\yii2\web\User.php(176): yii\web\User->renewAuthStatus()
#8 C:\xampp\htdocs\hoclai01\vendor\yiisoft\yii2\web\User.php(346): yii\web\User->getIdentity()
#9 C:\xampp\htdocs\hoclai01\vendor\yiisoft\yii2\filters\AccessRule.php(149): yii\web\User->getIsGuest()
#10 C:\xampp\htdocs\hoclai01\vendor\yiisoft\yii2\filters\AccessRule.php(104): yii\filters\AccessRule->matchRole(Object(yii\web\User))
#11 C:\xampp\htdocs\hoclai01\vendor\yiisoft\yii2\filters\AccessControl.php(118): yii\filters\AccessRule->allows(Object(yii\base\InlineAction), Object(yii\web\User), Object(yii\web\Request))
#12 C:\xampp\htdocs\hoclai01\vendor\yiisoft\yii2\base\ActionFilter.php(71): yii\filters\AccessControl->beforeAction(Object(yii\base\InlineAction))
#13 [internal function]: yii\base\ActionFilter->beforeFilter(Object(yii\base\ActionEvent))
#14 C:\xampp\htdocs\hoclai01\vendor\yiisoft\yii2\base\Component.php(541): call_user_func(Array, Object(yii\base\ActionEvent))
#15 C:\xampp\htdocs\hoclai01\vendor\yiisoft\yii2\base\Controller.php(263): yii\base\Component->trigger('beforeAction', Object(yii\base\ActionEvent))
#16 C:\xampp\htdocs\hoclai01\vendor\yiisoft\yii2\web\Controller.php(108): yii\base\Controller->beforeAction(Object(yii\base\InlineAction))
#17 C:\xampp\htdocs\hoclai01\vendor\yiisoft\yii2\base\Controller.php(149): yii\web\Controller->beforeAction(Object(yii\base\InlineAction))
#18 C:\xampp\htdocs\hoclai01\vendor\yiisoft\yii2\base\Module.php(455): yii\base\Controller->runAction('', Array)
#19 C:\xampp\htdocs\hoclai01\vendor\yiisoft\yii2\web\Application.php(84): yii\base\Module->runAction('', Array)
#20 C:\xampp\htdocs\hoclai01\vendor\yiisoft\yii2\base\Application.php(375): yii\web\Application->handleRequest(Object(yii\web\Request))
#21 C:\xampp\htdocs\hoclai01\backend\web\index.php(18): yii\base\Application->run()
#22 {main}

Next exception 'yii\db\Exception' with message 'SQLSTATE[42S22]: Column not found: 1054 Unknown column 'status' in 'where clause'
The SQL being executed was: SELECT * FROM `user` WHERE (`id`=1) AND (`status`=10)' in C:\xampp\htdocs\hoclai01\vendor\yiisoft\yii2\db\Schema.php:628
Stack trace:
#0 C:\xampp\htdocs\hoclai01\vendor\yiisoft\yii2\db\Command.php(852): yii\db\Schema->convertException(Object(PDOException), 'SELECT * FROM `...')
#1 C:\xampp\htdocs\hoclai01\vendor\yiisoft\yii2\db\Command.php(373): yii\db\Command->queryInternal('fetch', NULL)
#2 C:\xampp\htdocs\hoclai01\vendor\yiisoft\yii2\db\Query.php(243): yii\db\Command->queryOne()
#3 C:\xampp\htdocs\hoclai01\vendor\yiisoft\yii2\db\ActiveQuery.php(300): yii\db\Query->one(NULL)
#4 C:\xampp\htdocs\hoclai01\vendor\yiisoft\yii2\db\BaseActiveRecord.php(102): yii\db\ActiveQuery->one()
#5 C:\xampp\htdocs\hoclai01\common\models\User.php(63): yii\db\BaseActiveRecord::findOne(Array)
#6 C:\xampp\htdocs\hoclai01\vendor\yiisoft\yii2\web\User.php(614): common\models\User::findIdentity(1)
#7 C:\xampp\htdocs\hoclai01\vendor\yiisoft\yii2\web\User.php(176): yii\web\User->renewAuthStatus()
#8 C:\xampp\htdocs\hoclai01\vendor\yiisoft\yii2\web\User.php(346): yii\web\User->getIdentity()
#9 C:\xampp\htdocs\hoclai01\vendor\yiisoft\yii2\filters\AccessRule.php(149): yii\web\User->getIsGuest()
#10 C:\xampp\htdocs\hoclai01\vendor\yiisoft\yii2\filters\AccessRule.php(104): yii\filters\AccessRule->matchRole(Object(yii\web\User))
#11 C:\xampp\htdocs\hoclai01\vendor\yiisoft\yii2\filters\AccessControl.php(118): yii\filters\AccessRule->allows(Object(yii\base\InlineAction), Object(yii\web\User), Object(yii\web\Request))
#12 C:\xampp\htdocs\hoclai01\vendor\yiisoft\yii2\base\ActionFilter.php(71): yii\filters\AccessControl->beforeAction(Object(yii\base\InlineAction))
#13 [internal function]: yii\base\ActionFilter->beforeFilter(Object(yii\base\ActionEvent))
#14 C:\xampp\htdocs\hoclai01\vendor\yiisoft\yii2\base\Component.php(541): call_user_func(Array, Object(yii\base\ActionEvent))
#15 C:\xampp\htdocs\hoclai01\vendor\yiisoft\yii2\base\Controller.php(263): yii\base\Component->trigger('beforeAction', Object(yii\base\ActionEvent))
#16 C:\xampp\htdocs\hoclai01\vendor\yiisoft\yii2\web\Controller.php(108): yii\base\Controller->beforeAction(Object(yii\base\InlineAction))
#17 C:\xampp\htdocs\hoclai01\vendor\yiisoft\yii2\base\Controller.php(149): yii\web\Controller->beforeAction(Object(yii\base\InlineAction))
#18 C:\xampp\htdocs\hoclai01\vendor\yiisoft\yii2\base\Module.php(455): yii\base\Controller->runAction('', Array)
#19 C:\xampp\htdocs\hoclai01\vendor\yiisoft\yii2\web\Application.php(84): yii\base\Module->runAction('', Array)
#20 C:\xampp\htdocs\hoclai01\vendor\yiisoft\yii2\base\Application.php(375): yii\web\Application->handleRequest(Object(yii\web\Request))
#21 C:\xampp\htdocs\hoclai01\backend\web\index.php(18): yii\base\Application->run()
#22 {main}
Additional Information:
Array
(
    [0] => 42S22
    [1] => 1054
    [2] => Unknown column 'status' in 'where clause'
)

2015-10-13 09:57:02 [127.0.0.1][-][kgd37g60kel0t2ti6gbhk5vhm2][info][application] $_COOKIE = [
    'PHPSESSID' => 'kgd37g60kel0t2ti6gbhk5vhm2'
    '_identity' => 'b5a6d5c466f08e3f504d51962846b40e3bb458dfdc2af017e0981b1c5c8a10f8a:2:{i:0;s:9:\"_identity\";i:1;s:46:\"[1,\"2Fj5LmEZpu8Zb7nC-FyphfvFbI6UN1Q6\",2592000]\";}'
    '_csrf' => '7bd4e17057ebaed9d2de5f47b4eba1d1ab7b7b023fc90e3541de12ed921b6c83a:2:{i:0;s:5:\"_csrf\";i:1;s:32:\"pHzWEw1_I0sGX7an8coN8Ij6oo8FcFQp\";}'
]

$_SESSION = [
    '__flash' => []
    '__returnUrl' => '/'
    '__id' => 1
]

$_SERVER = [
    'MIBDIRS' => 'C:/xampp/php/extras/mibs'
    'MYSQL_HOME' => '\\xampp\\mysql\\bin'
    'OPENSSL_CONF' => 'C:/xampp/apache/bin/openssl.cnf'
    'PHP_PEAR_SYSCONF_DIR' => '\\xampp\\php'
    'PHPRC' => '\\xampp\\php'
    'TMP' => '\\xampp\\tmp'
    'HTTP_HOST' => 'backend.dev'
    'HTTP_CONNECTION' => 'keep-alive'
    'HTTP_CACHE_CONTROL' => 'max-age=0'
    'HTTP_ACCEPT' => 'text/html,application/xhtml+xml,application/xml;q=0.9,image/webp,*/*;q=0.8'
    'HTTP_UPGRADE_INSECURE_REQUESTS' => '1'
    'HTTP_USER_AGENT' => 'Mozilla/5.0 (Windows NT 6.3; WOW64) AppleWebKit/537.36 (KHTML, like Gecko) Chrome/45.0.2454.101 Safari/537.36'
    'HTTP_REFERER' => 'http://backend.dev/index.php?r=site%2Flogin'
    'HTTP_ACCEPT_ENCODING' => 'gzip, deflate, sdch'
    'HTTP_ACCEPT_LANGUAGE' => 'vi-VN,vi;q=0.8,fr-FR;q=0.6,fr;q=0.4,en-US;q=0.2,en;q=0.2'
    'HTTP_COOKIE' => 'PHPSESSID=kgd37g60kel0t2ti6gbhk5vhm2; _identity=b5a6d5c466f08e3f504d51962846b40e3bb458dfdc2af017e0981b1c5c8a10f8a%3A2%3A%7Bi%3A0%3Bs%3A9%3A%22_identity%22%3Bi%3A1%3Bs%3A46%3A%22%5B1%2C%222Fj5LmEZpu8Zb7nC-FyphfvFbI6UN1Q6%22%2C2592000%5D%22%3B%7D; _csrf=7bd4e17057ebaed9d2de5f47b4eba1d1ab7b7b023fc90e3541de12ed921b6c83a%3A2%3A%7Bi%3A0%3Bs%3A5%3A%22_csrf%22%3Bi%3A1%3Bs%3A32%3A%22pHzWEw1_I0sGX7an8coN8Ij6oo8FcFQp%22%3B%7D'
    'PATH' => 'C:\\ProgramData\\Oracle\\Java\\javapath;C:\\Program Files (x86)\\NVIDIA Corporation\\PhysX\\Common;C:\\Windows\\system32;C:\\Windows;C:\\Windows\\System32\\Wbem;C:\\Windows\\System32\\WindowsPowerShell\\v1.0\\;C:\\Program Files (x86)\\Skype\\Phone\\;C:\\xampp\\php;C:\\adb;C:\\Program Files\\TortoiseGit\\bin'
    'SystemRoot' => 'C:\\Windows'
    'COMSPEC' => 'C:\\Windows\\system32\\cmd.exe'
    'PATHEXT' => '.COM;.EXE;.BAT;.CMD;.VBS;.VBE;.JS;.JSE;.WSF;.WSH;.MSC'
    'WINDIR' => 'C:\\Windows'
    'SERVER_SIGNATURE' => '<address>Apache/2.4.16 (Win32) OpenSSL/1.0.1p PHP/5.6.12 Server at backend.dev Port 80</address>
'
    'SERVER_SOFTWARE' => 'Apache/2.4.16 (Win32) OpenSSL/1.0.1p PHP/5.6.12'
    'SERVER_NAME' => 'backend.dev'
    'SERVER_ADDR' => '127.0.0.1'
    'SERVER_PORT' => '80'
    'REMOTE_ADDR' => '127.0.0.1'
    'DOCUMENT_ROOT' => 'C:/xampp/htdocs/hoclai01/backend/web/'
    'REQUEST_SCHEME' => 'http'
    'CONTEXT_PREFIX' => ''
    'CONTEXT_DOCUMENT_ROOT' => 'C:/xampp/htdocs/hoclai01/backend/web/'
    'SERVER_ADMIN' => 'postmaster@localhost'
    'SCRIPT_FILENAME' => 'C:/xampp/htdocs/hoclai01/backend/web/index.php'
    'REMOTE_PORT' => '62556'
    'GATEWAY_INTERFACE' => 'CGI/1.1'
    'SERVER_PROTOCOL' => 'HTTP/1.1'
    'REQUEST_METHOD' => 'GET'
    'QUERY_STRING' => ''
    'REQUEST_URI' => '/index.php'
    'SCRIPT_NAME' => '/index.php'
    'PHP_SELF' => '/index.php'
    'REQUEST_TIME_FLOAT' => 1444723022.291
    'REQUEST_TIME' => 1444723022
]
2015-10-13 10:00:10 [127.0.0.1][-][kgd37g60kel0t2ti6gbhk5vhm2][error][yii\db\Exception] exception 'PDOException' with message 'SQLSTATE[42S22]: Column not found: 1054 Unknown column 'status' in 'where clause'' in C:\xampp\htdocs\hoclai01\vendor\yiisoft\yii2\db\Command.php:837
Stack trace:
#0 C:\xampp\htdocs\hoclai01\vendor\yiisoft\yii2\db\Command.php(837): PDOStatement->execute()
#1 C:\xampp\htdocs\hoclai01\vendor\yiisoft\yii2\db\Command.php(373): yii\db\Command->queryInternal('fetch', NULL)
#2 C:\xampp\htdocs\hoclai01\vendor\yiisoft\yii2\db\Query.php(243): yii\db\Command->queryOne()
#3 C:\xampp\htdocs\hoclai01\vendor\yiisoft\yii2\db\ActiveQuery.php(300): yii\db\Query->one(NULL)
#4 C:\xampp\htdocs\hoclai01\vendor\yiisoft\yii2\db\BaseActiveRecord.php(102): yii\db\ActiveQuery->one()
#5 C:\xampp\htdocs\hoclai01\common\models\User.php(63): yii\db\BaseActiveRecord::findOne(Array)
#6 C:\xampp\htdocs\hoclai01\vendor\yiisoft\yii2\web\User.php(614): common\models\User::findIdentity(1)
#7 C:\xampp\htdocs\hoclai01\vendor\yiisoft\yii2\web\User.php(176): yii\web\User->renewAuthStatus()
#8 C:\xampp\htdocs\hoclai01\vendor\yiisoft\yii2\web\User.php(346): yii\web\User->getIdentity()
#9 C:\xampp\htdocs\hoclai01\vendor\yiisoft\yii2\filters\AccessRule.php(149): yii\web\User->getIsGuest()
#10 C:\xampp\htdocs\hoclai01\vendor\yiisoft\yii2\filters\AccessRule.php(104): yii\filters\AccessRule->matchRole(Object(yii\web\User))
#11 C:\xampp\htdocs\hoclai01\vendor\yiisoft\yii2\filters\AccessControl.php(118): yii\filters\AccessRule->allows(Object(yii\base\InlineAction), Object(yii\web\User), Object(yii\web\Request))
#12 C:\xampp\htdocs\hoclai01\vendor\yiisoft\yii2\base\ActionFilter.php(71): yii\filters\AccessControl->beforeAction(Object(yii\base\InlineAction))
#13 [internal function]: yii\base\ActionFilter->beforeFilter(Object(yii\base\ActionEvent))
#14 C:\xampp\htdocs\hoclai01\vendor\yiisoft\yii2\base\Component.php(541): call_user_func(Array, Object(yii\base\ActionEvent))
#15 C:\xampp\htdocs\hoclai01\vendor\yiisoft\yii2\base\Controller.php(263): yii\base\Component->trigger('beforeAction', Object(yii\base\ActionEvent))
#16 C:\xampp\htdocs\hoclai01\vendor\yiisoft\yii2\web\Controller.php(108): yii\base\Controller->beforeAction(Object(yii\base\InlineAction))
#17 C:\xampp\htdocs\hoclai01\vendor\yiisoft\yii2\base\Controller.php(149): yii\web\Controller->beforeAction(Object(yii\base\InlineAction))
#18 C:\xampp\htdocs\hoclai01\vendor\yiisoft\yii2\base\Module.php(455): yii\base\Controller->runAction('', Array)
#19 C:\xampp\htdocs\hoclai01\vendor\yiisoft\yii2\web\Application.php(84): yii\base\Module->runAction('', Array)
#20 C:\xampp\htdocs\hoclai01\vendor\yiisoft\yii2\base\Application.php(375): yii\web\Application->handleRequest(Object(yii\web\Request))
#21 C:\xampp\htdocs\hoclai01\backend\web\index.php(18): yii\base\Application->run()
#22 {main}

Next exception 'yii\db\Exception' with message 'SQLSTATE[42S22]: Column not found: 1054 Unknown column 'status' in 'where clause'
The SQL being executed was: SELECT * FROM `user` WHERE (`id`=1) AND (`status`=10)' in C:\xampp\htdocs\hoclai01\vendor\yiisoft\yii2\db\Schema.php:628
Stack trace:
#0 C:\xampp\htdocs\hoclai01\vendor\yiisoft\yii2\db\Command.php(852): yii\db\Schema->convertException(Object(PDOException), 'SELECT * FROM `...')
#1 C:\xampp\htdocs\hoclai01\vendor\yiisoft\yii2\db\Command.php(373): yii\db\Command->queryInternal('fetch', NULL)
#2 C:\xampp\htdocs\hoclai01\vendor\yiisoft\yii2\db\Query.php(243): yii\db\Command->queryOne()
#3 C:\xampp\htdocs\hoclai01\vendor\yiisoft\yii2\db\ActiveQuery.php(300): yii\db\Query->one(NULL)
#4 C:\xampp\htdocs\hoclai01\vendor\yiisoft\yii2\db\BaseActiveRecord.php(102): yii\db\ActiveQuery->one()
#5 C:\xampp\htdocs\hoclai01\common\models\User.php(63): yii\db\BaseActiveRecord::findOne(Array)
#6 C:\xampp\htdocs\hoclai01\vendor\yiisoft\yii2\web\User.php(614): common\models\User::findIdentity(1)
#7 C:\xampp\htdocs\hoclai01\vendor\yiisoft\yii2\web\User.php(176): yii\web\User->renewAuthStatus()
#8 C:\xampp\htdocs\hoclai01\vendor\yiisoft\yii2\web\User.php(346): yii\web\User->getIdentity()
#9 C:\xampp\htdocs\hoclai01\vendor\yiisoft\yii2\filters\AccessRule.php(149): yii\web\User->getIsGuest()
#10 C:\xampp\htdocs\hoclai01\vendor\yiisoft\yii2\filters\AccessRule.php(104): yii\filters\AccessRule->matchRole(Object(yii\web\User))
#11 C:\xampp\htdocs\hoclai01\vendor\yiisoft\yii2\filters\AccessControl.php(118): yii\filters\AccessRule->allows(Object(yii\base\InlineAction), Object(yii\web\User), Object(yii\web\Request))
#12 C:\xampp\htdocs\hoclai01\vendor\yiisoft\yii2\base\ActionFilter.php(71): yii\filters\AccessControl->beforeAction(Object(yii\base\InlineAction))
#13 [internal function]: yii\base\ActionFilter->beforeFilter(Object(yii\base\ActionEvent))
#14 C:\xampp\htdocs\hoclai01\vendor\yiisoft\yii2\base\Component.php(541): call_user_func(Array, Object(yii\base\ActionEvent))
#15 C:\xampp\htdocs\hoclai01\vendor\yiisoft\yii2\base\Controller.php(263): yii\base\Component->trigger('beforeAction', Object(yii\base\ActionEvent))
#16 C:\xampp\htdocs\hoclai01\vendor\yiisoft\yii2\web\Controller.php(108): yii\base\Controller->beforeAction(Object(yii\base\InlineAction))
#17 C:\xampp\htdocs\hoclai01\vendor\yiisoft\yii2\base\Controller.php(149): yii\web\Controller->beforeAction(Object(yii\base\InlineAction))
#18 C:\xampp\htdocs\hoclai01\vendor\yiisoft\yii2\base\Module.php(455): yii\base\Controller->runAction('', Array)
#19 C:\xampp\htdocs\hoclai01\vendor\yiisoft\yii2\web\Application.php(84): yii\base\Module->runAction('', Array)
#20 C:\xampp\htdocs\hoclai01\vendor\yiisoft\yii2\base\Application.php(375): yii\web\Application->handleRequest(Object(yii\web\Request))
#21 C:\xampp\htdocs\hoclai01\backend\web\index.php(18): yii\base\Application->run()
#22 {main}
Additional Information:
Array
(
    [0] => 42S22
    [1] => 1054
    [2] => Unknown column 'status' in 'where clause'
)

2015-10-13 10:00:10 [127.0.0.1][-][kgd37g60kel0t2ti6gbhk5vhm2][info][application] $_COOKIE = [
    'PHPSESSID' => 'kgd37g60kel0t2ti6gbhk5vhm2'
    '_identity' => 'b5a6d5c466f08e3f504d51962846b40e3bb458dfdc2af017e0981b1c5c8a10f8a:2:{i:0;s:9:\"_identity\";i:1;s:46:\"[1,\"2Fj5LmEZpu8Zb7nC-FyphfvFbI6UN1Q6\",2592000]\";}'
    '_csrf' => '7bd4e17057ebaed9d2de5f47b4eba1d1ab7b7b023fc90e3541de12ed921b6c83a:2:{i:0;s:5:\"_csrf\";i:1;s:32:\"pHzWEw1_I0sGX7an8coN8Ij6oo8FcFQp\";}'
]

$_SESSION = [
    '__flash' => []
    '__returnUrl' => '/'
    '__id' => 1
]

$_SERVER = [
    'MIBDIRS' => 'C:/xampp/php/extras/mibs'
    'MYSQL_HOME' => '\\xampp\\mysql\\bin'
    'OPENSSL_CONF' => 'C:/xampp/apache/bin/openssl.cnf'
    'PHP_PEAR_SYSCONF_DIR' => '\\xampp\\php'
    'PHPRC' => '\\xampp\\php'
    'TMP' => '\\xampp\\tmp'
    'HTTP_HOST' => 'backend.dev'
    'HTTP_CONNECTION' => 'keep-alive'
    'HTTP_CACHE_CONTROL' => 'max-age=0'
    'HTTP_ACCEPT' => 'text/html,application/xhtml+xml,application/xml;q=0.9,image/webp,*/*;q=0.8'
    'HTTP_UPGRADE_INSECURE_REQUESTS' => '1'
    'HTTP_USER_AGENT' => 'Mozilla/5.0 (Windows NT 6.3; WOW64) AppleWebKit/537.36 (KHTML, like Gecko) Chrome/45.0.2454.101 Safari/537.36'
    'HTTP_REFERER' => 'http://backend.dev/index.php?r=site%2Flogin'
    'HTTP_ACCEPT_ENCODING' => 'gzip, deflate, sdch'
    'HTTP_ACCEPT_LANGUAGE' => 'vi-VN,vi;q=0.8,fr-FR;q=0.6,fr;q=0.4,en-US;q=0.2,en;q=0.2'
    'HTTP_COOKIE' => 'PHPSESSID=kgd37g60kel0t2ti6gbhk5vhm2; _identity=b5a6d5c466f08e3f504d51962846b40e3bb458dfdc2af017e0981b1c5c8a10f8a%3A2%3A%7Bi%3A0%3Bs%3A9%3A%22_identity%22%3Bi%3A1%3Bs%3A46%3A%22%5B1%2C%222Fj5LmEZpu8Zb7nC-FyphfvFbI6UN1Q6%22%2C2592000%5D%22%3B%7D; _csrf=7bd4e17057ebaed9d2de5f47b4eba1d1ab7b7b023fc90e3541de12ed921b6c83a%3A2%3A%7Bi%3A0%3Bs%3A5%3A%22_csrf%22%3Bi%3A1%3Bs%3A32%3A%22pHzWEw1_I0sGX7an8coN8Ij6oo8FcFQp%22%3B%7D'
    'PATH' => 'C:\\ProgramData\\Oracle\\Java\\javapath;C:\\Program Files (x86)\\NVIDIA Corporation\\PhysX\\Common;C:\\Windows\\system32;C:\\Windows;C:\\Windows\\System32\\Wbem;C:\\Windows\\System32\\WindowsPowerShell\\v1.0\\;C:\\Program Files (x86)\\Skype\\Phone\\;C:\\xampp\\php;C:\\adb;C:\\Program Files\\TortoiseGit\\bin'
    'SystemRoot' => 'C:\\Windows'
    'COMSPEC' => 'C:\\Windows\\system32\\cmd.exe'
    'PATHEXT' => '.COM;.EXE;.BAT;.CMD;.VBS;.VBE;.JS;.JSE;.WSF;.WSH;.MSC'
    'WINDIR' => 'C:\\Windows'
    'SERVER_SIGNATURE' => '<address>Apache/2.4.16 (Win32) OpenSSL/1.0.1p PHP/5.6.12 Server at backend.dev Port 80</address>
'
    'SERVER_SOFTWARE' => 'Apache/2.4.16 (Win32) OpenSSL/1.0.1p PHP/5.6.12'
    'SERVER_NAME' => 'backend.dev'
    'SERVER_ADDR' => '127.0.0.1'
    'SERVER_PORT' => '80'
    'REMOTE_ADDR' => '127.0.0.1'
    'DOCUMENT_ROOT' => 'C:/xampp/htdocs/hoclai01/backend/web/'
    'REQUEST_SCHEME' => 'http'
    'CONTEXT_PREFIX' => ''
    'CONTEXT_DOCUMENT_ROOT' => 'C:/xampp/htdocs/hoclai01/backend/web/'
    'SERVER_ADMIN' => 'postmaster@localhost'
    'SCRIPT_FILENAME' => 'C:/xampp/htdocs/hoclai01/backend/web/index.php'
    'REMOTE_PORT' => '63199'
    'GATEWAY_INTERFACE' => 'CGI/1.1'
    'SERVER_PROTOCOL' => 'HTTP/1.1'
    'REQUEST_METHOD' => 'GET'
    'QUERY_STRING' => ''
    'REQUEST_URI' => '/index.php'
    'SCRIPT_NAME' => '/index.php'
    'PHP_SELF' => '/index.php'
    'REQUEST_TIME_FLOAT' => 1444723210.761
    'REQUEST_TIME' => 1444723210
]
2015-10-13 10:00:11 [127.0.0.1][-][kgd37g60kel0t2ti6gbhk5vhm2][error][yii\db\Exception] exception 'PDOException' with message 'SQLSTATE[42S22]: Column not found: 1054 Unknown column 'status' in 'where clause'' in C:\xampp\htdocs\hoclai01\vendor\yiisoft\yii2\db\Command.php:837
Stack trace:
#0 C:\xampp\htdocs\hoclai01\vendor\yiisoft\yii2\db\Command.php(837): PDOStatement->execute()
#1 C:\xampp\htdocs\hoclai01\vendor\yiisoft\yii2\db\Command.php(373): yii\db\Command->queryInternal('fetch', NULL)
#2 C:\xampp\htdocs\hoclai01\vendor\yiisoft\yii2\db\Query.php(243): yii\db\Command->queryOne()
#3 C:\xampp\htdocs\hoclai01\vendor\yiisoft\yii2\db\ActiveQuery.php(300): yii\db\Query->one(NULL)
#4 C:\xampp\htdocs\hoclai01\vendor\yiisoft\yii2\db\BaseActiveRecord.php(102): yii\db\ActiveQuery->one()
#5 C:\xampp\htdocs\hoclai01\common\models\User.php(63): yii\db\BaseActiveRecord::findOne(Array)
#6 C:\xampp\htdocs\hoclai01\vendor\yiisoft\yii2\web\User.php(614): common\models\User::findIdentity(1)
#7 C:\xampp\htdocs\hoclai01\vendor\yiisoft\yii2\web\User.php(176): yii\web\User->renewAuthStatus()
#8 C:\xampp\htdocs\hoclai01\vendor\yiisoft\yii2\web\User.php(346): yii\web\User->getIdentity()
#9 C:\xampp\htdocs\hoclai01\vendor\yiisoft\yii2\filters\AccessRule.php(149): yii\web\User->getIsGuest()
#10 C:\xampp\htdocs\hoclai01\vendor\yiisoft\yii2\filters\AccessRule.php(104): yii\filters\AccessRule->matchRole(Object(yii\web\User))
#11 C:\xampp\htdocs\hoclai01\vendor\yiisoft\yii2\filters\AccessControl.php(118): yii\filters\AccessRule->allows(Object(yii\base\InlineAction), Object(yii\web\User), Object(yii\web\Request))
#12 C:\xampp\htdocs\hoclai01\vendor\yiisoft\yii2\base\ActionFilter.php(71): yii\filters\AccessControl->beforeAction(Object(yii\base\InlineAction))
#13 [internal function]: yii\base\ActionFilter->beforeFilter(Object(yii\base\ActionEvent))
#14 C:\xampp\htdocs\hoclai01\vendor\yiisoft\yii2\base\Component.php(541): call_user_func(Array, Object(yii\base\ActionEvent))
#15 C:\xampp\htdocs\hoclai01\vendor\yiisoft\yii2\base\Controller.php(263): yii\base\Component->trigger('beforeAction', Object(yii\base\ActionEvent))
#16 C:\xampp\htdocs\hoclai01\vendor\yiisoft\yii2\web\Controller.php(108): yii\base\Controller->beforeAction(Object(yii\base\InlineAction))
#17 C:\xampp\htdocs\hoclai01\vendor\yiisoft\yii2\base\Controller.php(149): yii\web\Controller->beforeAction(Object(yii\base\InlineAction))
#18 C:\xampp\htdocs\hoclai01\vendor\yiisoft\yii2\base\Module.php(455): yii\base\Controller->runAction('', Array)
#19 C:\xampp\htdocs\hoclai01\vendor\yiisoft\yii2\web\Application.php(84): yii\base\Module->runAction('', Array)
#20 C:\xampp\htdocs\hoclai01\vendor\yiisoft\yii2\base\Application.php(375): yii\web\Application->handleRequest(Object(yii\web\Request))
#21 C:\xampp\htdocs\hoclai01\backend\web\index.php(18): yii\base\Application->run()
#22 {main}

Next exception 'yii\db\Exception' with message 'SQLSTATE[42S22]: Column not found: 1054 Unknown column 'status' in 'where clause'
The SQL being executed was: SELECT * FROM `user` WHERE (`id`=1) AND (`status`=10)' in C:\xampp\htdocs\hoclai01\vendor\yiisoft\yii2\db\Schema.php:628
Stack trace:
#0 C:\xampp\htdocs\hoclai01\vendor\yiisoft\yii2\db\Command.php(852): yii\db\Schema->convertException(Object(PDOException), 'SELECT * FROM `...')
#1 C:\xampp\htdocs\hoclai01\vendor\yiisoft\yii2\db\Command.php(373): yii\db\Command->queryInternal('fetch', NULL)
#2 C:\xampp\htdocs\hoclai01\vendor\yiisoft\yii2\db\Query.php(243): yii\db\Command->queryOne()
#3 C:\xampp\htdocs\hoclai01\vendor\yiisoft\yii2\db\ActiveQuery.php(300): yii\db\Query->one(NULL)
#4 C:\xampp\htdocs\hoclai01\vendor\yiisoft\yii2\db\BaseActiveRecord.php(102): yii\db\ActiveQuery->one()
#5 C:\xampp\htdocs\hoclai01\common\models\User.php(63): yii\db\BaseActiveRecord::findOne(Array)
#6 C:\xampp\htdocs\hoclai01\vendor\yiisoft\yii2\web\User.php(614): common\models\User::findIdentity(1)
#7 C:\xampp\htdocs\hoclai01\vendor\yiisoft\yii2\web\User.php(176): yii\web\User->renewAuthStatus()
#8 C:\xampp\htdocs\hoclai01\vendor\yiisoft\yii2\web\User.php(346): yii\web\User->getIdentity()
#9 C:\xampp\htdocs\hoclai01\vendor\yiisoft\yii2\filters\AccessRule.php(149): yii\web\User->getIsGuest()
#10 C:\xampp\htdocs\hoclai01\vendor\yiisoft\yii2\filters\AccessRule.php(104): yii\filters\AccessRule->matchRole(Object(yii\web\User))
#11 C:\xampp\htdocs\hoclai01\vendor\yiisoft\yii2\filters\AccessControl.php(118): yii\filters\AccessRule->allows(Object(yii\base\InlineAction), Object(yii\web\User), Object(yii\web\Request))
#12 C:\xampp\htdocs\hoclai01\vendor\yiisoft\yii2\base\ActionFilter.php(71): yii\filters\AccessControl->beforeAction(Object(yii\base\InlineAction))
#13 [internal function]: yii\base\ActionFilter->beforeFilter(Object(yii\base\ActionEvent))
#14 C:\xampp\htdocs\hoclai01\vendor\yiisoft\yii2\base\Component.php(541): call_user_func(Array, Object(yii\base\ActionEvent))
#15 C:\xampp\htdocs\hoclai01\vendor\yiisoft\yii2\base\Controller.php(263): yii\base\Component->trigger('beforeAction', Object(yii\base\ActionEvent))
#16 C:\xampp\htdocs\hoclai01\vendor\yiisoft\yii2\web\Controller.php(108): yii\base\Controller->beforeAction(Object(yii\base\InlineAction))
#17 C:\xampp\htdocs\hoclai01\vendor\yiisoft\yii2\base\Controller.php(149): yii\web\Controller->beforeAction(Object(yii\base\InlineAction))
#18 C:\xampp\htdocs\hoclai01\vendor\yiisoft\yii2\base\Module.php(455): yii\base\Controller->runAction('', Array)
#19 C:\xampp\htdocs\hoclai01\vendor\yiisoft\yii2\web\Application.php(84): yii\base\Module->runAction('', Array)
#20 C:\xampp\htdocs\hoclai01\vendor\yiisoft\yii2\base\Application.php(375): yii\web\Application->handleRequest(Object(yii\web\Request))
#21 C:\xampp\htdocs\hoclai01\backend\web\index.php(18): yii\base\Application->run()
#22 {main}
Additional Information:
Array
(
    [0] => 42S22
    [1] => 1054
    [2] => Unknown column 'status' in 'where clause'
)

2015-10-13 10:00:11 [127.0.0.1][-][kgd37g60kel0t2ti6gbhk5vhm2][info][application] $_COOKIE = [
    'PHPSESSID' => 'kgd37g60kel0t2ti6gbhk5vhm2'
    '_identity' => 'b5a6d5c466f08e3f504d51962846b40e3bb458dfdc2af017e0981b1c5c8a10f8a:2:{i:0;s:9:\"_identity\";i:1;s:46:\"[1,\"2Fj5LmEZpu8Zb7nC-FyphfvFbI6UN1Q6\",2592000]\";}'
    '_csrf' => '7bd4e17057ebaed9d2de5f47b4eba1d1ab7b7b023fc90e3541de12ed921b6c83a:2:{i:0;s:5:\"_csrf\";i:1;s:32:\"pHzWEw1_I0sGX7an8coN8Ij6oo8FcFQp\";}'
]

$_SESSION = [
    '__flash' => []
    '__returnUrl' => '/'
    '__id' => 1
]

$_SERVER = [
    'MIBDIRS' => 'C:/xampp/php/extras/mibs'
    'MYSQL_HOME' => '\\xampp\\mysql\\bin'
    'OPENSSL_CONF' => 'C:/xampp/apache/bin/openssl.cnf'
    'PHP_PEAR_SYSCONF_DIR' => '\\xampp\\php'
    'PHPRC' => '\\xampp\\php'
    'TMP' => '\\xampp\\tmp'
    'HTTP_HOST' => 'backend.dev'
    'HTTP_CONNECTION' => 'keep-alive'
    'HTTP_CACHE_CONTROL' => 'max-age=0'
    'HTTP_ACCEPT' => 'text/html,application/xhtml+xml,application/xml;q=0.9,image/webp,*/*;q=0.8'
    'HTTP_UPGRADE_INSECURE_REQUESTS' => '1'
    'HTTP_USER_AGENT' => 'Mozilla/5.0 (Windows NT 6.3; WOW64) AppleWebKit/537.36 (KHTML, like Gecko) Chrome/45.0.2454.101 Safari/537.36'
    'HTTP_REFERER' => 'http://backend.dev/index.php?r=site%2Flogin'
    'HTTP_ACCEPT_ENCODING' => 'gzip, deflate, sdch'
    'HTTP_ACCEPT_LANGUAGE' => 'vi-VN,vi;q=0.8,fr-FR;q=0.6,fr;q=0.4,en-US;q=0.2,en;q=0.2'
    'HTTP_COOKIE' => 'PHPSESSID=kgd37g60kel0t2ti6gbhk5vhm2; _identity=b5a6d5c466f08e3f504d51962846b40e3bb458dfdc2af017e0981b1c5c8a10f8a%3A2%3A%7Bi%3A0%3Bs%3A9%3A%22_identity%22%3Bi%3A1%3Bs%3A46%3A%22%5B1%2C%222Fj5LmEZpu8Zb7nC-FyphfvFbI6UN1Q6%22%2C2592000%5D%22%3B%7D; _csrf=7bd4e17057ebaed9d2de5f47b4eba1d1ab7b7b023fc90e3541de12ed921b6c83a%3A2%3A%7Bi%3A0%3Bs%3A5%3A%22_csrf%22%3Bi%3A1%3Bs%3A32%3A%22pHzWEw1_I0sGX7an8coN8Ij6oo8FcFQp%22%3B%7D'
    'PATH' => 'C:\\ProgramData\\Oracle\\Java\\javapath;C:\\Program Files (x86)\\NVIDIA Corporation\\PhysX\\Common;C:\\Windows\\system32;C:\\Windows;C:\\Windows\\System32\\Wbem;C:\\Windows\\System32\\WindowsPowerShell\\v1.0\\;C:\\Program Files (x86)\\Skype\\Phone\\;C:\\xampp\\php;C:\\adb;C:\\Program Files\\TortoiseGit\\bin'
    'SystemRoot' => 'C:\\Windows'
    'COMSPEC' => 'C:\\Windows\\system32\\cmd.exe'
    'PATHEXT' => '.COM;.EXE;.BAT;.CMD;.VBS;.VBE;.JS;.JSE;.WSF;.WSH;.MSC'
    'WINDIR' => 'C:\\Windows'
    'SERVER_SIGNATURE' => '<address>Apache/2.4.16 (Win32) OpenSSL/1.0.1p PHP/5.6.12 Server at backend.dev Port 80</address>
'
    'SERVER_SOFTWARE' => 'Apache/2.4.16 (Win32) OpenSSL/1.0.1p PHP/5.6.12'
    'SERVER_NAME' => 'backend.dev'
    'SERVER_ADDR' => '127.0.0.1'
    'SERVER_PORT' => '80'
    'REMOTE_ADDR' => '127.0.0.1'
    'DOCUMENT_ROOT' => 'C:/xampp/htdocs/hoclai01/backend/web/'
    'REQUEST_SCHEME' => 'http'
    'CONTEXT_PREFIX' => ''
    'CONTEXT_DOCUMENT_ROOT' => 'C:/xampp/htdocs/hoclai01/backend/web/'
    'SERVER_ADMIN' => 'postmaster@localhost'
    'SCRIPT_FILENAME' => 'C:/xampp/htdocs/hoclai01/backend/web/index.php'
    'REMOTE_PORT' => '63207'
    'GATEWAY_INTERFACE' => 'CGI/1.1'
    'SERVER_PROTOCOL' => 'HTTP/1.1'
    'REQUEST_METHOD' => 'GET'
    'QUERY_STRING' => ''
    'REQUEST_URI' => '/index.php'
    'SCRIPT_NAME' => '/index.php'
    'PHP_SELF' => '/index.php'
    'REQUEST_TIME_FLOAT' => 1444723211.662
    'REQUEST_TIME' => 1444723211
]
2015-10-13 10:16:45 [127.0.0.1][-][kgd37g60kel0t2ti6gbhk5vhm2][error][yii\db\Exception] exception 'PDOException' with message 'SQLSTATE[42S22]: Column not found: 1054 Unknown column 'status' in 'where clause'' in C:\xampp\htdocs\hoclai01\vendor\yiisoft\yii2\db\Command.php:837
Stack trace:
#0 C:\xampp\htdocs\hoclai01\vendor\yiisoft\yii2\db\Command.php(837): PDOStatement->execute()
#1 C:\xampp\htdocs\hoclai01\vendor\yiisoft\yii2\db\Command.php(373): yii\db\Command->queryInternal('fetch', NULL)
#2 C:\xampp\htdocs\hoclai01\vendor\yiisoft\yii2\db\Query.php(243): yii\db\Command->queryOne()
#3 C:\xampp\htdocs\hoclai01\vendor\yiisoft\yii2\db\ActiveQuery.php(300): yii\db\Query->one(NULL)
#4 C:\xampp\htdocs\hoclai01\vendor\yiisoft\yii2\db\BaseActiveRecord.php(102): yii\db\ActiveQuery->one()
#5 C:\xampp\htdocs\hoclai01\common\models\User.php(63): yii\db\BaseActiveRecord::findOne(Array)
#6 C:\xampp\htdocs\hoclai01\vendor\yiisoft\yii2\web\User.php(614): common\models\User::findIdentity(1)
#7 C:\xampp\htdocs\hoclai01\vendor\yiisoft\yii2\web\User.php(176): yii\web\User->renewAuthStatus()
#8 C:\xampp\htdocs\hoclai01\vendor\yiisoft\yii2\web\User.php(346): yii\web\User->getIdentity()
#9 C:\xampp\htdocs\hoclai01\vendor\yiisoft\yii2\filters\AccessRule.php(149): yii\web\User->getIsGuest()
#10 C:\xampp\htdocs\hoclai01\vendor\yiisoft\yii2\filters\AccessRule.php(104): yii\filters\AccessRule->matchRole(Object(yii\web\User))
#11 C:\xampp\htdocs\hoclai01\vendor\yiisoft\yii2\filters\AccessControl.php(118): yii\filters\AccessRule->allows(Object(yii\base\InlineAction), Object(yii\web\User), Object(yii\web\Request))
#12 C:\xampp\htdocs\hoclai01\vendor\yiisoft\yii2\base\ActionFilter.php(71): yii\filters\AccessControl->beforeAction(Object(yii\base\InlineAction))
#13 [internal function]: yii\base\ActionFilter->beforeFilter(Object(yii\base\ActionEvent))
#14 C:\xampp\htdocs\hoclai01\vendor\yiisoft\yii2\base\Component.php(541): call_user_func(Array, Object(yii\base\ActionEvent))
#15 C:\xampp\htdocs\hoclai01\vendor\yiisoft\yii2\base\Controller.php(263): yii\base\Component->trigger('beforeAction', Object(yii\base\ActionEvent))
#16 C:\xampp\htdocs\hoclai01\vendor\yiisoft\yii2\web\Controller.php(108): yii\base\Controller->beforeAction(Object(yii\base\InlineAction))
#17 C:\xampp\htdocs\hoclai01\vendor\yiisoft\yii2\base\Controller.php(149): yii\web\Controller->beforeAction(Object(yii\base\InlineAction))
#18 C:\xampp\htdocs\hoclai01\vendor\yiisoft\yii2\base\Module.php(455): yii\base\Controller->runAction('', Array)
#19 C:\xampp\htdocs\hoclai01\vendor\yiisoft\yii2\web\Application.php(84): yii\base\Module->runAction('', Array)
#20 C:\xampp\htdocs\hoclai01\vendor\yiisoft\yii2\base\Application.php(375): yii\web\Application->handleRequest(Object(yii\web\Request))
#21 C:\xampp\htdocs\hoclai01\backend\web\index.php(18): yii\base\Application->run()
#22 {main}

Next exception 'yii\db\Exception' with message 'SQLSTATE[42S22]: Column not found: 1054 Unknown column 'status' in 'where clause'
The SQL being executed was: SELECT * FROM `user` WHERE (`id`=1) AND (`status`=10)' in C:\xampp\htdocs\hoclai01\vendor\yiisoft\yii2\db\Schema.php:628
Stack trace:
#0 C:\xampp\htdocs\hoclai01\vendor\yiisoft\yii2\db\Command.php(852): yii\db\Schema->convertException(Object(PDOException), 'SELECT * FROM `...')
#1 C:\xampp\htdocs\hoclai01\vendor\yiisoft\yii2\db\Command.php(373): yii\db\Command->queryInternal('fetch', NULL)
#2 C:\xampp\htdocs\hoclai01\vendor\yiisoft\yii2\db\Query.php(243): yii\db\Command->queryOne()
#3 C:\xampp\htdocs\hoclai01\vendor\yiisoft\yii2\db\ActiveQuery.php(300): yii\db\Query->one(NULL)
#4 C:\xampp\htdocs\hoclai01\vendor\yiisoft\yii2\db\BaseActiveRecord.php(102): yii\db\ActiveQuery->one()
#5 C:\xampp\htdocs\hoclai01\common\models\User.php(63): yii\db\BaseActiveRecord::findOne(Array)
#6 C:\xampp\htdocs\hoclai01\vendor\yiisoft\yii2\web\User.php(614): common\models\User::findIdentity(1)
#7 C:\xampp\htdocs\hoclai01\vendor\yiisoft\yii2\web\User.php(176): yii\web\User->renewAuthStatus()
#8 C:\xampp\htdocs\hoclai01\vendor\yiisoft\yii2\web\User.php(346): yii\web\User->getIdentity()
#9 C:\xampp\htdocs\hoclai01\vendor\yiisoft\yii2\filters\AccessRule.php(149): yii\web\User->getIsGuest()
#10 C:\xampp\htdocs\hoclai01\vendor\yiisoft\yii2\filters\AccessRule.php(104): yii\filters\AccessRule->matchRole(Object(yii\web\User))
#11 C:\xampp\htdocs\hoclai01\vendor\yiisoft\yii2\filters\AccessControl.php(118): yii\filters\AccessRule->allows(Object(yii\base\InlineAction), Object(yii\web\User), Object(yii\web\Request))
#12 C:\xampp\htdocs\hoclai01\vendor\yiisoft\yii2\base\ActionFilter.php(71): yii\filters\AccessControl->beforeAction(Object(yii\base\InlineAction))
#13 [internal function]: yii\base\ActionFilter->beforeFilter(Object(yii\base\ActionEvent))
#14 C:\xampp\htdocs\hoclai01\vendor\yiisoft\yii2\base\Component.php(541): call_user_func(Array, Object(yii\base\ActionEvent))
#15 C:\xampp\htdocs\hoclai01\vendor\yiisoft\yii2\base\Controller.php(263): yii\base\Component->trigger('beforeAction', Object(yii\base\ActionEvent))
#16 C:\xampp\htdocs\hoclai01\vendor\yiisoft\yii2\web\Controller.php(108): yii\base\Controller->beforeAction(Object(yii\base\InlineAction))
#17 C:\xampp\htdocs\hoclai01\vendor\yiisoft\yii2\base\Controller.php(149): yii\web\Controller->beforeAction(Object(yii\base\InlineAction))
#18 C:\xampp\htdocs\hoclai01\vendor\yiisoft\yii2\base\Module.php(455): yii\base\Controller->runAction('', Array)
#19 C:\xampp\htdocs\hoclai01\vendor\yiisoft\yii2\web\Application.php(84): yii\base\Module->runAction('', Array)
#20 C:\xampp\htdocs\hoclai01\vendor\yiisoft\yii2\base\Application.php(375): yii\web\Application->handleRequest(Object(yii\web\Request))
#21 C:\xampp\htdocs\hoclai01\backend\web\index.php(18): yii\base\Application->run()
#22 {main}
Additional Information:
Array
(
    [0] => 42S22
    [1] => 1054
    [2] => Unknown column 'status' in 'where clause'
)

2015-10-13 10:16:45 [127.0.0.1][-][kgd37g60kel0t2ti6gbhk5vhm2][info][application] $_COOKIE = [
    'PHPSESSID' => 'kgd37g60kel0t2ti6gbhk5vhm2'
    '_identity' => 'b5a6d5c466f08e3f504d51962846b40e3bb458dfdc2af017e0981b1c5c8a10f8a:2:{i:0;s:9:\"_identity\";i:1;s:46:\"[1,\"2Fj5LmEZpu8Zb7nC-FyphfvFbI6UN1Q6\",2592000]\";}'
    '_csrf' => '7bd4e17057ebaed9d2de5f47b4eba1d1ab7b7b023fc90e3541de12ed921b6c83a:2:{i:0;s:5:\"_csrf\";i:1;s:32:\"pHzWEw1_I0sGX7an8coN8Ij6oo8FcFQp\";}'
]

$_SESSION = [
    '__flash' => []
    '__returnUrl' => '/'
    '__id' => 1
]

$_SERVER = [
    'MIBDIRS' => 'C:/xampp/php/extras/mibs'
    'MYSQL_HOME' => '\\xampp\\mysql\\bin'
    'OPENSSL_CONF' => 'C:/xampp/apache/bin/openssl.cnf'
    'PHP_PEAR_SYSCONF_DIR' => '\\xampp\\php'
    'PHPRC' => '\\xampp\\php'
    'TMP' => '\\xampp\\tmp'
    'HTTP_HOST' => 'backend.dev'
    'HTTP_CONNECTION' => 'keep-alive'
    'HTTP_CACHE_CONTROL' => 'max-age=0'
    'HTTP_ACCEPT' => 'text/html,application/xhtml+xml,application/xml;q=0.9,image/webp,*/*;q=0.8'
    'HTTP_UPGRADE_INSECURE_REQUESTS' => '1'
    'HTTP_USER_AGENT' => 'Mozilla/5.0 (Windows NT 6.3; WOW64) AppleWebKit/537.36 (KHTML, like Gecko) Chrome/45.0.2454.101 Safari/537.36'
    'HTTP_REFERER' => 'http://backend.dev/index.php'
    'HTTP_ACCEPT_ENCODING' => 'gzip, deflate, sdch'
    'HTTP_ACCEPT_LANGUAGE' => 'vi-VN,vi;q=0.8,fr-FR;q=0.6,fr;q=0.4,en-US;q=0.2,en;q=0.2'
    'HTTP_COOKIE' => 'PHPSESSID=kgd37g60kel0t2ti6gbhk5vhm2; _identity=b5a6d5c466f08e3f504d51962846b40e3bb458dfdc2af017e0981b1c5c8a10f8a%3A2%3A%7Bi%3A0%3Bs%3A9%3A%22_identity%22%3Bi%3A1%3Bs%3A46%3A%22%5B1%2C%222Fj5LmEZpu8Zb7nC-FyphfvFbI6UN1Q6%22%2C2592000%5D%22%3B%7D; _csrf=7bd4e17057ebaed9d2de5f47b4eba1d1ab7b7b023fc90e3541de12ed921b6c83a%3A2%3A%7Bi%3A0%3Bs%3A5%3A%22_csrf%22%3Bi%3A1%3Bs%3A32%3A%22pHzWEw1_I0sGX7an8coN8Ij6oo8FcFQp%22%3B%7D'
    'PATH' => 'C:\\ProgramData\\Oracle\\Java\\javapath;C:\\Program Files (x86)\\NVIDIA Corporation\\PhysX\\Common;C:\\Windows\\system32;C:\\Windows;C:\\Windows\\System32\\Wbem;C:\\Windows\\System32\\WindowsPowerShell\\v1.0\\;C:\\Program Files (x86)\\Skype\\Phone\\;C:\\xampp\\php;C:\\adb;C:\\Program Files\\TortoiseGit\\bin'
    'SystemRoot' => 'C:\\Windows'
    'COMSPEC' => 'C:\\Windows\\system32\\cmd.exe'
    'PATHEXT' => '.COM;.EXE;.BAT;.CMD;.VBS;.VBE;.JS;.JSE;.WSF;.WSH;.MSC'
    'WINDIR' => 'C:\\Windows'
    'SERVER_SIGNATURE' => '<address>Apache/2.4.16 (Win32) OpenSSL/1.0.1p PHP/5.6.12 Server at backend.dev Port 80</address>
'
    'SERVER_SOFTWARE' => 'Apache/2.4.16 (Win32) OpenSSL/1.0.1p PHP/5.6.12'
    'SERVER_NAME' => 'backend.dev'
    'SERVER_ADDR' => '127.0.0.1'
    'SERVER_PORT' => '80'
    'REMOTE_ADDR' => '127.0.0.1'
    'DOCUMENT_ROOT' => 'C:/xampp/htdocs/hoclai01/backend/web/'
    'REQUEST_SCHEME' => 'http'
    'CONTEXT_PREFIX' => ''
    'CONTEXT_DOCUMENT_ROOT' => 'C:/xampp/htdocs/hoclai01/backend/web/'
    'SERVER_ADMIN' => 'postmaster@localhost'
    'SCRIPT_FILENAME' => 'C:/xampp/htdocs/hoclai01/backend/web/index.php'
    'REMOTE_PORT' => '50282'
    'GATEWAY_INTERFACE' => 'CGI/1.1'
    'SERVER_PROTOCOL' => 'HTTP/1.1'
    'REQUEST_METHOD' => 'GET'
    'QUERY_STRING' => ''
    'REQUEST_URI' => '/index.php'
    'SCRIPT_NAME' => '/index.php'
    'PHP_SELF' => '/index.php'
    'REQUEST_TIME_FLOAT' => 1444724205.523
    'REQUEST_TIME' => 1444724205
]
2015-10-13 10:45:31 [127.0.0.1][-][kgd37g60kel0t2ti6gbhk5vhm2][error][yii\db\Exception] exception 'PDOException' with message 'SQLSTATE[42S22]: Column not found: 1054 Unknown column 'status' in 'where clause'' in C:\xampp\htdocs\hoclai01\vendor\yiisoft\yii2\db\Command.php:837
Stack trace:
#0 C:\xampp\htdocs\hoclai01\vendor\yiisoft\yii2\db\Command.php(837): PDOStatement->execute()
#1 C:\xampp\htdocs\hoclai01\vendor\yiisoft\yii2\db\Command.php(373): yii\db\Command->queryInternal('fetch', NULL)
#2 C:\xampp\htdocs\hoclai01\vendor\yiisoft\yii2\db\Query.php(243): yii\db\Command->queryOne()
#3 C:\xampp\htdocs\hoclai01\vendor\yiisoft\yii2\db\ActiveQuery.php(300): yii\db\Query->one(NULL)
#4 C:\xampp\htdocs\hoclai01\vendor\yiisoft\yii2\db\BaseActiveRecord.php(102): yii\db\ActiveQuery->one()
#5 C:\xampp\htdocs\hoclai01\common\models\User.php(63): yii\db\BaseActiveRecord::findOne(Array)
#6 C:\xampp\htdocs\hoclai01\vendor\yiisoft\yii2\web\User.php(614): common\models\User::findIdentity(1)
#7 C:\xampp\htdocs\hoclai01\vendor\yiisoft\yii2\web\User.php(176): yii\web\User->renewAuthStatus()
#8 C:\xampp\htdocs\hoclai01\vendor\yiisoft\yii2\web\User.php(346): yii\web\User->getIdentity()
#9 C:\xampp\htdocs\hoclai01\vendor\yiisoft\yii2\filters\AccessRule.php(149): yii\web\User->getIsGuest()
#10 C:\xampp\htdocs\hoclai01\vendor\yiisoft\yii2\filters\AccessRule.php(104): yii\filters\AccessRule->matchRole(Object(yii\web\User))
#11 C:\xampp\htdocs\hoclai01\vendor\yiisoft\yii2\filters\AccessControl.php(118): yii\filters\AccessRule->allows(Object(yii\base\InlineAction), Object(yii\web\User), Object(yii\web\Request))
#12 C:\xampp\htdocs\hoclai01\vendor\yiisoft\yii2\base\ActionFilter.php(71): yii\filters\AccessControl->beforeAction(Object(yii\base\InlineAction))
#13 [internal function]: yii\base\ActionFilter->beforeFilter(Object(yii\base\ActionEvent))
#14 C:\xampp\htdocs\hoclai01\vendor\yiisoft\yii2\base\Component.php(541): call_user_func(Array, Object(yii\base\ActionEvent))
#15 C:\xampp\htdocs\hoclai01\vendor\yiisoft\yii2\base\Controller.php(263): yii\base\Component->trigger('beforeAction', Object(yii\base\ActionEvent))
#16 C:\xampp\htdocs\hoclai01\vendor\yiisoft\yii2\web\Controller.php(108): yii\base\Controller->beforeAction(Object(yii\base\InlineAction))
#17 C:\xampp\htdocs\hoclai01\vendor\yiisoft\yii2\base\Controller.php(149): yii\web\Controller->beforeAction(Object(yii\base\InlineAction))
#18 C:\xampp\htdocs\hoclai01\vendor\yiisoft\yii2\base\Module.php(455): yii\base\Controller->runAction('', Array)
#19 C:\xampp\htdocs\hoclai01\vendor\yiisoft\yii2\web\Application.php(84): yii\base\Module->runAction('', Array)
#20 C:\xampp\htdocs\hoclai01\vendor\yiisoft\yii2\base\Application.php(375): yii\web\Application->handleRequest(Object(yii\web\Request))
#21 C:\xampp\htdocs\hoclai01\backend\web\index.php(18): yii\base\Application->run()
#22 {main}

Next exception 'yii\db\Exception' with message 'SQLSTATE[42S22]: Column not found: 1054 Unknown column 'status' in 'where clause'
The SQL being executed was: SELECT * FROM `user` WHERE (`id`=1) AND (`status`=10)' in C:\xampp\htdocs\hoclai01\vendor\yiisoft\yii2\db\Schema.php:628
Stack trace:
#0 C:\xampp\htdocs\hoclai01\vendor\yiisoft\yii2\db\Command.php(852): yii\db\Schema->convertException(Object(PDOException), 'SELECT * FROM `...')
#1 C:\xampp\htdocs\hoclai01\vendor\yiisoft\yii2\db\Command.php(373): yii\db\Command->queryInternal('fetch', NULL)
#2 C:\xampp\htdocs\hoclai01\vendor\yiisoft\yii2\db\Query.php(243): yii\db\Command->queryOne()
#3 C:\xampp\htdocs\hoclai01\vendor\yiisoft\yii2\db\ActiveQuery.php(300): yii\db\Query->one(NULL)
#4 C:\xampp\htdocs\hoclai01\vendor\yiisoft\yii2\db\BaseActiveRecord.php(102): yii\db\ActiveQuery->one()
#5 C:\xampp\htdocs\hoclai01\common\models\User.php(63): yii\db\BaseActiveRecord::findOne(Array)
#6 C:\xampp\htdocs\hoclai01\vendor\yiisoft\yii2\web\User.php(614): common\models\User::findIdentity(1)
#7 C:\xampp\htdocs\hoclai01\vendor\yiisoft\yii2\web\User.php(176): yii\web\User->renewAuthStatus()
#8 C:\xampp\htdocs\hoclai01\vendor\yiisoft\yii2\web\User.php(346): yii\web\User->getIdentity()
#9 C:\xampp\htdocs\hoclai01\vendor\yiisoft\yii2\filters\AccessRule.php(149): yii\web\User->getIsGuest()
#10 C:\xampp\htdocs\hoclai01\vendor\yiisoft\yii2\filters\AccessRule.php(104): yii\filters\AccessRule->matchRole(Object(yii\web\User))
#11 C:\xampp\htdocs\hoclai01\vendor\yiisoft\yii2\filters\AccessControl.php(118): yii\filters\AccessRule->allows(Object(yii\base\InlineAction), Object(yii\web\User), Object(yii\web\Request))
#12 C:\xampp\htdocs\hoclai01\vendor\yiisoft\yii2\base\ActionFilter.php(71): yii\filters\AccessControl->beforeAction(Object(yii\base\InlineAction))
#13 [internal function]: yii\base\ActionFilter->beforeFilter(Object(yii\base\ActionEvent))
#14 C:\xampp\htdocs\hoclai01\vendor\yiisoft\yii2\base\Component.php(541): call_user_func(Array, Object(yii\base\ActionEvent))
#15 C:\xampp\htdocs\hoclai01\vendor\yiisoft\yii2\base\Controller.php(263): yii\base\Component->trigger('beforeAction', Object(yii\base\ActionEvent))
#16 C:\xampp\htdocs\hoclai01\vendor\yiisoft\yii2\web\Controller.php(108): yii\base\Controller->beforeAction(Object(yii\base\InlineAction))
#17 C:\xampp\htdocs\hoclai01\vendor\yiisoft\yii2\base\Controller.php(149): yii\web\Controller->beforeAction(Object(yii\base\InlineAction))
#18 C:\xampp\htdocs\hoclai01\vendor\yiisoft\yii2\base\Module.php(455): yii\base\Controller->runAction('', Array)
#19 C:\xampp\htdocs\hoclai01\vendor\yiisoft\yii2\web\Application.php(84): yii\base\Module->runAction('', Array)
#20 C:\xampp\htdocs\hoclai01\vendor\yiisoft\yii2\base\Application.php(375): yii\web\Application->handleRequest(Object(yii\web\Request))
#21 C:\xampp\htdocs\hoclai01\backend\web\index.php(18): yii\base\Application->run()
#22 {main}
Additional Information:
Array
(
    [0] => 42S22
    [1] => 1054
    [2] => Unknown column 'status' in 'where clause'
)

2015-10-13 10:45:31 [127.0.0.1][-][kgd37g60kel0t2ti6gbhk5vhm2][info][application] $_COOKIE = [
    'PHPSESSID' => 'kgd37g60kel0t2ti6gbhk5vhm2'
    '_identity' => 'b5a6d5c466f08e3f504d51962846b40e3bb458dfdc2af017e0981b1c5c8a10f8a:2:{i:0;s:9:\"_identity\";i:1;s:46:\"[1,\"2Fj5LmEZpu8Zb7nC-FyphfvFbI6UN1Q6\",2592000]\";}'
    '_csrf' => '7bd4e17057ebaed9d2de5f47b4eba1d1ab7b7b023fc90e3541de12ed921b6c83a:2:{i:0;s:5:\"_csrf\";i:1;s:32:\"pHzWEw1_I0sGX7an8coN8Ij6oo8FcFQp\";}'
]

$_SESSION = [
    '__flash' => []
    '__returnUrl' => '/'
    '__id' => 1
]

$_SERVER = [
    'MIBDIRS' => 'C:/xampp/php/extras/mibs'
    'MYSQL_HOME' => '\\xampp\\mysql\\bin'
    'OPENSSL_CONF' => 'C:/xampp/apache/bin/openssl.cnf'
    'PHP_PEAR_SYSCONF_DIR' => '\\xampp\\php'
    'PHPRC' => '\\xampp\\php'
    'TMP' => '\\xampp\\tmp'
    'HTTP_HOST' => 'backend.dev'
    'HTTP_CONNECTION' => 'keep-alive'
    'HTTP_CACHE_CONTROL' => 'max-age=0'
    'HTTP_ACCEPT' => 'text/html,application/xhtml+xml,application/xml;q=0.9,image/webp,*/*;q=0.8'
    'HTTP_UPGRADE_INSECURE_REQUESTS' => '1'
    'HTTP_USER_AGENT' => 'Mozilla/5.0 (Windows NT 6.3; WOW64) AppleWebKit/537.36 (KHTML, like Gecko) Chrome/45.0.2454.101 Safari/537.36'
    'HTTP_REFERER' => 'http://backend.dev/index.php'
    'HTTP_ACCEPT_ENCODING' => 'gzip, deflate, sdch'
    'HTTP_ACCEPT_LANGUAGE' => 'vi-VN,vi;q=0.8,fr-FR;q=0.6,fr;q=0.4,en-US;q=0.2,en;q=0.2'
    'HTTP_COOKIE' => 'PHPSESSID=kgd37g60kel0t2ti6gbhk5vhm2; _identity=b5a6d5c466f08e3f504d51962846b40e3bb458dfdc2af017e0981b1c5c8a10f8a%3A2%3A%7Bi%3A0%3Bs%3A9%3A%22_identity%22%3Bi%3A1%3Bs%3A46%3A%22%5B1%2C%222Fj5LmEZpu8Zb7nC-FyphfvFbI6UN1Q6%22%2C2592000%5D%22%3B%7D; _csrf=7bd4e17057ebaed9d2de5f47b4eba1d1ab7b7b023fc90e3541de12ed921b6c83a%3A2%3A%7Bi%3A0%3Bs%3A5%3A%22_csrf%22%3Bi%3A1%3Bs%3A32%3A%22pHzWEw1_I0sGX7an8coN8Ij6oo8FcFQp%22%3B%7D'
    'PATH' => 'C:\\ProgramData\\Oracle\\Java\\javapath;C:\\Program Files (x86)\\NVIDIA Corporation\\PhysX\\Common;C:\\Windows\\system32;C:\\Windows;C:\\Windows\\System32\\Wbem;C:\\Windows\\System32\\WindowsPowerShell\\v1.0\\;C:\\Program Files (x86)\\Skype\\Phone\\;C:\\xampp\\php;C:\\adb;C:\\Program Files\\TortoiseGit\\bin'
    'SystemRoot' => 'C:\\Windows'
    'COMSPEC' => 'C:\\Windows\\system32\\cmd.exe'
    'PATHEXT' => '.COM;.EXE;.BAT;.CMD;.VBS;.VBE;.JS;.JSE;.WSF;.WSH;.MSC'
    'WINDIR' => 'C:\\Windows'
    'SERVER_SIGNATURE' => '<address>Apache/2.4.16 (Win32) OpenSSL/1.0.1p PHP/5.6.12 Server at backend.dev Port 80</address>
'
    'SERVER_SOFTWARE' => 'Apache/2.4.16 (Win32) OpenSSL/1.0.1p PHP/5.6.12'
    'SERVER_NAME' => 'backend.dev'
    'SERVER_ADDR' => '127.0.0.1'
    'SERVER_PORT' => '80'
    'REMOTE_ADDR' => '127.0.0.1'
    'DOCUMENT_ROOT' => 'C:/xampp/htdocs/hoclai01/backend/web/'
    'REQUEST_SCHEME' => 'http'
    'CONTEXT_PREFIX' => ''
    'CONTEXT_DOCUMENT_ROOT' => 'C:/xampp/htdocs/hoclai01/backend/web/'
    'SERVER_ADMIN' => 'postmaster@localhost'
    'SCRIPT_FILENAME' => 'C:/xampp/htdocs/hoclai01/backend/web/index.php'
    'REMOTE_PORT' => '55827'
    'GATEWAY_INTERFACE' => 'CGI/1.1'
    'SERVER_PROTOCOL' => 'HTTP/1.1'
    'REQUEST_METHOD' => 'GET'
    'QUERY_STRING' => ''
    'REQUEST_URI' => '/index.php'
    'SCRIPT_NAME' => '/index.php'
    'PHP_SELF' => '/index.php'
    'REQUEST_TIME_FLOAT' => 1444725931.138
    'REQUEST_TIME' => 1444725931
]
2015-10-13 10:49:57 [127.0.0.1][-][kgd37g60kel0t2ti6gbhk5vhm2][error][yii\db\Exception] exception 'PDOException' with message 'SQLSTATE[42S22]: Column not found: 1054 Unknown column 'status' in 'where clause'' in C:\xampp\htdocs\hoclai01\vendor\yiisoft\yii2\db\Command.php:837
Stack trace:
#0 C:\xampp\htdocs\hoclai01\vendor\yiisoft\yii2\db\Command.php(837): PDOStatement->execute()
#1 C:\xampp\htdocs\hoclai01\vendor\yiisoft\yii2\db\Command.php(373): yii\db\Command->queryInternal('fetch', NULL)
#2 C:\xampp\htdocs\hoclai01\vendor\yiisoft\yii2\db\Query.php(243): yii\db\Command->queryOne()
#3 C:\xampp\htdocs\hoclai01\vendor\yiisoft\yii2\db\ActiveQuery.php(300): yii\db\Query->one(NULL)
#4 C:\xampp\htdocs\hoclai01\vendor\yiisoft\yii2\db\BaseActiveRecord.php(102): yii\db\ActiveQuery->one()
#5 C:\xampp\htdocs\hoclai01\common\models\User.php(65): yii\db\BaseActiveRecord::findOne(Array)
#6 C:\xampp\htdocs\hoclai01\vendor\yiisoft\yii2\web\User.php(614): common\models\User::findIdentity(1)
#7 C:\xampp\htdocs\hoclai01\vendor\yiisoft\yii2\web\User.php(176): yii\web\User->renewAuthStatus()
#8 C:\xampp\htdocs\hoclai01\vendor\yiisoft\yii2\web\User.php(346): yii\web\User->getIdentity()
#9 C:\xampp\htdocs\hoclai01\vendor\yiisoft\yii2\filters\AccessRule.php(149): yii\web\User->getIsGuest()
#10 C:\xampp\htdocs\hoclai01\vendor\yiisoft\yii2\filters\AccessRule.php(104): yii\filters\AccessRule->matchRole(Object(yii\web\User))
#11 C:\xampp\htdocs\hoclai01\vendor\yiisoft\yii2\filters\AccessControl.php(118): yii\filters\AccessRule->allows(Object(yii\base\InlineAction), Object(yii\web\User), Object(yii\web\Request))
#12 C:\xampp\htdocs\hoclai01\vendor\yiisoft\yii2\base\ActionFilter.php(71): yii\filters\AccessControl->beforeAction(Object(yii\base\InlineAction))
#13 [internal function]: yii\base\ActionFilter->beforeFilter(Object(yii\base\ActionEvent))
#14 C:\xampp\htdocs\hoclai01\vendor\yiisoft\yii2\base\Component.php(541): call_user_func(Array, Object(yii\base\ActionEvent))
#15 C:\xampp\htdocs\hoclai01\vendor\yiisoft\yii2\base\Controller.php(263): yii\base\Component->trigger('beforeAction', Object(yii\base\ActionEvent))
#16 C:\xampp\htdocs\hoclai01\vendor\yiisoft\yii2\web\Controller.php(108): yii\base\Controller->beforeAction(Object(yii\base\InlineAction))
#17 C:\xampp\htdocs\hoclai01\vendor\yiisoft\yii2\base\Controller.php(149): yii\web\Controller->beforeAction(Object(yii\base\InlineAction))
#18 C:\xampp\htdocs\hoclai01\vendor\yiisoft\yii2\base\Module.php(455): yii\base\Controller->runAction('', Array)
#19 C:\xampp\htdocs\hoclai01\vendor\yiisoft\yii2\web\Application.php(84): yii\base\Module->runAction('', Array)
#20 C:\xampp\htdocs\hoclai01\vendor\yiisoft\yii2\base\Application.php(375): yii\web\Application->handleRequest(Object(yii\web\Request))
#21 C:\xampp\htdocs\hoclai01\backend\web\index.php(18): yii\base\Application->run()
#22 {main}

Next exception 'yii\db\Exception' with message 'SQLSTATE[42S22]: Column not found: 1054 Unknown column 'status' in 'where clause'
The SQL being executed was: SELECT * FROM `user` WHERE (`id`=1) AND (`status`=10)' in C:\xampp\htdocs\hoclai01\vendor\yiisoft\yii2\db\Schema.php:628
Stack trace:
#0 C:\xampp\htdocs\hoclai01\vendor\yiisoft\yii2\db\Command.php(852): yii\db\Schema->convertException(Object(PDOException), 'SELECT * FROM `...')
#1 C:\xampp\htdocs\hoclai01\vendor\yiisoft\yii2\db\Command.php(373): yii\db\Command->queryInternal('fetch', NULL)
#2 C:\xampp\htdocs\hoclai01\vendor\yiisoft\yii2\db\Query.php(243): yii\db\Command->queryOne()
#3 C:\xampp\htdocs\hoclai01\vendor\yiisoft\yii2\db\ActiveQuery.php(300): yii\db\Query->one(NULL)
#4 C:\xampp\htdocs\hoclai01\vendor\yiisoft\yii2\db\BaseActiveRecord.php(102): yii\db\ActiveQuery->one()
#5 C:\xampp\htdocs\hoclai01\common\models\User.php(65): yii\db\BaseActiveRecord::findOne(Array)
#6 C:\xampp\htdocs\hoclai01\vendor\yiisoft\yii2\web\User.php(614): common\models\User::findIdentity(1)
#7 C:\xampp\htdocs\hoclai01\vendor\yiisoft\yii2\web\User.php(176): yii\web\User->renewAuthStatus()
#8 C:\xampp\htdocs\hoclai01\vendor\yiisoft\yii2\web\User.php(346): yii\web\User->getIdentity()
#9 C:\xampp\htdocs\hoclai01\vendor\yiisoft\yii2\filters\AccessRule.php(149): yii\web\User->getIsGuest()
#10 C:\xampp\htdocs\hoclai01\vendor\yiisoft\yii2\filters\AccessRule.php(104): yii\filters\AccessRule->matchRole(Object(yii\web\User))
#11 C:\xampp\htdocs\hoclai01\vendor\yiisoft\yii2\filters\AccessControl.php(118): yii\filters\AccessRule->allows(Object(yii\base\InlineAction), Object(yii\web\User), Object(yii\web\Request))
#12 C:\xampp\htdocs\hoclai01\vendor\yiisoft\yii2\base\ActionFilter.php(71): yii\filters\AccessControl->beforeAction(Object(yii\base\InlineAction))
#13 [internal function]: yii\base\ActionFilter->beforeFilter(Object(yii\base\ActionEvent))
#14 C:\xampp\htdocs\hoclai01\vendor\yiisoft\yii2\base\Component.php(541): call_user_func(Array, Object(yii\base\ActionEvent))
#15 C:\xampp\htdocs\hoclai01\vendor\yiisoft\yii2\base\Controller.php(263): yii\base\Component->trigger('beforeAction', Object(yii\base\ActionEvent))
#16 C:\xampp\htdocs\hoclai01\vendor\yiisoft\yii2\web\Controller.php(108): yii\base\Controller->beforeAction(Object(yii\base\InlineAction))
#17 C:\xampp\htdocs\hoclai01\vendor\yiisoft\yii2\base\Controller.php(149): yii\web\Controller->beforeAction(Object(yii\base\InlineAction))
#18 C:\xampp\htdocs\hoclai01\vendor\yiisoft\yii2\base\Module.php(455): yii\base\Controller->runAction('', Array)
#19 C:\xampp\htdocs\hoclai01\vendor\yiisoft\yii2\web\Application.php(84): yii\base\Module->runAction('', Array)
#20 C:\xampp\htdocs\hoclai01\vendor\yiisoft\yii2\base\Application.php(375): yii\web\Application->handleRequest(Object(yii\web\Request))
#21 C:\xampp\htdocs\hoclai01\backend\web\index.php(18): yii\base\Application->run()
#22 {main}
Additional Information:
Array
(
    [0] => 42S22
    [1] => 1054
    [2] => Unknown column 'status' in 'where clause'
)

2015-10-13 10:49:57 [127.0.0.1][-][kgd37g60kel0t2ti6gbhk5vhm2][info][application] $_COOKIE = [
    'PHPSESSID' => 'kgd37g60kel0t2ti6gbhk5vhm2'
    '_identity' => 'b5a6d5c466f08e3f504d51962846b40e3bb458dfdc2af017e0981b1c5c8a10f8a:2:{i:0;s:9:\"_identity\";i:1;s:46:\"[1,\"2Fj5LmEZpu8Zb7nC-FyphfvFbI6UN1Q6\",2592000]\";}'
    '_csrf' => '7bd4e17057ebaed9d2de5f47b4eba1d1ab7b7b023fc90e3541de12ed921b6c83a:2:{i:0;s:5:\"_csrf\";i:1;s:32:\"pHzWEw1_I0sGX7an8coN8Ij6oo8FcFQp\";}'
]

$_SESSION = [
    '__flash' => []
    '__returnUrl' => '/'
    '__id' => 1
]

$_SERVER = [
    'MIBDIRS' => 'C:/xampp/php/extras/mibs'
    'MYSQL_HOME' => '\\xampp\\mysql\\bin'
    'OPENSSL_CONF' => 'C:/xampp/apache/bin/openssl.cnf'
    'PHP_PEAR_SYSCONF_DIR' => '\\xampp\\php'
    'PHPRC' => '\\xampp\\php'
    'TMP' => '\\xampp\\tmp'
    'HTTP_HOST' => 'backend.dev'
    'HTTP_CONNECTION' => 'keep-alive'
    'HTTP_CACHE_CONTROL' => 'max-age=0'
    'HTTP_ACCEPT' => 'text/html,application/xhtml+xml,application/xml;q=0.9,image/webp,*/*;q=0.8'
    'HTTP_UPGRADE_INSECURE_REQUESTS' => '1'
    'HTTP_USER_AGENT' => 'Mozilla/5.0 (Windows NT 6.3; WOW64) AppleWebKit/537.36 (KHTML, like Gecko) Chrome/45.0.2454.101 Safari/537.36'
    'HTTP_REFERER' => 'http://backend.dev/index.php'
    'HTTP_ACCEPT_ENCODING' => 'gzip, deflate, sdch'
    'HTTP_ACCEPT_LANGUAGE' => 'vi-VN,vi;q=0.8,fr-FR;q=0.6,fr;q=0.4,en-US;q=0.2,en;q=0.2'
    'HTTP_COOKIE' => 'PHPSESSID=kgd37g60kel0t2ti6gbhk5vhm2; _identity=b5a6d5c466f08e3f504d51962846b40e3bb458dfdc2af017e0981b1c5c8a10f8a%3A2%3A%7Bi%3A0%3Bs%3A9%3A%22_identity%22%3Bi%3A1%3Bs%3A46%3A%22%5B1%2C%222Fj5LmEZpu8Zb7nC-FyphfvFbI6UN1Q6%22%2C2592000%5D%22%3B%7D; _csrf=7bd4e17057ebaed9d2de5f47b4eba1d1ab7b7b023fc90e3541de12ed921b6c83a%3A2%3A%7Bi%3A0%3Bs%3A5%3A%22_csrf%22%3Bi%3A1%3Bs%3A32%3A%22pHzWEw1_I0sGX7an8coN8Ij6oo8FcFQp%22%3B%7D'
    'PATH' => 'C:\\ProgramData\\Oracle\\Java\\javapath;C:\\Program Files (x86)\\NVIDIA Corporation\\PhysX\\Common;C:\\Windows\\system32;C:\\Windows;C:\\Windows\\System32\\Wbem;C:\\Windows\\System32\\WindowsPowerShell\\v1.0\\;C:\\Program Files (x86)\\Skype\\Phone\\;C:\\xampp\\php;C:\\adb;C:\\Program Files\\TortoiseGit\\bin'
    'SystemRoot' => 'C:\\Windows'
    'COMSPEC' => 'C:\\Windows\\system32\\cmd.exe'
    'PATHEXT' => '.COM;.EXE;.BAT;.CMD;.VBS;.VBE;.JS;.JSE;.WSF;.WSH;.MSC'
    'WINDIR' => 'C:\\Windows'
    'SERVER_SIGNATURE' => '<address>Apache/2.4.16 (Win32) OpenSSL/1.0.1p PHP/5.6.12 Server at backend.dev Port 80</address>
'
    'SERVER_SOFTWARE' => 'Apache/2.4.16 (Win32) OpenSSL/1.0.1p PHP/5.6.12'
    'SERVER_NAME' => 'backend.dev'
    'SERVER_ADDR' => '127.0.0.1'
    'SERVER_PORT' => '80'
    'REMOTE_ADDR' => '127.0.0.1'
    'DOCUMENT_ROOT' => 'C:/xampp/htdocs/hoclai01/backend/web/'
    'REQUEST_SCHEME' => 'http'
    'CONTEXT_PREFIX' => ''
    'CONTEXT_DOCUMENT_ROOT' => 'C:/xampp/htdocs/hoclai01/backend/web/'
    'SERVER_ADMIN' => 'postmaster@localhost'
    'SCRIPT_FILENAME' => 'C:/xampp/htdocs/hoclai01/backend/web/index.php'
    'REMOTE_PORT' => '56794'
    'GATEWAY_INTERFACE' => 'CGI/1.1'
    'SERVER_PROTOCOL' => 'HTTP/1.1'
    'REQUEST_METHOD' => 'GET'
    'QUERY_STRING' => ''
    'REQUEST_URI' => '/index.php'
    'SCRIPT_NAME' => '/index.php'
    'PHP_SELF' => '/index.php'
    'REQUEST_TIME_FLOAT' => 1444726197.691
    'REQUEST_TIME' => 1444726197
]
2015-10-13 10:49:58 [127.0.0.1][-][kgd37g60kel0t2ti6gbhk5vhm2][error][yii\db\Exception] exception 'PDOException' with message 'SQLSTATE[42S22]: Column not found: 1054 Unknown column 'status' in 'where clause'' in C:\xampp\htdocs\hoclai01\vendor\yiisoft\yii2\db\Command.php:837
Stack trace:
#0 C:\xampp\htdocs\hoclai01\vendor\yiisoft\yii2\db\Command.php(837): PDOStatement->execute()
#1 C:\xampp\htdocs\hoclai01\vendor\yiisoft\yii2\db\Command.php(373): yii\db\Command->queryInternal('fetch', NULL)
#2 C:\xampp\htdocs\hoclai01\vendor\yiisoft\yii2\db\Query.php(243): yii\db\Command->queryOne()
#3 C:\xampp\htdocs\hoclai01\vendor\yiisoft\yii2\db\ActiveQuery.php(300): yii\db\Query->one(NULL)
#4 C:\xampp\htdocs\hoclai01\vendor\yiisoft\yii2\db\BaseActiveRecord.php(102): yii\db\ActiveQuery->one()
#5 C:\xampp\htdocs\hoclai01\common\models\User.php(65): yii\db\BaseActiveRecord::findOne(Array)
#6 C:\xampp\htdocs\hoclai01\vendor\yiisoft\yii2\web\User.php(614): common\models\User::findIdentity(1)
#7 C:\xampp\htdocs\hoclai01\vendor\yiisoft\yii2\web\User.php(176): yii\web\User->renewAuthStatus()
#8 C:\xampp\htdocs\hoclai01\vendor\yiisoft\yii2\web\User.php(346): yii\web\User->getIdentity()
#9 C:\xampp\htdocs\hoclai01\vendor\yiisoft\yii2\filters\AccessRule.php(149): yii\web\User->getIsGuest()
#10 C:\xampp\htdocs\hoclai01\vendor\yiisoft\yii2\filters\AccessRule.php(104): yii\filters\AccessRule->matchRole(Object(yii\web\User))
#11 C:\xampp\htdocs\hoclai01\vendor\yiisoft\yii2\filters\AccessControl.php(118): yii\filters\AccessRule->allows(Object(yii\base\InlineAction), Object(yii\web\User), Object(yii\web\Request))
#12 C:\xampp\htdocs\hoclai01\vendor\yiisoft\yii2\base\ActionFilter.php(71): yii\filters\AccessControl->beforeAction(Object(yii\base\InlineAction))
#13 [internal function]: yii\base\ActionFilter->beforeFilter(Object(yii\base\ActionEvent))
#14 C:\xampp\htdocs\hoclai01\vendor\yiisoft\yii2\base\Component.php(541): call_user_func(Array, Object(yii\base\ActionEvent))
#15 C:\xampp\htdocs\hoclai01\vendor\yiisoft\yii2\base\Controller.php(263): yii\base\Component->trigger('beforeAction', Object(yii\base\ActionEvent))
#16 C:\xampp\htdocs\hoclai01\vendor\yiisoft\yii2\web\Controller.php(108): yii\base\Controller->beforeAction(Object(yii\base\InlineAction))
#17 C:\xampp\htdocs\hoclai01\vendor\yiisoft\yii2\base\Controller.php(149): yii\web\Controller->beforeAction(Object(yii\base\InlineAction))
#18 C:\xampp\htdocs\hoclai01\vendor\yiisoft\yii2\base\Module.php(455): yii\base\Controller->runAction('', Array)
#19 C:\xampp\htdocs\hoclai01\vendor\yiisoft\yii2\web\Application.php(84): yii\base\Module->runAction('', Array)
#20 C:\xampp\htdocs\hoclai01\vendor\yiisoft\yii2\base\Application.php(375): yii\web\Application->handleRequest(Object(yii\web\Request))
#21 C:\xampp\htdocs\hoclai01\backend\web\index.php(18): yii\base\Application->run()
#22 {main}

Next exception 'yii\db\Exception' with message 'SQLSTATE[42S22]: Column not found: 1054 Unknown column 'status' in 'where clause'
The SQL being executed was: SELECT * FROM `user` WHERE (`id`=1) AND (`status`=10)' in C:\xampp\htdocs\hoclai01\vendor\yiisoft\yii2\db\Schema.php:628
Stack trace:
#0 C:\xampp\htdocs\hoclai01\vendor\yiisoft\yii2\db\Command.php(852): yii\db\Schema->convertException(Object(PDOException), 'SELECT * FROM `...')
#1 C:\xampp\htdocs\hoclai01\vendor\yiisoft\yii2\db\Command.php(373): yii\db\Command->queryInternal('fetch', NULL)
#2 C:\xampp\htdocs\hoclai01\vendor\yiisoft\yii2\db\Query.php(243): yii\db\Command->queryOne()
#3 C:\xampp\htdocs\hoclai01\vendor\yiisoft\yii2\db\ActiveQuery.php(300): yii\db\Query->one(NULL)
#4 C:\xampp\htdocs\hoclai01\vendor\yiisoft\yii2\db\BaseActiveRecord.php(102): yii\db\ActiveQuery->one()
#5 C:\xampp\htdocs\hoclai01\common\models\User.php(65): yii\db\BaseActiveRecord::findOne(Array)
#6 C:\xampp\htdocs\hoclai01\vendor\yiisoft\yii2\web\User.php(614): common\models\User::findIdentity(1)
#7 C:\xampp\htdocs\hoclai01\vendor\yiisoft\yii2\web\User.php(176): yii\web\User->renewAuthStatus()
#8 C:\xampp\htdocs\hoclai01\vendor\yiisoft\yii2\web\User.php(346): yii\web\User->getIdentity()
#9 C:\xampp\htdocs\hoclai01\vendor\yiisoft\yii2\filters\AccessRule.php(149): yii\web\User->getIsGuest()
#10 C:\xampp\htdocs\hoclai01\vendor\yiisoft\yii2\filters\AccessRule.php(104): yii\filters\AccessRule->matchRole(Object(yii\web\User))
#11 C:\xampp\htdocs\hoclai01\vendor\yiisoft\yii2\filters\AccessControl.php(118): yii\filters\AccessRule->allows(Object(yii\base\InlineAction), Object(yii\web\User), Object(yii\web\Request))
#12 C:\xampp\htdocs\hoclai01\vendor\yiisoft\yii2\base\ActionFilter.php(71): yii\filters\AccessControl->beforeAction(Object(yii\base\InlineAction))
#13 [internal function]: yii\base\ActionFilter->beforeFilter(Object(yii\base\ActionEvent))
#14 C:\xampp\htdocs\hoclai01\vendor\yiisoft\yii2\base\Component.php(541): call_user_func(Array, Object(yii\base\ActionEvent))
#15 C:\xampp\htdocs\hoclai01\vendor\yiisoft\yii2\base\Controller.php(263): yii\base\Component->trigger('beforeAction', Object(yii\base\ActionEvent))
#16 C:\xampp\htdocs\hoclai01\vendor\yiisoft\yii2\web\Controller.php(108): yii\base\Controller->beforeAction(Object(yii\base\InlineAction))
#17 C:\xampp\htdocs\hoclai01\vendor\yiisoft\yii2\base\Controller.php(149): yii\web\Controller->beforeAction(Object(yii\base\InlineAction))
#18 C:\xampp\htdocs\hoclai01\vendor\yiisoft\yii2\base\Module.php(455): yii\base\Controller->runAction('', Array)
#19 C:\xampp\htdocs\hoclai01\vendor\yiisoft\yii2\web\Application.php(84): yii\base\Module->runAction('', Array)
#20 C:\xampp\htdocs\hoclai01\vendor\yiisoft\yii2\base\Application.php(375): yii\web\Application->handleRequest(Object(yii\web\Request))
#21 C:\xampp\htdocs\hoclai01\backend\web\index.php(18): yii\base\Application->run()
#22 {main}
Additional Information:
Array
(
    [0] => 42S22
    [1] => 1054
    [2] => Unknown column 'status' in 'where clause'
)

2015-10-13 10:49:58 [127.0.0.1][-][kgd37g60kel0t2ti6gbhk5vhm2][info][application] $_COOKIE = [
    'PHPSESSID' => 'kgd37g60kel0t2ti6gbhk5vhm2'
    '_identity' => 'b5a6d5c466f08e3f504d51962846b40e3bb458dfdc2af017e0981b1c5c8a10f8a:2:{i:0;s:9:\"_identity\";i:1;s:46:\"[1,\"2Fj5LmEZpu8Zb7nC-FyphfvFbI6UN1Q6\",2592000]\";}'
    '_csrf' => '7bd4e17057ebaed9d2de5f47b4eba1d1ab7b7b023fc90e3541de12ed921b6c83a:2:{i:0;s:5:\"_csrf\";i:1;s:32:\"pHzWEw1_I0sGX7an8coN8Ij6oo8FcFQp\";}'
]

$_SESSION = [
    '__flash' => []
    '__returnUrl' => '/'
    '__id' => 1
]

$_SERVER = [
    'MIBDIRS' => 'C:/xampp/php/extras/mibs'
    'MYSQL_HOME' => '\\xampp\\mysql\\bin'
    'OPENSSL_CONF' => 'C:/xampp/apache/bin/openssl.cnf'
    'PHP_PEAR_SYSCONF_DIR' => '\\xampp\\php'
    'PHPRC' => '\\xampp\\php'
    'TMP' => '\\xampp\\tmp'
    'HTTP_HOST' => 'backend.dev'
    'HTTP_CONNECTION' => 'keep-alive'
    'HTTP_CACHE_CONTROL' => 'max-age=0'
    'HTTP_ACCEPT' => 'text/html,application/xhtml+xml,application/xml;q=0.9,image/webp,*/*;q=0.8'
    'HTTP_UPGRADE_INSECURE_REQUESTS' => '1'
    'HTTP_USER_AGENT' => 'Mozilla/5.0 (Windows NT 6.3; WOW64) AppleWebKit/537.36 (KHTML, like Gecko) Chrome/45.0.2454.101 Safari/537.36'
    'HTTP_REFERER' => 'http://backend.dev/index.php'
    'HTTP_ACCEPT_ENCODING' => 'gzip, deflate, sdch'
    'HTTP_ACCEPT_LANGUAGE' => 'vi-VN,vi;q=0.8,fr-FR;q=0.6,fr;q=0.4,en-US;q=0.2,en;q=0.2'
    'HTTP_COOKIE' => 'PHPSESSID=kgd37g60kel0t2ti6gbhk5vhm2; _identity=b5a6d5c466f08e3f504d51962846b40e3bb458dfdc2af017e0981b1c5c8a10f8a%3A2%3A%7Bi%3A0%3Bs%3A9%3A%22_identity%22%3Bi%3A1%3Bs%3A46%3A%22%5B1%2C%222Fj5LmEZpu8Zb7nC-FyphfvFbI6UN1Q6%22%2C2592000%5D%22%3B%7D; _csrf=7bd4e17057ebaed9d2de5f47b4eba1d1ab7b7b023fc90e3541de12ed921b6c83a%3A2%3A%7Bi%3A0%3Bs%3A5%3A%22_csrf%22%3Bi%3A1%3Bs%3A32%3A%22pHzWEw1_I0sGX7an8coN8Ij6oo8FcFQp%22%3B%7D'
    'PATH' => 'C:\\ProgramData\\Oracle\\Java\\javapath;C:\\Program Files (x86)\\NVIDIA Corporation\\PhysX\\Common;C:\\Windows\\system32;C:\\Windows;C:\\Windows\\System32\\Wbem;C:\\Windows\\System32\\WindowsPowerShell\\v1.0\\;C:\\Program Files (x86)\\Skype\\Phone\\;C:\\xampp\\php;C:\\adb;C:\\Program Files\\TortoiseGit\\bin'
    'SystemRoot' => 'C:\\Windows'
    'COMSPEC' => 'C:\\Windows\\system32\\cmd.exe'
    'PATHEXT' => '.COM;.EXE;.BAT;.CMD;.VBS;.VBE;.JS;.JSE;.WSF;.WSH;.MSC'
    'WINDIR' => 'C:\\Windows'
    'SERVER_SIGNATURE' => '<address>Apache/2.4.16 (Win32) OpenSSL/1.0.1p PHP/5.6.12 Server at backend.dev Port 80</address>
'
    'SERVER_SOFTWARE' => 'Apache/2.4.16 (Win32) OpenSSL/1.0.1p PHP/5.6.12'
    'SERVER_NAME' => 'backend.dev'
    'SERVER_ADDR' => '127.0.0.1'
    'SERVER_PORT' => '80'
    'REMOTE_ADDR' => '127.0.0.1'
    'DOCUMENT_ROOT' => 'C:/xampp/htdocs/hoclai01/backend/web/'
    'REQUEST_SCHEME' => 'http'
    'CONTEXT_PREFIX' => ''
    'CONTEXT_DOCUMENT_ROOT' => 'C:/xampp/htdocs/hoclai01/backend/web/'
    'SERVER_ADMIN' => 'postmaster@localhost'
    'SCRIPT_FILENAME' => 'C:/xampp/htdocs/hoclai01/backend/web/index.php'
    'REMOTE_PORT' => '56799'
    'GATEWAY_INTERFACE' => 'CGI/1.1'
    'SERVER_PROTOCOL' => 'HTTP/1.1'
    'REQUEST_METHOD' => 'GET'
    'QUERY_STRING' => ''
    'REQUEST_URI' => '/index.php'
    'SCRIPT_NAME' => '/index.php'
    'PHP_SELF' => '/index.php'
    'REQUEST_TIME_FLOAT' => 1444726198.036
    'REQUEST_TIME' => 1444726198
]
2015-10-13 10:51:53 [127.0.0.1][-][kgd37g60kel0t2ti6gbhk5vhm2][error][yii\db\Exception] exception 'PDOException' with message 'SQLSTATE[42S22]: Column not found: 1054 Unknown column 'status' in 'where clause'' in C:\xampp\htdocs\hoclai01\vendor\yiisoft\yii2\db\Command.php:837
Stack trace:
#0 C:\xampp\htdocs\hoclai01\vendor\yiisoft\yii2\db\Command.php(837): PDOStatement->execute()
#1 C:\xampp\htdocs\hoclai01\vendor\yiisoft\yii2\db\Command.php(373): yii\db\Command->queryInternal('fetch', NULL)
#2 C:\xampp\htdocs\hoclai01\vendor\yiisoft\yii2\db\Query.php(243): yii\db\Command->queryOne()
#3 C:\xampp\htdocs\hoclai01\vendor\yiisoft\yii2\db\ActiveQuery.php(300): yii\db\Query->one(NULL)
#4 C:\xampp\htdocs\hoclai01\vendor\yiisoft\yii2\db\BaseActiveRecord.php(102): yii\db\ActiveQuery->one()
#5 C:\xampp\htdocs\hoclai01\common\models\User.php(65): yii\db\BaseActiveRecord::findOne(Array)
#6 C:\xampp\htdocs\hoclai01\vendor\yiisoft\yii2\web\User.php(614): common\models\User::findIdentity(1)
#7 C:\xampp\htdocs\hoclai01\vendor\yiisoft\yii2\web\User.php(176): yii\web\User->renewAuthStatus()
#8 C:\xampp\htdocs\hoclai01\vendor\yiisoft\yii2\web\User.php(346): yii\web\User->getIdentity()
#9 C:\xampp\htdocs\hoclai01\vendor\yiisoft\yii2\filters\AccessRule.php(149): yii\web\User->getIsGuest()
#10 C:\xampp\htdocs\hoclai01\vendor\yiisoft\yii2\filters\AccessRule.php(104): yii\filters\AccessRule->matchRole(Object(yii\web\User))
#11 C:\xampp\htdocs\hoclai01\vendor\yiisoft\yii2\filters\AccessControl.php(118): yii\filters\AccessRule->allows(Object(yii\base\InlineAction), Object(yii\web\User), Object(yii\web\Request))
#12 C:\xampp\htdocs\hoclai01\vendor\yiisoft\yii2\base\ActionFilter.php(71): yii\filters\AccessControl->beforeAction(Object(yii\base\InlineAction))
#13 [internal function]: yii\base\ActionFilter->beforeFilter(Object(yii\base\ActionEvent))
#14 C:\xampp\htdocs\hoclai01\vendor\yiisoft\yii2\base\Component.php(541): call_user_func(Array, Object(yii\base\ActionEvent))
#15 C:\xampp\htdocs\hoclai01\vendor\yiisoft\yii2\base\Controller.php(263): yii\base\Component->trigger('beforeAction', Object(yii\base\ActionEvent))
#16 C:\xampp\htdocs\hoclai01\vendor\yiisoft\yii2\web\Controller.php(108): yii\base\Controller->beforeAction(Object(yii\base\InlineAction))
#17 C:\xampp\htdocs\hoclai01\vendor\yiisoft\yii2\base\Controller.php(149): yii\web\Controller->beforeAction(Object(yii\base\InlineAction))
#18 C:\xampp\htdocs\hoclai01\vendor\yiisoft\yii2\base\Module.php(455): yii\base\Controller->runAction('', Array)
#19 C:\xampp\htdocs\hoclai01\vendor\yiisoft\yii2\web\Application.php(84): yii\base\Module->runAction('', Array)
#20 C:\xampp\htdocs\hoclai01\vendor\yiisoft\yii2\base\Application.php(375): yii\web\Application->handleRequest(Object(yii\web\Request))
#21 C:\xampp\htdocs\hoclai01\backend\web\index.php(18): yii\base\Application->run()
#22 {main}

Next exception 'yii\db\Exception' with message 'SQLSTATE[42S22]: Column not found: 1054 Unknown column 'status' in 'where clause'
The SQL being executed was: SELECT * FROM `user` WHERE (`id`=1) AND (`status`=10)' in C:\xampp\htdocs\hoclai01\vendor\yiisoft\yii2\db\Schema.php:628
Stack trace:
#0 C:\xampp\htdocs\hoclai01\vendor\yiisoft\yii2\db\Command.php(852): yii\db\Schema->convertException(Object(PDOException), 'SELECT * FROM `...')
#1 C:\xampp\htdocs\hoclai01\vendor\yiisoft\yii2\db\Command.php(373): yii\db\Command->queryInternal('fetch', NULL)
#2 C:\xampp\htdocs\hoclai01\vendor\yiisoft\yii2\db\Query.php(243): yii\db\Command->queryOne()
#3 C:\xampp\htdocs\hoclai01\vendor\yiisoft\yii2\db\ActiveQuery.php(300): yii\db\Query->one(NULL)
#4 C:\xampp\htdocs\hoclai01\vendor\yiisoft\yii2\db\BaseActiveRecord.php(102): yii\db\ActiveQuery->one()
#5 C:\xampp\htdocs\hoclai01\common\models\User.php(65): yii\db\BaseActiveRecord::findOne(Array)
#6 C:\xampp\htdocs\hoclai01\vendor\yiisoft\yii2\web\User.php(614): common\models\User::findIdentity(1)
#7 C:\xampp\htdocs\hoclai01\vendor\yiisoft\yii2\web\User.php(176): yii\web\User->renewAuthStatus()
#8 C:\xampp\htdocs\hoclai01\vendor\yiisoft\yii2\web\User.php(346): yii\web\User->getIdentity()
#9 C:\xampp\htdocs\hoclai01\vendor\yiisoft\yii2\filters\AccessRule.php(149): yii\web\User->getIsGuest()
#10 C:\xampp\htdocs\hoclai01\vendor\yiisoft\yii2\filters\AccessRule.php(104): yii\filters\AccessRule->matchRole(Object(yii\web\User))
#11 C:\xampp\htdocs\hoclai01\vendor\yiisoft\yii2\filters\AccessControl.php(118): yii\filters\AccessRule->allows(Object(yii\base\InlineAction), Object(yii\web\User), Object(yii\web\Request))
#12 C:\xampp\htdocs\hoclai01\vendor\yiisoft\yii2\base\ActionFilter.php(71): yii\filters\AccessControl->beforeAction(Object(yii\base\InlineAction))
#13 [internal function]: yii\base\ActionFilter->beforeFilter(Object(yii\base\ActionEvent))
#14 C:\xampp\htdocs\hoclai01\vendor\yiisoft\yii2\base\Component.php(541): call_user_func(Array, Object(yii\base\ActionEvent))
#15 C:\xampp\htdocs\hoclai01\vendor\yiisoft\yii2\base\Controller.php(263): yii\base\Component->trigger('beforeAction', Object(yii\base\ActionEvent))
#16 C:\xampp\htdocs\hoclai01\vendor\yiisoft\yii2\web\Controller.php(108): yii\base\Controller->beforeAction(Object(yii\base\InlineAction))
#17 C:\xampp\htdocs\hoclai01\vendor\yiisoft\yii2\base\Controller.php(149): yii\web\Controller->beforeAction(Object(yii\base\InlineAction))
#18 C:\xampp\htdocs\hoclai01\vendor\yiisoft\yii2\base\Module.php(455): yii\base\Controller->runAction('', Array)
#19 C:\xampp\htdocs\hoclai01\vendor\yiisoft\yii2\web\Application.php(84): yii\base\Module->runAction('', Array)
#20 C:\xampp\htdocs\hoclai01\vendor\yiisoft\yii2\base\Application.php(375): yii\web\Application->handleRequest(Object(yii\web\Request))
#21 C:\xampp\htdocs\hoclai01\backend\web\index.php(18): yii\base\Application->run()
#22 {main}
Additional Information:
Array
(
    [0] => 42S22
    [1] => 1054
    [2] => Unknown column 'status' in 'where clause'
)

2015-10-13 10:51:53 [127.0.0.1][-][kgd37g60kel0t2ti6gbhk5vhm2][info][application] $_COOKIE = [
    'PHPSESSID' => 'kgd37g60kel0t2ti6gbhk5vhm2'
    '_identity' => 'b5a6d5c466f08e3f504d51962846b40e3bb458dfdc2af017e0981b1c5c8a10f8a:2:{i:0;s:9:\"_identity\";i:1;s:46:\"[1,\"2Fj5LmEZpu8Zb7nC-FyphfvFbI6UN1Q6\",2592000]\";}'
    '_csrf' => '7bd4e17057ebaed9d2de5f47b4eba1d1ab7b7b023fc90e3541de12ed921b6c83a:2:{i:0;s:5:\"_csrf\";i:1;s:32:\"pHzWEw1_I0sGX7an8coN8Ij6oo8FcFQp\";}'
]

$_SESSION = [
    '__flash' => []
    '__returnUrl' => '/'
    '__id' => 1
]

$_SERVER = [
    'MIBDIRS' => 'C:/xampp/php/extras/mibs'
    'MYSQL_HOME' => '\\xampp\\mysql\\bin'
    'OPENSSL_CONF' => 'C:/xampp/apache/bin/openssl.cnf'
    'PHP_PEAR_SYSCONF_DIR' => '\\xampp\\php'
    'PHPRC' => '\\xampp\\php'
    'TMP' => '\\xampp\\tmp'
    'HTTP_HOST' => 'backend.dev'
    'HTTP_CONNECTION' => 'keep-alive'
    'HTTP_CACHE_CONTROL' => 'max-age=0'
    'HTTP_ACCEPT' => 'text/html,application/xhtml+xml,application/xml;q=0.9,image/webp,*/*;q=0.8'
    'HTTP_UPGRADE_INSECURE_REQUESTS' => '1'
    'HTTP_USER_AGENT' => 'Mozilla/5.0 (Windows NT 6.3; WOW64) AppleWebKit/537.36 (KHTML, like Gecko) Chrome/45.0.2454.101 Safari/537.36'
    'HTTP_REFERER' => 'http://backend.dev/index.php'
    'HTTP_ACCEPT_ENCODING' => 'gzip, deflate, sdch'
    'HTTP_ACCEPT_LANGUAGE' => 'vi-VN,vi;q=0.8,fr-FR;q=0.6,fr;q=0.4,en-US;q=0.2,en;q=0.2'
    'HTTP_COOKIE' => 'PHPSESSID=kgd37g60kel0t2ti6gbhk5vhm2; _identity=b5a6d5c466f08e3f504d51962846b40e3bb458dfdc2af017e0981b1c5c8a10f8a%3A2%3A%7Bi%3A0%3Bs%3A9%3A%22_identity%22%3Bi%3A1%3Bs%3A46%3A%22%5B1%2C%222Fj5LmEZpu8Zb7nC-FyphfvFbI6UN1Q6%22%2C2592000%5D%22%3B%7D; _csrf=7bd4e17057ebaed9d2de5f47b4eba1d1ab7b7b023fc90e3541de12ed921b6c83a%3A2%3A%7Bi%3A0%3Bs%3A5%3A%22_csrf%22%3Bi%3A1%3Bs%3A32%3A%22pHzWEw1_I0sGX7an8coN8Ij6oo8FcFQp%22%3B%7D'
    'PATH' => 'C:\\ProgramData\\Oracle\\Java\\javapath;C:\\Program Files (x86)\\NVIDIA Corporation\\PhysX\\Common;C:\\Windows\\system32;C:\\Windows;C:\\Windows\\System32\\Wbem;C:\\Windows\\System32\\WindowsPowerShell\\v1.0\\;C:\\Program Files (x86)\\Skype\\Phone\\;C:\\xampp\\php;C:\\adb;C:\\Program Files\\TortoiseGit\\bin'
    'SystemRoot' => 'C:\\Windows'
    'COMSPEC' => 'C:\\Windows\\system32\\cmd.exe'
    'PATHEXT' => '.COM;.EXE;.BAT;.CMD;.VBS;.VBE;.JS;.JSE;.WSF;.WSH;.MSC'
    'WINDIR' => 'C:\\Windows'
    'SERVER_SIGNATURE' => '<address>Apache/2.4.16 (Win32) OpenSSL/1.0.1p PHP/5.6.12 Server at backend.dev Port 80</address>
'
    'SERVER_SOFTWARE' => 'Apache/2.4.16 (Win32) OpenSSL/1.0.1p PHP/5.6.12'
    'SERVER_NAME' => 'backend.dev'
    'SERVER_ADDR' => '127.0.0.1'
    'SERVER_PORT' => '80'
    'REMOTE_ADDR' => '127.0.0.1'
    'DOCUMENT_ROOT' => 'C:/xampp/htdocs/hoclai01/backend/web/'
    'REQUEST_SCHEME' => 'http'
    'CONTEXT_PREFIX' => ''
    'CONTEXT_DOCUMENT_ROOT' => 'C:/xampp/htdocs/hoclai01/backend/web/'
    'SERVER_ADMIN' => 'postmaster@localhost'
    'SCRIPT_FILENAME' => 'C:/xampp/htdocs/hoclai01/backend/web/index.php'
    'REMOTE_PORT' => '57191'
    'GATEWAY_INTERFACE' => 'CGI/1.1'
    'SERVER_PROTOCOL' => 'HTTP/1.1'
    'REQUEST_METHOD' => 'GET'
    'QUERY_STRING' => ''
    'REQUEST_URI' => '/index.php'
    'SCRIPT_NAME' => '/index.php'
    'PHP_SELF' => '/index.php'
    'REQUEST_TIME_FLOAT' => 1444726313.747
    'REQUEST_TIME' => 1444726313
]
