2015-10-13 09:55:52 [127.0.0.1][-][itd6hcaqbbfihk4aphlukbmm70][error][yii\db\Exception] exception 'PDOException' with message 'SQLSTATE[42S22]: Column not found: 1054 Unknown column 'status' in 'where clause'' in C:\xampp\htdocs\hoclai01\vendor\yiisoft\yii2\db\Command.php:837
Stack trace:
#0 C:\xampp\htdocs\hoclai01\vendor\yiisoft\yii2\db\Command.php(837): PDOStatement->execute()
#1 C:\xampp\htdocs\hoclai01\vendor\yiisoft\yii2\db\Command.php(373): yii\db\Command->queryInternal('fetch', NULL)
#2 C:\xampp\htdocs\hoclai01\vendor\yiisoft\yii2\db\Query.php(243): yii\db\Command->queryOne()
#3 C:\xampp\htdocs\hoclai01\vendor\yiisoft\yii2\db\ActiveQuery.php(300): yii\db\Query->one(NULL)
#4 C:\xampp\htdocs\hoclai01\vendor\yiisoft\yii2\db\BaseActiveRecord.php(102): yii\db\ActiveQuery->one()
#5 C:\xampp\htdocs\hoclai01\common\models\User.php(63): yii\db\BaseActiveRecord::findOne(Array)
#6 C:\xampp\htdocs\hoclai01\vendor\yiisoft\yii2\web\User.php(614): common\models\User::findIdentity(1)
#7 C:\xampp\htdocs\hoclai01\vendor\yiisoft\yii2\web\User.php(176): yii\web\User->renewAuthStatus()
#8 C:\xampp\htdocs\hoclai01\vendor\yiisoft\yii2\web\User.php(346): yii\web\User->getIdentity()
#9 C:\xampp\htdocs\hoclai01\vendor\yiisoft\yii2\base\Component.php(130): yii\web\User->getIsGuest()
#10 C:\xampp\htdocs\hoclai01\frontend\views\layouts\main.php(42): yii\base\Component->__get('isGuest')
#11 C:\xampp\htdocs\hoclai01\vendor\yiisoft\yii2\base\View.php(325): require('C:\\xampp\\htdocs...')
#12 C:\xampp\htdocs\hoclai01\vendor\yiisoft\yii2\base\View.php(247): yii\base\View->renderPhpFile('C:\\xampp\\htdocs...', Array)
#13 C:\xampp\htdocs\hoclai01\vendor\yiisoft\yii2\base\Controller.php(386): yii\base\View->renderFile('C:\\xampp\\htdocs...', Array, Object(frontend\controllers\SiteController))
#14 C:\xampp\htdocs\hoclai01\vendor\yiisoft\yii2\base\Controller.php(372): yii\base\Controller->renderContent('<div class="sit...')
#15 C:\xampp\htdocs\hoclai01\frontend\controllers\SiteController.php(75): yii\base\Controller->render('index')
#16 [internal function]: frontend\controllers\SiteController->actionIndex()
#17 C:\xampp\htdocs\hoclai01\vendor\yiisoft\yii2\base\InlineAction.php(55): call_user_func_array(Array, Array)
#18 C:\xampp\htdocs\hoclai01\vendor\yiisoft\yii2\base\Controller.php(151): yii\base\InlineAction->runWithParams(Array)
#19 C:\xampp\htdocs\hoclai01\vendor\yiisoft\yii2\base\Module.php(455): yii\base\Controller->runAction('', Array)
#20 C:\xampp\htdocs\hoclai01\vendor\yiisoft\yii2\web\Application.php(84): yii\base\Module->runAction('', Array)
#21 C:\xampp\htdocs\hoclai01\vendor\yiisoft\yii2\base\Application.php(375): yii\web\Application->handleRequest(Object(yii\web\Request))
#22 C:\xampp\htdocs\hoclai01\frontend\web\index.php(18): yii\base\Application->run()
#23 {main}

Next exception 'yii\db\Exception' with message 'SQLSTATE[42S22]: Column not found: 1054 Unknown column 'status' in 'where clause'
The SQL being executed was: SELECT * FROM `user` WHERE (`id`=1) AND (`status`=10)' in C:\xampp\htdocs\hoclai01\vendor\yiisoft\yii2\db\Schema.php:628
Stack trace:
#0 C:\xampp\htdocs\hoclai01\vendor\yiisoft\yii2\db\Command.php(852): yii\db\Schema->convertException(Object(PDOException), 'SELECT * FROM `...')
#1 C:\xampp\htdocs\hoclai01\vendor\yiisoft\yii2\db\Command.php(373): yii\db\Command->queryInternal('fetch', NULL)
#2 C:\xampp\htdocs\hoclai01\vendor\yiisoft\yii2\db\Query.php(243): yii\db\Command->queryOne()
#3 C:\xampp\htdocs\hoclai01\vendor\yiisoft\yii2\db\ActiveQuery.php(300): yii\db\Query->one(NULL)
#4 C:\xampp\htdocs\hoclai01\vendor\yiisoft\yii2\db\BaseActiveRecord.php(102): yii\db\ActiveQuery->one()
#5 C:\xampp\htdocs\hoclai01\common\models\User.php(63): yii\db\BaseActiveRecord::findOne(Array)
#6 C:\xampp\htdocs\hoclai01\vendor\yiisoft\yii2\web\User.php(614): common\models\User::findIdentity(1)
#7 C:\xampp\htdocs\hoclai01\vendor\yiisoft\yii2\web\User.php(176): yii\web\User->renewAuthStatus()
#8 C:\xampp\htdocs\hoclai01\vendor\yiisoft\yii2\web\User.php(346): yii\web\User->getIdentity()
#9 C:\xampp\htdocs\hoclai01\vendor\yiisoft\yii2\base\Component.php(130): yii\web\User->getIsGuest()
#10 C:\xampp\htdocs\hoclai01\frontend\views\layouts\main.php(42): yii\base\Component->__get('isGuest')
#11 C:\xampp\htdocs\hoclai01\vendor\yiisoft\yii2\base\View.php(325): require('C:\\xampp\\htdocs...')
#12 C:\xampp\htdocs\hoclai01\vendor\yiisoft\yii2\base\View.php(247): yii\base\View->renderPhpFile('C:\\xampp\\htdocs...', Array)
#13 C:\xampp\htdocs\hoclai01\vendor\yiisoft\yii2\base\Controller.php(386): yii\base\View->renderFile('C:\\xampp\\htdocs...', Array, Object(frontend\controllers\SiteController))
#14 C:\xampp\htdocs\hoclai01\vendor\yiisoft\yii2\base\Controller.php(372): yii\base\Controller->renderContent('<div class="sit...')
#15 C:\xampp\htdocs\hoclai01\frontend\controllers\SiteController.php(75): yii\base\Controller->render('index')
#16 [internal function]: frontend\controllers\SiteController->actionIndex()
#17 C:\xampp\htdocs\hoclai01\vendor\yiisoft\yii2\base\InlineAction.php(55): call_user_func_array(Array, Array)
#18 C:\xampp\htdocs\hoclai01\vendor\yiisoft\yii2\base\Controller.php(151): yii\base\InlineAction->runWithParams(Array)
#19 C:\xampp\htdocs\hoclai01\vendor\yiisoft\yii2\base\Module.php(455): yii\base\Controller->runAction('', Array)
#20 C:\xampp\htdocs\hoclai01\vendor\yiisoft\yii2\web\Application.php(84): yii\base\Module->runAction('', Array)
#21 C:\xampp\htdocs\hoclai01\vendor\yiisoft\yii2\base\Application.php(375): yii\web\Application->handleRequest(Object(yii\web\Request))
#22 C:\xampp\htdocs\hoclai01\frontend\web\index.php(18): yii\base\Application->run()
#23 {main}
Additional Information:
Array
(
    [0] => 42S22
    [1] => 1054
    [2] => Unknown column 'status' in 'where clause'
)

2015-10-13 09:55:52 [127.0.0.1][-][itd6hcaqbbfihk4aphlukbmm70][info][application] $_COOKIE = [
    'PHPSESSID' => 'itd6hcaqbbfihk4aphlukbmm70'
    '_csrf' => 'ca138fa2de84ede193ff2aa532e517b2a7f95a675216e8ad63296072ef6204b3a:2:{i:0;s:5:\"_csrf\";i:1;s:32:\"2Ui6Fn_hEKgundqPN6Cpw2UOLjHabv7A\";}'
    'FRONTENDSESSID' => '24uh32fims1a1b4lpk2547s2e1'
]

$_SESSION = [
    '__flash' => []
    '__id' => 1
]

$_SERVER = [
    'MIBDIRS' => 'C:/xampp/php/extras/mibs'
    'MYSQL_HOME' => '\\xampp\\mysql\\bin'
    'OPENSSL_CONF' => 'C:/xampp/apache/bin/openssl.cnf'
    'PHP_PEAR_SYSCONF_DIR' => '\\xampp\\php'
    'PHPRC' => '\\xampp\\php'
    'TMP' => '\\xampp\\tmp'
    'HTTP_HOST' => 'frontend.dev'
    'HTTP_CONNECTION' => 'keep-alive'
    'HTTP_CACHE_CONTROL' => 'max-age=0'
    'HTTP_ACCEPT' => 'text/html,application/xhtml+xml,application/xml;q=0.9,image/webp,*/*;q=0.8'
    'HTTP_UPGRADE_INSECURE_REQUESTS' => '1'
    'HTTP_USER_AGENT' => 'Mozilla/5.0 (Windows NT 6.3; WOW64) AppleWebKit/537.36 (KHTML, like Gecko) Chrome/45.0.2454.101 Safari/537.36'
    'HTTP_REFERER' => 'http://frontend.dev/index.php?r=site%2Fsignup'
    'HTTP_ACCEPT_ENCODING' => 'gzip, deflate, sdch'
    'HTTP_ACCEPT_LANGUAGE' => 'vi-VN,vi;q=0.8,fr-FR;q=0.6,fr;q=0.4,en-US;q=0.2,en;q=0.2'
    'HTTP_COOKIE' => 'PHPSESSID=itd6hcaqbbfihk4aphlukbmm70; _csrf=ca138fa2de84ede193ff2aa532e517b2a7f95a675216e8ad63296072ef6204b3a%3A2%3A%7Bi%3A0%3Bs%3A5%3A%22_csrf%22%3Bi%3A1%3Bs%3A32%3A%222Ui6Fn_hEKgundqPN6Cpw2UOLjHabv7A%22%3B%7D; FRONTENDSESSID=24uh32fims1a1b4lpk2547s2e1'
    'PATH' => 'C:\\ProgramData\\Oracle\\Java\\javapath;C:\\Program Files (x86)\\NVIDIA Corporation\\PhysX\\Common;C:\\Windows\\system32;C:\\Windows;C:\\Windows\\System32\\Wbem;C:\\Windows\\System32\\WindowsPowerShell\\v1.0\\;C:\\Program Files (x86)\\Skype\\Phone\\;C:\\xampp\\php;C:\\adb;C:\\Program Files\\TortoiseGit\\bin'
    'SystemRoot' => 'C:\\Windows'
    'COMSPEC' => 'C:\\Windows\\system32\\cmd.exe'
    'PATHEXT' => '.COM;.EXE;.BAT;.CMD;.VBS;.VBE;.JS;.JSE;.WSF;.WSH;.MSC'
    'WINDIR' => 'C:\\Windows'
    'SERVER_SIGNATURE' => '<address>Apache/2.4.16 (Win32) OpenSSL/1.0.1p PHP/5.6.12 Server at frontend.dev Port 80</address>
'
    'SERVER_SOFTWARE' => 'Apache/2.4.16 (Win32) OpenSSL/1.0.1p PHP/5.6.12'
    'SERVER_NAME' => 'frontend.dev'
    'SERVER_ADDR' => '127.0.0.1'
    'SERVER_PORT' => '80'
    'REMOTE_ADDR' => '127.0.0.1'
    'DOCUMENT_ROOT' => 'C:/xampp/htdocs/hoclai01/frontend/web/'
    'REQUEST_SCHEME' => 'http'
    'CONTEXT_PREFIX' => ''
    'CONTEXT_DOCUMENT_ROOT' => 'C:/xampp/htdocs/hoclai01/frontend/web/'
    'SERVER_ADMIN' => 'postmaster@localhost'
    'SCRIPT_FILENAME' => 'C:/xampp/htdocs/hoclai01/frontend/web/index.php'
    'REMOTE_PORT' => '62306'
    'GATEWAY_INTERFACE' => 'CGI/1.1'
    'SERVER_PROTOCOL' => 'HTTP/1.1'
    'REQUEST_METHOD' => 'GET'
    'QUERY_STRING' => ''
    'REQUEST_URI' => '/index.php'
    'SCRIPT_NAME' => '/index.php'
    'PHP_SELF' => '/index.php'
    'REQUEST_TIME_FLOAT' => 1444722952.271
    'REQUEST_TIME' => 1444722952
]
2015-10-13 09:57:00 [127.0.0.1][-][itd6hcaqbbfihk4aphlukbmm70][error][yii\db\Exception] exception 'PDOException' with message 'SQLSTATE[42S22]: Column not found: 1054 Unknown column 'status' in 'where clause'' in C:\xampp\htdocs\hoclai01\vendor\yiisoft\yii2\db\Command.php:837
Stack trace:
#0 C:\xampp\htdocs\hoclai01\vendor\yiisoft\yii2\db\Command.php(837): PDOStatement->execute()
#1 C:\xampp\htdocs\hoclai01\vendor\yiisoft\yii2\db\Command.php(373): yii\db\Command->queryInternal('fetch', NULL)
#2 C:\xampp\htdocs\hoclai01\vendor\yiisoft\yii2\db\Query.php(243): yii\db\Command->queryOne()
#3 C:\xampp\htdocs\hoclai01\vendor\yiisoft\yii2\db\ActiveQuery.php(300): yii\db\Query->one(NULL)
#4 C:\xampp\htdocs\hoclai01\vendor\yiisoft\yii2\db\BaseActiveRecord.php(102): yii\db\ActiveQuery->one()
#5 C:\xampp\htdocs\hoclai01\common\models\User.php(63): yii\db\BaseActiveRecord::findOne(Array)
#6 C:\xampp\htdocs\hoclai01\vendor\yiisoft\yii2\web\User.php(614): common\models\User::findIdentity(1)
#7 C:\xampp\htdocs\hoclai01\vendor\yiisoft\yii2\web\User.php(176): yii\web\User->renewAuthStatus()
#8 C:\xampp\htdocs\hoclai01\vendor\yiisoft\yii2\web\User.php(346): yii\web\User->getIdentity()
#9 C:\xampp\htdocs\hoclai01\vendor\yiisoft\yii2\base\Component.php(130): yii\web\User->getIsGuest()
#10 C:\xampp\htdocs\hoclai01\frontend\views\layouts\main.php(42): yii\base\Component->__get('isGuest')
#11 C:\xampp\htdocs\hoclai01\vendor\yiisoft\yii2\base\View.php(325): require('C:\\xampp\\htdocs...')
#12 C:\xampp\htdocs\hoclai01\vendor\yiisoft\yii2\base\View.php(247): yii\base\View->renderPhpFile('C:\\xampp\\htdocs...', Array)
#13 C:\xampp\htdocs\hoclai01\vendor\yiisoft\yii2\base\Controller.php(386): yii\base\View->renderFile('C:\\xampp\\htdocs...', Array, Object(frontend\controllers\SiteController))
#14 C:\xampp\htdocs\hoclai01\vendor\yiisoft\yii2\base\Controller.php(372): yii\base\Controller->renderContent('<div class="sit...')
#15 C:\xampp\htdocs\hoclai01\frontend\controllers\SiteController.php(75): yii\base\Controller->render('index')
#16 [internal function]: frontend\controllers\SiteController->actionIndex()
#17 C:\xampp\htdocs\hoclai01\vendor\yiisoft\yii2\base\InlineAction.php(55): call_user_func_array(Array, Array)
#18 C:\xampp\htdocs\hoclai01\vendor\yiisoft\yii2\base\Controller.php(151): yii\base\InlineAction->runWithParams(Array)
#19 C:\xampp\htdocs\hoclai01\vendor\yiisoft\yii2\base\Module.php(455): yii\base\Controller->runAction('', Array)
#20 C:\xampp\htdocs\hoclai01\vendor\yiisoft\yii2\web\Application.php(84): yii\base\Module->runAction('', Array)
#21 C:\xampp\htdocs\hoclai01\vendor\yiisoft\yii2\base\Application.php(375): yii\web\Application->handleRequest(Object(yii\web\Request))
#22 C:\xampp\htdocs\hoclai01\frontend\web\index.php(18): yii\base\Application->run()
#23 {main}

Next exception 'yii\db\Exception' with message 'SQLSTATE[42S22]: Column not found: 1054 Unknown column 'status' in 'where clause'
The SQL being executed was: SELECT * FROM `user` WHERE (`id`=1) AND (`status`=10)' in C:\xampp\htdocs\hoclai01\vendor\yiisoft\yii2\db\Schema.php:628
Stack trace:
#0 C:\xampp\htdocs\hoclai01\vendor\yiisoft\yii2\db\Command.php(852): yii\db\Schema->convertException(Object(PDOException), 'SELECT * FROM `...')
#1 C:\xampp\htdocs\hoclai01\vendor\yiisoft\yii2\db\Command.php(373): yii\db\Command->queryInternal('fetch', NULL)
#2 C:\xampp\htdocs\hoclai01\vendor\yiisoft\yii2\db\Query.php(243): yii\db\Command->queryOne()
#3 C:\xampp\htdocs\hoclai01\vendor\yiisoft\yii2\db\ActiveQuery.php(300): yii\db\Query->one(NULL)
#4 C:\xampp\htdocs\hoclai01\vendor\yiisoft\yii2\db\BaseActiveRecord.php(102): yii\db\ActiveQuery->one()
#5 C:\xampp\htdocs\hoclai01\common\models\User.php(63): yii\db\BaseActiveRecord::findOne(Array)
#6 C:\xampp\htdocs\hoclai01\vendor\yiisoft\yii2\web\User.php(614): common\models\User::findIdentity(1)
#7 C:\xampp\htdocs\hoclai01\vendor\yiisoft\yii2\web\User.php(176): yii\web\User->renewAuthStatus()
#8 C:\xampp\htdocs\hoclai01\vendor\yiisoft\yii2\web\User.php(346): yii\web\User->getIdentity()
#9 C:\xampp\htdocs\hoclai01\vendor\yiisoft\yii2\base\Component.php(130): yii\web\User->getIsGuest()
#10 C:\xampp\htdocs\hoclai01\frontend\views\layouts\main.php(42): yii\base\Component->__get('isGuest')
#11 C:\xampp\htdocs\hoclai01\vendor\yiisoft\yii2\base\View.php(325): require('C:\\xampp\\htdocs...')
#12 C:\xampp\htdocs\hoclai01\vendor\yiisoft\yii2\base\View.php(247): yii\base\View->renderPhpFile('C:\\xampp\\htdocs...', Array)
#13 C:\xampp\htdocs\hoclai01\vendor\yiisoft\yii2\base\Controller.php(386): yii\base\View->renderFile('C:\\xampp\\htdocs...', Array, Object(frontend\controllers\SiteController))
#14 C:\xampp\htdocs\hoclai01\vendor\yiisoft\yii2\base\Controller.php(372): yii\base\Controller->renderContent('<div class="sit...')
#15 C:\xampp\htdocs\hoclai01\frontend\controllers\SiteController.php(75): yii\base\Controller->render('index')
#16 [internal function]: frontend\controllers\SiteController->actionIndex()
#17 C:\xampp\htdocs\hoclai01\vendor\yiisoft\yii2\base\InlineAction.php(55): call_user_func_array(Array, Array)
#18 C:\xampp\htdocs\hoclai01\vendor\yiisoft\yii2\base\Controller.php(151): yii\base\InlineAction->runWithParams(Array)
#19 C:\xampp\htdocs\hoclai01\vendor\yiisoft\yii2\base\Module.php(455): yii\base\Controller->runAction('', Array)
#20 C:\xampp\htdocs\hoclai01\vendor\yiisoft\yii2\web\Application.php(84): yii\base\Module->runAction('', Array)
#21 C:\xampp\htdocs\hoclai01\vendor\yiisoft\yii2\base\Application.php(375): yii\web\Application->handleRequest(Object(yii\web\Request))
#22 C:\xampp\htdocs\hoclai01\frontend\web\index.php(18): yii\base\Application->run()
#23 {main}
Additional Information:
Array
(
    [0] => 42S22
    [1] => 1054
    [2] => Unknown column 'status' in 'where clause'
)

2015-10-13 09:57:00 [127.0.0.1][-][itd6hcaqbbfihk4aphlukbmm70][info][application] $_COOKIE = [
    'PHPSESSID' => 'itd6hcaqbbfihk4aphlukbmm70'
    '_csrf' => 'ca138fa2de84ede193ff2aa532e517b2a7f95a675216e8ad63296072ef6204b3a:2:{i:0;s:5:\"_csrf\";i:1;s:32:\"2Ui6Fn_hEKgundqPN6Cpw2UOLjHabv7A\";}'
    'FRONTENDSESSID' => '24uh32fims1a1b4lpk2547s2e1'
]

$_SESSION = [
    '__flash' => []
    '__id' => 1
]

$_SERVER = [
    'MIBDIRS' => 'C:/xampp/php/extras/mibs'
    'MYSQL_HOME' => '\\xampp\\mysql\\bin'
    'OPENSSL_CONF' => 'C:/xampp/apache/bin/openssl.cnf'
    'PHP_PEAR_SYSCONF_DIR' => '\\xampp\\php'
    'PHPRC' => '\\xampp\\php'
    'TMP' => '\\xampp\\tmp'
    'HTTP_HOST' => 'frontend.dev'
    'HTTP_CONNECTION' => 'keep-alive'
    'HTTP_CACHE_CONTROL' => 'max-age=0'
    'HTTP_ACCEPT' => 'text/html,application/xhtml+xml,application/xml;q=0.9,image/webp,*/*;q=0.8'
    'HTTP_UPGRADE_INSECURE_REQUESTS' => '1'
    'HTTP_USER_AGENT' => 'Mozilla/5.0 (Windows NT 6.3; WOW64) AppleWebKit/537.36 (KHTML, like Gecko) Chrome/45.0.2454.101 Safari/537.36'
    'HTTP_REFERER' => 'http://frontend.dev/index.php?r=site%2Fsignup'
    'HTTP_ACCEPT_ENCODING' => 'gzip, deflate, sdch'
    'HTTP_ACCEPT_LANGUAGE' => 'vi-VN,vi;q=0.8,fr-FR;q=0.6,fr;q=0.4,en-US;q=0.2,en;q=0.2'
    'HTTP_COOKIE' => 'PHPSESSID=itd6hcaqbbfihk4aphlukbmm70; _csrf=ca138fa2de84ede193ff2aa532e517b2a7f95a675216e8ad63296072ef6204b3a%3A2%3A%7Bi%3A0%3Bs%3A5%3A%22_csrf%22%3Bi%3A1%3Bs%3A32%3A%222Ui6Fn_hEKgundqPN6Cpw2UOLjHabv7A%22%3B%7D; FRONTENDSESSID=24uh32fims1a1b4lpk2547s2e1'
    'PATH' => 'C:\\ProgramData\\Oracle\\Java\\javapath;C:\\Program Files (x86)\\NVIDIA Corporation\\PhysX\\Common;C:\\Windows\\system32;C:\\Windows;C:\\Windows\\System32\\Wbem;C:\\Windows\\System32\\WindowsPowerShell\\v1.0\\;C:\\Program Files (x86)\\Skype\\Phone\\;C:\\xampp\\php;C:\\adb;C:\\Program Files\\TortoiseGit\\bin'
    'SystemRoot' => 'C:\\Windows'
    'COMSPEC' => 'C:\\Windows\\system32\\cmd.exe'
    'PATHEXT' => '.COM;.EXE;.BAT;.CMD;.VBS;.VBE;.JS;.JSE;.WSF;.WSH;.MSC'
    'WINDIR' => 'C:\\Windows'
    'SERVER_SIGNATURE' => '<address>Apache/2.4.16 (Win32) OpenSSL/1.0.1p PHP/5.6.12 Server at frontend.dev Port 80</address>
'
    'SERVER_SOFTWARE' => 'Apache/2.4.16 (Win32) OpenSSL/1.0.1p PHP/5.6.12'
    'SERVER_NAME' => 'frontend.dev'
    'SERVER_ADDR' => '127.0.0.1'
    'SERVER_PORT' => '80'
    'REMOTE_ADDR' => '127.0.0.1'
    'DOCUMENT_ROOT' => 'C:/xampp/htdocs/hoclai01/frontend/web/'
    'REQUEST_SCHEME' => 'http'
    'CONTEXT_PREFIX' => ''
    'CONTEXT_DOCUMENT_ROOT' => 'C:/xampp/htdocs/hoclai01/frontend/web/'
    'SERVER_ADMIN' => 'postmaster@localhost'
    'SCRIPT_FILENAME' => 'C:/xampp/htdocs/hoclai01/frontend/web/index.php'
    'REMOTE_PORT' => '62539'
    'GATEWAY_INTERFACE' => 'CGI/1.1'
    'SERVER_PROTOCOL' => 'HTTP/1.1'
    'REQUEST_METHOD' => 'GET'
    'QUERY_STRING' => ''
    'REQUEST_URI' => '/index.php'
    'SCRIPT_NAME' => '/index.php'
    'PHP_SELF' => '/index.php'
    'REQUEST_TIME_FLOAT' => 1444723020.254
    'REQUEST_TIME' => 1444723020
]
2015-10-13 10:00:12 [127.0.0.1][-][itd6hcaqbbfihk4aphlukbmm70][error][yii\db\Exception] exception 'PDOException' with message 'SQLSTATE[42S22]: Column not found: 1054 Unknown column 'status' in 'where clause'' in C:\xampp\htdocs\hoclai01\vendor\yiisoft\yii2\db\Command.php:837
Stack trace:
#0 C:\xampp\htdocs\hoclai01\vendor\yiisoft\yii2\db\Command.php(837): PDOStatement->execute()
#1 C:\xampp\htdocs\hoclai01\vendor\yiisoft\yii2\db\Command.php(373): yii\db\Command->queryInternal('fetch', NULL)
#2 C:\xampp\htdocs\hoclai01\vendor\yiisoft\yii2\db\Query.php(243): yii\db\Command->queryOne()
#3 C:\xampp\htdocs\hoclai01\vendor\yiisoft\yii2\db\ActiveQuery.php(300): yii\db\Query->one(NULL)
#4 C:\xampp\htdocs\hoclai01\vendor\yiisoft\yii2\db\BaseActiveRecord.php(102): yii\db\ActiveQuery->one()
#5 C:\xampp\htdocs\hoclai01\common\models\User.php(63): yii\db\BaseActiveRecord::findOne(Array)
#6 C:\xampp\htdocs\hoclai01\vendor\yiisoft\yii2\web\User.php(614): common\models\User::findIdentity(1)
#7 C:\xampp\htdocs\hoclai01\vendor\yiisoft\yii2\web\User.php(176): yii\web\User->renewAuthStatus()
#8 C:\xampp\htdocs\hoclai01\vendor\yiisoft\yii2\web\User.php(346): yii\web\User->getIdentity()
#9 C:\xampp\htdocs\hoclai01\vendor\yiisoft\yii2\base\Component.php(130): yii\web\User->getIsGuest()
#10 C:\xampp\htdocs\hoclai01\frontend\views\layouts\main.php(42): yii\base\Component->__get('isGuest')
#11 C:\xampp\htdocs\hoclai01\vendor\yiisoft\yii2\base\View.php(325): require('C:\\xampp\\htdocs...')
#12 C:\xampp\htdocs\hoclai01\vendor\yiisoft\yii2\base\View.php(247): yii\base\View->renderPhpFile('C:\\xampp\\htdocs...', Array)
#13 C:\xampp\htdocs\hoclai01\vendor\yiisoft\yii2\base\Controller.php(386): yii\base\View->renderFile('C:\\xampp\\htdocs...', Array, Object(frontend\controllers\SiteController))
#14 C:\xampp\htdocs\hoclai01\vendor\yiisoft\yii2\base\Controller.php(372): yii\base\Controller->renderContent('<div class="sit...')
#15 C:\xampp\htdocs\hoclai01\frontend\controllers\SiteController.php(75): yii\base\Controller->render('index')
#16 [internal function]: frontend\controllers\SiteController->actionIndex()
#17 C:\xampp\htdocs\hoclai01\vendor\yiisoft\yii2\base\InlineAction.php(55): call_user_func_array(Array, Array)
#18 C:\xampp\htdocs\hoclai01\vendor\yiisoft\yii2\base\Controller.php(151): yii\base\InlineAction->runWithParams(Array)
#19 C:\xampp\htdocs\hoclai01\vendor\yiisoft\yii2\base\Module.php(455): yii\base\Controller->runAction('', Array)
#20 C:\xampp\htdocs\hoclai01\vendor\yiisoft\yii2\web\Application.php(84): yii\base\Module->runAction('', Array)
#21 C:\xampp\htdocs\hoclai01\vendor\yiisoft\yii2\base\Application.php(375): yii\web\Application->handleRequest(Object(yii\web\Request))
#22 C:\xampp\htdocs\hoclai01\frontend\web\index.php(18): yii\base\Application->run()
#23 {main}

Next exception 'yii\db\Exception' with message 'SQLSTATE[42S22]: Column not found: 1054 Unknown column 'status' in 'where clause'
The SQL being executed was: SELECT * FROM `user` WHERE (`id`=1) AND (`status`=10)' in C:\xampp\htdocs\hoclai01\vendor\yiisoft\yii2\db\Schema.php:628
Stack trace:
#0 C:\xampp\htdocs\hoclai01\vendor\yiisoft\yii2\db\Command.php(852): yii\db\Schema->convertException(Object(PDOException), 'SELECT * FROM `...')
#1 C:\xampp\htdocs\hoclai01\vendor\yiisoft\yii2\db\Command.php(373): yii\db\Command->queryInternal('fetch', NULL)
#2 C:\xampp\htdocs\hoclai01\vendor\yiisoft\yii2\db\Query.php(243): yii\db\Command->queryOne()
#3 C:\xampp\htdocs\hoclai01\vendor\yiisoft\yii2\db\ActiveQuery.php(300): yii\db\Query->one(NULL)
#4 C:\xampp\htdocs\hoclai01\vendor\yiisoft\yii2\db\BaseActiveRecord.php(102): yii\db\ActiveQuery->one()
#5 C:\xampp\htdocs\hoclai01\common\models\User.php(63): yii\db\BaseActiveRecord::findOne(Array)
#6 C:\xampp\htdocs\hoclai01\vendor\yiisoft\yii2\web\User.php(614): common\models\User::findIdentity(1)
#7 C:\xampp\htdocs\hoclai01\vendor\yiisoft\yii2\web\User.php(176): yii\web\User->renewAuthStatus()
#8 C:\xampp\htdocs\hoclai01\vendor\yiisoft\yii2\web\User.php(346): yii\web\User->getIdentity()
#9 C:\xampp\htdocs\hoclai01\vendor\yiisoft\yii2\base\Component.php(130): yii\web\User->getIsGuest()
#10 C:\xampp\htdocs\hoclai01\frontend\views\layouts\main.php(42): yii\base\Component->__get('isGuest')
#11 C:\xampp\htdocs\hoclai01\vendor\yiisoft\yii2\base\View.php(325): require('C:\\xampp\\htdocs...')
#12 C:\xampp\htdocs\hoclai01\vendor\yiisoft\yii2\base\View.php(247): yii\base\View->renderPhpFile('C:\\xampp\\htdocs...', Array)
#13 C:\xampp\htdocs\hoclai01\vendor\yiisoft\yii2\base\Controller.php(386): yii\base\View->renderFile('C:\\xampp\\htdocs...', Array, Object(frontend\controllers\SiteController))
#14 C:\xampp\htdocs\hoclai01\vendor\yiisoft\yii2\base\Controller.php(372): yii\base\Controller->renderContent('<div class="sit...')
#15 C:\xampp\htdocs\hoclai01\frontend\controllers\SiteController.php(75): yii\base\Controller->render('index')
#16 [internal function]: frontend\controllers\SiteController->actionIndex()
#17 C:\xampp\htdocs\hoclai01\vendor\yiisoft\yii2\base\InlineAction.php(55): call_user_func_array(Array, Array)
#18 C:\xampp\htdocs\hoclai01\vendor\yiisoft\yii2\base\Controller.php(151): yii\base\InlineAction->runWithParams(Array)
#19 C:\xampp\htdocs\hoclai01\vendor\yiisoft\yii2\base\Module.php(455): yii\base\Controller->runAction('', Array)
#20 C:\xampp\htdocs\hoclai01\vendor\yiisoft\yii2\web\Application.php(84): yii\base\Module->runAction('', Array)
#21 C:\xampp\htdocs\hoclai01\vendor\yiisoft\yii2\base\Application.php(375): yii\web\Application->handleRequest(Object(yii\web\Request))
#22 C:\xampp\htdocs\hoclai01\frontend\web\index.php(18): yii\base\Application->run()
#23 {main}
Additional Information:
Array
(
    [0] => 42S22
    [1] => 1054
    [2] => Unknown column 'status' in 'where clause'
)

2015-10-13 10:00:12 [127.0.0.1][-][itd6hcaqbbfihk4aphlukbmm70][info][application] $_COOKIE = [
    'PHPSESSID' => 'itd6hcaqbbfihk4aphlukbmm70'
    '_csrf' => 'ca138fa2de84ede193ff2aa532e517b2a7f95a675216e8ad63296072ef6204b3a:2:{i:0;s:5:\"_csrf\";i:1;s:32:\"2Ui6Fn_hEKgundqPN6Cpw2UOLjHabv7A\";}'
    'FRONTENDSESSID' => '24uh32fims1a1b4lpk2547s2e1'
]

$_SESSION = [
    '__flash' => []
    '__id' => 1
]

$_SERVER = [
    'MIBDIRS' => 'C:/xampp/php/extras/mibs'
    'MYSQL_HOME' => '\\xampp\\mysql\\bin'
    'OPENSSL_CONF' => 'C:/xampp/apache/bin/openssl.cnf'
    'PHP_PEAR_SYSCONF_DIR' => '\\xampp\\php'
    'PHPRC' => '\\xampp\\php'
    'TMP' => '\\xampp\\tmp'
    'HTTP_HOST' => 'frontend.dev'
    'HTTP_CONNECTION' => 'keep-alive'
    'HTTP_CACHE_CONTROL' => 'max-age=0'
    'HTTP_ACCEPT' => 'text/html,application/xhtml+xml,application/xml;q=0.9,image/webp,*/*;q=0.8'
    'HTTP_UPGRADE_INSECURE_REQUESTS' => '1'
    'HTTP_USER_AGENT' => 'Mozilla/5.0 (Windows NT 6.3; WOW64) AppleWebKit/537.36 (KHTML, like Gecko) Chrome/45.0.2454.101 Safari/537.36'
    'HTTP_REFERER' => 'http://frontend.dev/index.php?r=site%2Fsignup'
    'HTTP_ACCEPT_ENCODING' => 'gzip, deflate, sdch'
    'HTTP_ACCEPT_LANGUAGE' => 'vi-VN,vi;q=0.8,fr-FR;q=0.6,fr;q=0.4,en-US;q=0.2,en;q=0.2'
    'HTTP_COOKIE' => 'PHPSESSID=itd6hcaqbbfihk4aphlukbmm70; _csrf=ca138fa2de84ede193ff2aa532e517b2a7f95a675216e8ad63296072ef6204b3a%3A2%3A%7Bi%3A0%3Bs%3A5%3A%22_csrf%22%3Bi%3A1%3Bs%3A32%3A%222Ui6Fn_hEKgundqPN6Cpw2UOLjHabv7A%22%3B%7D; FRONTENDSESSID=24uh32fims1a1b4lpk2547s2e1'
    'PATH' => 'C:\\ProgramData\\Oracle\\Java\\javapath;C:\\Program Files (x86)\\NVIDIA Corporation\\PhysX\\Common;C:\\Windows\\system32;C:\\Windows;C:\\Windows\\System32\\Wbem;C:\\Windows\\System32\\WindowsPowerShell\\v1.0\\;C:\\Program Files (x86)\\Skype\\Phone\\;C:\\xampp\\php;C:\\adb;C:\\Program Files\\TortoiseGit\\bin'
    'SystemRoot' => 'C:\\Windows'
    'COMSPEC' => 'C:\\Windows\\system32\\cmd.exe'
    'PATHEXT' => '.COM;.EXE;.BAT;.CMD;.VBS;.VBE;.JS;.JSE;.WSF;.WSH;.MSC'
    'WINDIR' => 'C:\\Windows'
    'SERVER_SIGNATURE' => '<address>Apache/2.4.16 (Win32) OpenSSL/1.0.1p PHP/5.6.12 Server at frontend.dev Port 80</address>
'
    'SERVER_SOFTWARE' => 'Apache/2.4.16 (Win32) OpenSSL/1.0.1p PHP/5.6.12'
    'SERVER_NAME' => 'frontend.dev'
    'SERVER_ADDR' => '127.0.0.1'
    'SERVER_PORT' => '80'
    'REMOTE_ADDR' => '127.0.0.1'
    'DOCUMENT_ROOT' => 'C:/xampp/htdocs/hoclai01/frontend/web/'
    'REQUEST_SCHEME' => 'http'
    'CONTEXT_PREFIX' => ''
    'CONTEXT_DOCUMENT_ROOT' => 'C:/xampp/htdocs/hoclai01/frontend/web/'
    'SERVER_ADMIN' => 'postmaster@localhost'
    'SCRIPT_FILENAME' => 'C:/xampp/htdocs/hoclai01/frontend/web/index.php'
    'REMOTE_PORT' => '63216'
    'GATEWAY_INTERFACE' => 'CGI/1.1'
    'SERVER_PROTOCOL' => 'HTTP/1.1'
    'REQUEST_METHOD' => 'GET'
    'QUERY_STRING' => ''
    'REQUEST_URI' => '/index.php'
    'SCRIPT_NAME' => '/index.php'
    'PHP_SELF' => '/index.php'
    'REQUEST_TIME_FLOAT' => 1444723212.625
    'REQUEST_TIME' => 1444723212
]
2015-10-13 10:00:13 [127.0.0.1][-][itd6hcaqbbfihk4aphlukbmm70][error][yii\db\Exception] exception 'PDOException' with message 'SQLSTATE[42S22]: Column not found: 1054 Unknown column 'status' in 'where clause'' in C:\xampp\htdocs\hoclai01\vendor\yiisoft\yii2\db\Command.php:837
Stack trace:
#0 C:\xampp\htdocs\hoclai01\vendor\yiisoft\yii2\db\Command.php(837): PDOStatement->execute()
#1 C:\xampp\htdocs\hoclai01\vendor\yiisoft\yii2\db\Command.php(373): yii\db\Command->queryInternal('fetch', NULL)
#2 C:\xampp\htdocs\hoclai01\vendor\yiisoft\yii2\db\Query.php(243): yii\db\Command->queryOne()
#3 C:\xampp\htdocs\hoclai01\vendor\yiisoft\yii2\db\ActiveQuery.php(300): yii\db\Query->one(NULL)
#4 C:\xampp\htdocs\hoclai01\vendor\yiisoft\yii2\db\BaseActiveRecord.php(102): yii\db\ActiveQuery->one()
#5 C:\xampp\htdocs\hoclai01\common\models\User.php(63): yii\db\BaseActiveRecord::findOne(Array)
#6 C:\xampp\htdocs\hoclai01\vendor\yiisoft\yii2\web\User.php(614): common\models\User::findIdentity(1)
#7 C:\xampp\htdocs\hoclai01\vendor\yiisoft\yii2\web\User.php(176): yii\web\User->renewAuthStatus()
#8 C:\xampp\htdocs\hoclai01\vendor\yiisoft\yii2\web\User.php(346): yii\web\User->getIdentity()
#9 C:\xampp\htdocs\hoclai01\vendor\yiisoft\yii2\base\Component.php(130): yii\web\User->getIsGuest()
#10 C:\xampp\htdocs\hoclai01\frontend\views\layouts\main.php(42): yii\base\Component->__get('isGuest')
#11 C:\xampp\htdocs\hoclai01\vendor\yiisoft\yii2\base\View.php(325): require('C:\\xampp\\htdocs...')
#12 C:\xampp\htdocs\hoclai01\vendor\yiisoft\yii2\base\View.php(247): yii\base\View->renderPhpFile('C:\\xampp\\htdocs...', Array)
#13 C:\xampp\htdocs\hoclai01\vendor\yiisoft\yii2\base\Controller.php(386): yii\base\View->renderFile('C:\\xampp\\htdocs...', Array, Object(frontend\controllers\SiteController))
#14 C:\xampp\htdocs\hoclai01\vendor\yiisoft\yii2\base\Controller.php(372): yii\base\Controller->renderContent('<div class="sit...')
#15 C:\xampp\htdocs\hoclai01\frontend\controllers\SiteController.php(75): yii\base\Controller->render('index')
#16 [internal function]: frontend\controllers\SiteController->actionIndex()
#17 C:\xampp\htdocs\hoclai01\vendor\yiisoft\yii2\base\InlineAction.php(55): call_user_func_array(Array, Array)
#18 C:\xampp\htdocs\hoclai01\vendor\yiisoft\yii2\base\Controller.php(151): yii\base\InlineAction->runWithParams(Array)
#19 C:\xampp\htdocs\hoclai01\vendor\yiisoft\yii2\base\Module.php(455): yii\base\Controller->runAction('', Array)
#20 C:\xampp\htdocs\hoclai01\vendor\yiisoft\yii2\web\Application.php(84): yii\base\Module->runAction('', Array)
#21 C:\xampp\htdocs\hoclai01\vendor\yiisoft\yii2\base\Application.php(375): yii\web\Application->handleRequest(Object(yii\web\Request))
#22 C:\xampp\htdocs\hoclai01\frontend\web\index.php(18): yii\base\Application->run()
#23 {main}

Next exception 'yii\db\Exception' with message 'SQLSTATE[42S22]: Column not found: 1054 Unknown column 'status' in 'where clause'
The SQL being executed was: SELECT * FROM `user` WHERE (`id`=1) AND (`status`=10)' in C:\xampp\htdocs\hoclai01\vendor\yiisoft\yii2\db\Schema.php:628
Stack trace:
#0 C:\xampp\htdocs\hoclai01\vendor\yiisoft\yii2\db\Command.php(852): yii\db\Schema->convertException(Object(PDOException), 'SELECT * FROM `...')
#1 C:\xampp\htdocs\hoclai01\vendor\yiisoft\yii2\db\Command.php(373): yii\db\Command->queryInternal('fetch', NULL)
#2 C:\xampp\htdocs\hoclai01\vendor\yiisoft\yii2\db\Query.php(243): yii\db\Command->queryOne()
#3 C:\xampp\htdocs\hoclai01\vendor\yiisoft\yii2\db\ActiveQuery.php(300): yii\db\Query->one(NULL)
#4 C:\xampp\htdocs\hoclai01\vendor\yiisoft\yii2\db\BaseActiveRecord.php(102): yii\db\ActiveQuery->one()
#5 C:\xampp\htdocs\hoclai01\common\models\User.php(63): yii\db\BaseActiveRecord::findOne(Array)
#6 C:\xampp\htdocs\hoclai01\vendor\yiisoft\yii2\web\User.php(614): common\models\User::findIdentity(1)
#7 C:\xampp\htdocs\hoclai01\vendor\yiisoft\yii2\web\User.php(176): yii\web\User->renewAuthStatus()
#8 C:\xampp\htdocs\hoclai01\vendor\yiisoft\yii2\web\User.php(346): yii\web\User->getIdentity()
#9 C:\xampp\htdocs\hoclai01\vendor\yiisoft\yii2\base\Component.php(130): yii\web\User->getIsGuest()
#10 C:\xampp\htdocs\hoclai01\frontend\views\layouts\main.php(42): yii\base\Component->__get('isGuest')
#11 C:\xampp\htdocs\hoclai01\vendor\yiisoft\yii2\base\View.php(325): require('C:\\xampp\\htdocs...')
#12 C:\xampp\htdocs\hoclai01\vendor\yiisoft\yii2\base\View.php(247): yii\base\View->renderPhpFile('C:\\xampp\\htdocs...', Array)
#13 C:\xampp\htdocs\hoclai01\vendor\yiisoft\yii2\base\Controller.php(386): yii\base\View->renderFile('C:\\xampp\\htdocs...', Array, Object(frontend\controllers\SiteController))
#14 C:\xampp\htdocs\hoclai01\vendor\yiisoft\yii2\base\Controller.php(372): yii\base\Controller->renderContent('<div class="sit...')
#15 C:\xampp\htdocs\hoclai01\frontend\controllers\SiteController.php(75): yii\base\Controller->render('index')
#16 [internal function]: frontend\controllers\SiteController->actionIndex()
#17 C:\xampp\htdocs\hoclai01\vendor\yiisoft\yii2\base\InlineAction.php(55): call_user_func_array(Array, Array)
#18 C:\xampp\htdocs\hoclai01\vendor\yiisoft\yii2\base\Controller.php(151): yii\base\InlineAction->runWithParams(Array)
#19 C:\xampp\htdocs\hoclai01\vendor\yiisoft\yii2\base\Module.php(455): yii\base\Controller->runAction('', Array)
#20 C:\xampp\htdocs\hoclai01\vendor\yiisoft\yii2\web\Application.php(84): yii\base\Module->runAction('', Array)
#21 C:\xampp\htdocs\hoclai01\vendor\yiisoft\yii2\base\Application.php(375): yii\web\Application->handleRequest(Object(yii\web\Request))
#22 C:\xampp\htdocs\hoclai01\frontend\web\index.php(18): yii\base\Application->run()
#23 {main}
Additional Information:
Array
(
    [0] => 42S22
    [1] => 1054
    [2] => Unknown column 'status' in 'where clause'
)

2015-10-13 10:00:13 [127.0.0.1][-][itd6hcaqbbfihk4aphlukbmm70][info][application] $_COOKIE = [
    'PHPSESSID' => 'itd6hcaqbbfihk4aphlukbmm70'
    '_csrf' => 'ca138fa2de84ede193ff2aa532e517b2a7f95a675216e8ad63296072ef6204b3a:2:{i:0;s:5:\"_csrf\";i:1;s:32:\"2Ui6Fn_hEKgundqPN6Cpw2UOLjHabv7A\";}'
    'FRONTENDSESSID' => '24uh32fims1a1b4lpk2547s2e1'
]

$_SESSION = [
    '__flash' => []
    '__id' => 1
]

$_SERVER = [
    'MIBDIRS' => 'C:/xampp/php/extras/mibs'
    'MYSQL_HOME' => '\\xampp\\mysql\\bin'
    'OPENSSL_CONF' => 'C:/xampp/apache/bin/openssl.cnf'
    'PHP_PEAR_SYSCONF_DIR' => '\\xampp\\php'
    'PHPRC' => '\\xampp\\php'
    'TMP' => '\\xampp\\tmp'
    'HTTP_HOST' => 'frontend.dev'
    'HTTP_CONNECTION' => 'keep-alive'
    'HTTP_CACHE_CONTROL' => 'max-age=0'
    'HTTP_ACCEPT' => 'text/html,application/xhtml+xml,application/xml;q=0.9,image/webp,*/*;q=0.8'
    'HTTP_UPGRADE_INSECURE_REQUESTS' => '1'
    'HTTP_USER_AGENT' => 'Mozilla/5.0 (Windows NT 6.3; WOW64) AppleWebKit/537.36 (KHTML, like Gecko) Chrome/45.0.2454.101 Safari/537.36'
    'HTTP_REFERER' => 'http://frontend.dev/index.php?r=site%2Fsignup'
    'HTTP_ACCEPT_ENCODING' => 'gzip, deflate, sdch'
    'HTTP_ACCEPT_LANGUAGE' => 'vi-VN,vi;q=0.8,fr-FR;q=0.6,fr;q=0.4,en-US;q=0.2,en;q=0.2'
    'HTTP_COOKIE' => 'PHPSESSID=itd6hcaqbbfihk4aphlukbmm70; _csrf=ca138fa2de84ede193ff2aa532e517b2a7f95a675216e8ad63296072ef6204b3a%3A2%3A%7Bi%3A0%3Bs%3A5%3A%22_csrf%22%3Bi%3A1%3Bs%3A32%3A%222Ui6Fn_hEKgundqPN6Cpw2UOLjHabv7A%22%3B%7D; FRONTENDSESSID=24uh32fims1a1b4lpk2547s2e1'
    'PATH' => 'C:\\ProgramData\\Oracle\\Java\\javapath;C:\\Program Files (x86)\\NVIDIA Corporation\\PhysX\\Common;C:\\Windows\\system32;C:\\Windows;C:\\Windows\\System32\\Wbem;C:\\Windows\\System32\\WindowsPowerShell\\v1.0\\;C:\\Program Files (x86)\\Skype\\Phone\\;C:\\xampp\\php;C:\\adb;C:\\Program Files\\TortoiseGit\\bin'
    'SystemRoot' => 'C:\\Windows'
    'COMSPEC' => 'C:\\Windows\\system32\\cmd.exe'
    'PATHEXT' => '.COM;.EXE;.BAT;.CMD;.VBS;.VBE;.JS;.JSE;.WSF;.WSH;.MSC'
    'WINDIR' => 'C:\\Windows'
    'SERVER_SIGNATURE' => '<address>Apache/2.4.16 (Win32) OpenSSL/1.0.1p PHP/5.6.12 Server at frontend.dev Port 80</address>
'
    'SERVER_SOFTWARE' => 'Apache/2.4.16 (Win32) OpenSSL/1.0.1p PHP/5.6.12'
    'SERVER_NAME' => 'frontend.dev'
    'SERVER_ADDR' => '127.0.0.1'
    'SERVER_PORT' => '80'
    'REMOTE_ADDR' => '127.0.0.1'
    'DOCUMENT_ROOT' => 'C:/xampp/htdocs/hoclai01/frontend/web/'
    'REQUEST_SCHEME' => 'http'
    'CONTEXT_PREFIX' => ''
    'CONTEXT_DOCUMENT_ROOT' => 'C:/xampp/htdocs/hoclai01/frontend/web/'
    'SERVER_ADMIN' => 'postmaster@localhost'
    'SCRIPT_FILENAME' => 'C:/xampp/htdocs/hoclai01/frontend/web/index.php'
    'REMOTE_PORT' => '63220'
    'GATEWAY_INTERFACE' => 'CGI/1.1'
    'SERVER_PROTOCOL' => 'HTTP/1.1'
    'REQUEST_METHOD' => 'GET'
    'QUERY_STRING' => ''
    'REQUEST_URI' => '/index.php'
    'SCRIPT_NAME' => '/index.php'
    'PHP_SELF' => '/index.php'
    'REQUEST_TIME_FLOAT' => 1444723213.179
    'REQUEST_TIME' => 1444723213
]
2015-10-13 10:00:13 [127.0.0.1][-][itd6hcaqbbfihk4aphlukbmm70][error][yii\db\Exception] exception 'PDOException' with message 'SQLSTATE[42S22]: Column not found: 1054 Unknown column 'status' in 'where clause'' in C:\xampp\htdocs\hoclai01\vendor\yiisoft\yii2\db\Command.php:837
Stack trace:
#0 C:\xampp\htdocs\hoclai01\vendor\yiisoft\yii2\db\Command.php(837): PDOStatement->execute()
#1 C:\xampp\htdocs\hoclai01\vendor\yiisoft\yii2\db\Command.php(373): yii\db\Command->queryInternal('fetch', NULL)
#2 C:\xampp\htdocs\hoclai01\vendor\yiisoft\yii2\db\Query.php(243): yii\db\Command->queryOne()
#3 C:\xampp\htdocs\hoclai01\vendor\yiisoft\yii2\db\ActiveQuery.php(300): yii\db\Query->one(NULL)
#4 C:\xampp\htdocs\hoclai01\vendor\yiisoft\yii2\db\BaseActiveRecord.php(102): yii\db\ActiveQuery->one()
#5 C:\xampp\htdocs\hoclai01\common\models\User.php(63): yii\db\BaseActiveRecord::findOne(Array)
#6 C:\xampp\htdocs\hoclai01\vendor\yiisoft\yii2\web\User.php(614): common\models\User::findIdentity(1)
#7 C:\xampp\htdocs\hoclai01\vendor\yiisoft\yii2\web\User.php(176): yii\web\User->renewAuthStatus()
#8 C:\xampp\htdocs\hoclai01\vendor\yiisoft\yii2\web\User.php(346): yii\web\User->getIdentity()
#9 C:\xampp\htdocs\hoclai01\vendor\yiisoft\yii2\base\Component.php(130): yii\web\User->getIsGuest()
#10 C:\xampp\htdocs\hoclai01\frontend\views\layouts\main.php(42): yii\base\Component->__get('isGuest')
#11 C:\xampp\htdocs\hoclai01\vendor\yiisoft\yii2\base\View.php(325): require('C:\\xampp\\htdocs...')
#12 C:\xampp\htdocs\hoclai01\vendor\yiisoft\yii2\base\View.php(247): yii\base\View->renderPhpFile('C:\\xampp\\htdocs...', Array)
#13 C:\xampp\htdocs\hoclai01\vendor\yiisoft\yii2\base\Controller.php(386): yii\base\View->renderFile('C:\\xampp\\htdocs...', Array, Object(frontend\controllers\SiteController))
#14 C:\xampp\htdocs\hoclai01\vendor\yiisoft\yii2\base\Controller.php(372): yii\base\Controller->renderContent('<div class="sit...')
#15 C:\xampp\htdocs\hoclai01\frontend\controllers\SiteController.php(75): yii\base\Controller->render('index')
#16 [internal function]: frontend\controllers\SiteController->actionIndex()
#17 C:\xampp\htdocs\hoclai01\vendor\yiisoft\yii2\base\InlineAction.php(55): call_user_func_array(Array, Array)
#18 C:\xampp\htdocs\hoclai01\vendor\yiisoft\yii2\base\Controller.php(151): yii\base\InlineAction->runWithParams(Array)
#19 C:\xampp\htdocs\hoclai01\vendor\yiisoft\yii2\base\Module.php(455): yii\base\Controller->runAction('', Array)
#20 C:\xampp\htdocs\hoclai01\vendor\yiisoft\yii2\web\Application.php(84): yii\base\Module->runAction('', Array)
#21 C:\xampp\htdocs\hoclai01\vendor\yiisoft\yii2\base\Application.php(375): yii\web\Application->handleRequest(Object(yii\web\Request))
#22 C:\xampp\htdocs\hoclai01\frontend\web\index.php(18): yii\base\Application->run()
#23 {main}

Next exception 'yii\db\Exception' with message 'SQLSTATE[42S22]: Column not found: 1054 Unknown column 'status' in 'where clause'
The SQL being executed was: SELECT * FROM `user` WHERE (`id`=1) AND (`status`=10)' in C:\xampp\htdocs\hoclai01\vendor\yiisoft\yii2\db\Schema.php:628
Stack trace:
#0 C:\xampp\htdocs\hoclai01\vendor\yiisoft\yii2\db\Command.php(852): yii\db\Schema->convertException(Object(PDOException), 'SELECT * FROM `...')
#1 C:\xampp\htdocs\hoclai01\vendor\yiisoft\yii2\db\Command.php(373): yii\db\Command->queryInternal('fetch', NULL)
#2 C:\xampp\htdocs\hoclai01\vendor\yiisoft\yii2\db\Query.php(243): yii\db\Command->queryOne()
#3 C:\xampp\htdocs\hoclai01\vendor\yiisoft\yii2\db\ActiveQuery.php(300): yii\db\Query->one(NULL)
#4 C:\xampp\htdocs\hoclai01\vendor\yiisoft\yii2\db\BaseActiveRecord.php(102): yii\db\ActiveQuery->one()
#5 C:\xampp\htdocs\hoclai01\common\models\User.php(63): yii\db\BaseActiveRecord::findOne(Array)
#6 C:\xampp\htdocs\hoclai01\vendor\yiisoft\yii2\web\User.php(614): common\models\User::findIdentity(1)
#7 C:\xampp\htdocs\hoclai01\vendor\yiisoft\yii2\web\User.php(176): yii\web\User->renewAuthStatus()
#8 C:\xampp\htdocs\hoclai01\vendor\yiisoft\yii2\web\User.php(346): yii\web\User->getIdentity()
#9 C:\xampp\htdocs\hoclai01\vendor\yiisoft\yii2\base\Component.php(130): yii\web\User->getIsGuest()
#10 C:\xampp\htdocs\hoclai01\frontend\views\layouts\main.php(42): yii\base\Component->__get('isGuest')
#11 C:\xampp\htdocs\hoclai01\vendor\yiisoft\yii2\base\View.php(325): require('C:\\xampp\\htdocs...')
#12 C:\xampp\htdocs\hoclai01\vendor\yiisoft\yii2\base\View.php(247): yii\base\View->renderPhpFile('C:\\xampp\\htdocs...', Array)
#13 C:\xampp\htdocs\hoclai01\vendor\yiisoft\yii2\base\Controller.php(386): yii\base\View->renderFile('C:\\xampp\\htdocs...', Array, Object(frontend\controllers\SiteController))
#14 C:\xampp\htdocs\hoclai01\vendor\yiisoft\yii2\base\Controller.php(372): yii\base\Controller->renderContent('<div class="sit...')
#15 C:\xampp\htdocs\hoclai01\frontend\controllers\SiteController.php(75): yii\base\Controller->render('index')
#16 [internal function]: frontend\controllers\SiteController->actionIndex()
#17 C:\xampp\htdocs\hoclai01\vendor\yiisoft\yii2\base\InlineAction.php(55): call_user_func_array(Array, Array)
#18 C:\xampp\htdocs\hoclai01\vendor\yiisoft\yii2\base\Controller.php(151): yii\base\InlineAction->runWithParams(Array)
#19 C:\xampp\htdocs\hoclai01\vendor\yiisoft\yii2\base\Module.php(455): yii\base\Controller->runAction('', Array)
#20 C:\xampp\htdocs\hoclai01\vendor\yiisoft\yii2\web\Application.php(84): yii\base\Module->runAction('', Array)
#21 C:\xampp\htdocs\hoclai01\vendor\yiisoft\yii2\base\Application.php(375): yii\web\Application->handleRequest(Object(yii\web\Request))
#22 C:\xampp\htdocs\hoclai01\frontend\web\index.php(18): yii\base\Application->run()
#23 {main}
Additional Information:
Array
(
    [0] => 42S22
    [1] => 1054
    [2] => Unknown column 'status' in 'where clause'
)

2015-10-13 10:00:13 [127.0.0.1][-][itd6hcaqbbfihk4aphlukbmm70][info][application] $_COOKIE = [
    'PHPSESSID' => 'itd6hcaqbbfihk4aphlukbmm70'
    '_csrf' => 'ca138fa2de84ede193ff2aa532e517b2a7f95a675216e8ad63296072ef6204b3a:2:{i:0;s:5:\"_csrf\";i:1;s:32:\"2Ui6Fn_hEKgundqPN6Cpw2UOLjHabv7A\";}'
    'FRONTENDSESSID' => '24uh32fims1a1b4lpk2547s2e1'
]

$_SESSION = [
    '__flash' => []
    '__id' => 1
]

$_SERVER = [
    'MIBDIRS' => 'C:/xampp/php/extras/mibs'
    'MYSQL_HOME' => '\\xampp\\mysql\\bin'
    'OPENSSL_CONF' => 'C:/xampp/apache/bin/openssl.cnf'
    'PHP_PEAR_SYSCONF_DIR' => '\\xampp\\php'
    'PHPRC' => '\\xampp\\php'
    'TMP' => '\\xampp\\tmp'
    'HTTP_HOST' => 'frontend.dev'
    'HTTP_CONNECTION' => 'keep-alive'
    'HTTP_CACHE_CONTROL' => 'max-age=0'
    'HTTP_ACCEPT' => 'text/html,application/xhtml+xml,application/xml;q=0.9,image/webp,*/*;q=0.8'
    'HTTP_UPGRADE_INSECURE_REQUESTS' => '1'
    'HTTP_USER_AGENT' => 'Mozilla/5.0 (Windows NT 6.3; WOW64) AppleWebKit/537.36 (KHTML, like Gecko) Chrome/45.0.2454.101 Safari/537.36'
    'HTTP_REFERER' => 'http://frontend.dev/index.php?r=site%2Fsignup'
    'HTTP_ACCEPT_ENCODING' => 'gzip, deflate, sdch'
    'HTTP_ACCEPT_LANGUAGE' => 'vi-VN,vi;q=0.8,fr-FR;q=0.6,fr;q=0.4,en-US;q=0.2,en;q=0.2'
    'HTTP_COOKIE' => 'PHPSESSID=itd6hcaqbbfihk4aphlukbmm70; _csrf=ca138fa2de84ede193ff2aa532e517b2a7f95a675216e8ad63296072ef6204b3a%3A2%3A%7Bi%3A0%3Bs%3A5%3A%22_csrf%22%3Bi%3A1%3Bs%3A32%3A%222Ui6Fn_hEKgundqPN6Cpw2UOLjHabv7A%22%3B%7D; FRONTENDSESSID=24uh32fims1a1b4lpk2547s2e1'
    'PATH' => 'C:\\ProgramData\\Oracle\\Java\\javapath;C:\\Program Files (x86)\\NVIDIA Corporation\\PhysX\\Common;C:\\Windows\\system32;C:\\Windows;C:\\Windows\\System32\\Wbem;C:\\Windows\\System32\\WindowsPowerShell\\v1.0\\;C:\\Program Files (x86)\\Skype\\Phone\\;C:\\xampp\\php;C:\\adb;C:\\Program Files\\TortoiseGit\\bin'
    'SystemRoot' => 'C:\\Windows'
    'COMSPEC' => 'C:\\Windows\\system32\\cmd.exe'
    'PATHEXT' => '.COM;.EXE;.BAT;.CMD;.VBS;.VBE;.JS;.JSE;.WSF;.WSH;.MSC'
    'WINDIR' => 'C:\\Windows'
    'SERVER_SIGNATURE' => '<address>Apache/2.4.16 (Win32) OpenSSL/1.0.1p PHP/5.6.12 Server at frontend.dev Port 80</address>
'
    'SERVER_SOFTWARE' => 'Apache/2.4.16 (Win32) OpenSSL/1.0.1p PHP/5.6.12'
    'SERVER_NAME' => 'frontend.dev'
    'SERVER_ADDR' => '127.0.0.1'
    'SERVER_PORT' => '80'
    'REMOTE_ADDR' => '127.0.0.1'
    'DOCUMENT_ROOT' => 'C:/xampp/htdocs/hoclai01/frontend/web/'
    'REQUEST_SCHEME' => 'http'
    'CONTEXT_PREFIX' => ''
    'CONTEXT_DOCUMENT_ROOT' => 'C:/xampp/htdocs/hoclai01/frontend/web/'
    'SERVER_ADMIN' => 'postmaster@localhost'
    'SCRIPT_FILENAME' => 'C:/xampp/htdocs/hoclai01/frontend/web/index.php'
    'REMOTE_PORT' => '63222'
    'GATEWAY_INTERFACE' => 'CGI/1.1'
    'SERVER_PROTOCOL' => 'HTTP/1.1'
    'REQUEST_METHOD' => 'GET'
    'QUERY_STRING' => ''
    'REQUEST_URI' => '/index.php'
    'SCRIPT_NAME' => '/index.php'
    'PHP_SELF' => '/index.php'
    'REQUEST_TIME_FLOAT' => 1444723213.544
    'REQUEST_TIME' => 1444723213
]
2015-10-13 10:00:14 [127.0.0.1][-][itd6hcaqbbfihk4aphlukbmm70][error][yii\db\Exception] exception 'PDOException' with message 'SQLSTATE[42S22]: Column not found: 1054 Unknown column 'status' in 'where clause'' in C:\xampp\htdocs\hoclai01\vendor\yiisoft\yii2\db\Command.php:837
Stack trace:
#0 C:\xampp\htdocs\hoclai01\vendor\yiisoft\yii2\db\Command.php(837): PDOStatement->execute()
#1 C:\xampp\htdocs\hoclai01\vendor\yiisoft\yii2\db\Command.php(373): yii\db\Command->queryInternal('fetch', NULL)
#2 C:\xampp\htdocs\hoclai01\vendor\yiisoft\yii2\db\Query.php(243): yii\db\Command->queryOne()
#3 C:\xampp\htdocs\hoclai01\vendor\yiisoft\yii2\db\ActiveQuery.php(300): yii\db\Query->one(NULL)
#4 C:\xampp\htdocs\hoclai01\vendor\yiisoft\yii2\db\BaseActiveRecord.php(102): yii\db\ActiveQuery->one()
#5 C:\xampp\htdocs\hoclai01\common\models\User.php(63): yii\db\BaseActiveRecord::findOne(Array)
#6 C:\xampp\htdocs\hoclai01\vendor\yiisoft\yii2\web\User.php(614): common\models\User::findIdentity(1)
#7 C:\xampp\htdocs\hoclai01\vendor\yiisoft\yii2\web\User.php(176): yii\web\User->renewAuthStatus()
#8 C:\xampp\htdocs\hoclai01\vendor\yiisoft\yii2\web\User.php(346): yii\web\User->getIdentity()
#9 C:\xampp\htdocs\hoclai01\vendor\yiisoft\yii2\base\Component.php(130): yii\web\User->getIsGuest()
#10 C:\xampp\htdocs\hoclai01\frontend\views\layouts\main.php(42): yii\base\Component->__get('isGuest')
#11 C:\xampp\htdocs\hoclai01\vendor\yiisoft\yii2\base\View.php(325): require('C:\\xampp\\htdocs...')
#12 C:\xampp\htdocs\hoclai01\vendor\yiisoft\yii2\base\View.php(247): yii\base\View->renderPhpFile('C:\\xampp\\htdocs...', Array)
#13 C:\xampp\htdocs\hoclai01\vendor\yiisoft\yii2\base\Controller.php(386): yii\base\View->renderFile('C:\\xampp\\htdocs...', Array, Object(frontend\controllers\SiteController))
#14 C:\xampp\htdocs\hoclai01\vendor\yiisoft\yii2\base\Controller.php(372): yii\base\Controller->renderContent('<div class="sit...')
#15 C:\xampp\htdocs\hoclai01\frontend\controllers\SiteController.php(75): yii\base\Controller->render('index')
#16 [internal function]: frontend\controllers\SiteController->actionIndex()
#17 C:\xampp\htdocs\hoclai01\vendor\yiisoft\yii2\base\InlineAction.php(55): call_user_func_array(Array, Array)
#18 C:\xampp\htdocs\hoclai01\vendor\yiisoft\yii2\base\Controller.php(151): yii\base\InlineAction->runWithParams(Array)
#19 C:\xampp\htdocs\hoclai01\vendor\yiisoft\yii2\base\Module.php(455): yii\base\Controller->runAction('', Array)
#20 C:\xampp\htdocs\hoclai01\vendor\yiisoft\yii2\web\Application.php(84): yii\base\Module->runAction('', Array)
#21 C:\xampp\htdocs\hoclai01\vendor\yiisoft\yii2\base\Application.php(375): yii\web\Application->handleRequest(Object(yii\web\Request))
#22 C:\xampp\htdocs\hoclai01\frontend\web\index.php(18): yii\base\Application->run()
#23 {main}

Next exception 'yii\db\Exception' with message 'SQLSTATE[42S22]: Column not found: 1054 Unknown column 'status' in 'where clause'
The SQL being executed was: SELECT * FROM `user` WHERE (`id`=1) AND (`status`=10)' in C:\xampp\htdocs\hoclai01\vendor\yiisoft\yii2\db\Schema.php:628
Stack trace:
#0 C:\xampp\htdocs\hoclai01\vendor\yiisoft\yii2\db\Command.php(852): yii\db\Schema->convertException(Object(PDOException), 'SELECT * FROM `...')
#1 C:\xampp\htdocs\hoclai01\vendor\yiisoft\yii2\db\Command.php(373): yii\db\Command->queryInternal('fetch', NULL)
#2 C:\xampp\htdocs\hoclai01\vendor\yiisoft\yii2\db\Query.php(243): yii\db\Command->queryOne()
#3 C:\xampp\htdocs\hoclai01\vendor\yiisoft\yii2\db\ActiveQuery.php(300): yii\db\Query->one(NULL)
#4 C:\xampp\htdocs\hoclai01\vendor\yiisoft\yii2\db\BaseActiveRecord.php(102): yii\db\ActiveQuery->one()
#5 C:\xampp\htdocs\hoclai01\common\models\User.php(63): yii\db\BaseActiveRecord::findOne(Array)
#6 C:\xampp\htdocs\hoclai01\vendor\yiisoft\yii2\web\User.php(614): common\models\User::findIdentity(1)
#7 C:\xampp\htdocs\hoclai01\vendor\yiisoft\yii2\web\User.php(176): yii\web\User->renewAuthStatus()
#8 C:\xampp\htdocs\hoclai01\vendor\yiisoft\yii2\web\User.php(346): yii\web\User->getIdentity()
#9 C:\xampp\htdocs\hoclai01\vendor\yiisoft\yii2\base\Component.php(130): yii\web\User->getIsGuest()
#10 C:\xampp\htdocs\hoclai01\frontend\views\layouts\main.php(42): yii\base\Component->__get('isGuest')
#11 C:\xampp\htdocs\hoclai01\vendor\yiisoft\yii2\base\View.php(325): require('C:\\xampp\\htdocs...')
#12 C:\xampp\htdocs\hoclai01\vendor\yiisoft\yii2\base\View.php(247): yii\base\View->renderPhpFile('C:\\xampp\\htdocs...', Array)
#13 C:\xampp\htdocs\hoclai01\vendor\yiisoft\yii2\base\Controller.php(386): yii\base\View->renderFile('C:\\xampp\\htdocs...', Array, Object(frontend\controllers\SiteController))
#14 C:\xampp\htdocs\hoclai01\vendor\yiisoft\yii2\base\Controller.php(372): yii\base\Controller->renderContent('<div class="sit...')
#15 C:\xampp\htdocs\hoclai01\frontend\controllers\SiteController.php(75): yii\base\Controller->render('index')
#16 [internal function]: frontend\controllers\SiteController->actionIndex()
#17 C:\xampp\htdocs\hoclai01\vendor\yiisoft\yii2\base\InlineAction.php(55): call_user_func_array(Array, Array)
#18 C:\xampp\htdocs\hoclai01\vendor\yiisoft\yii2\base\Controller.php(151): yii\base\InlineAction->runWithParams(Array)
#19 C:\xampp\htdocs\hoclai01\vendor\yiisoft\yii2\base\Module.php(455): yii\base\Controller->runAction('', Array)
#20 C:\xampp\htdocs\hoclai01\vendor\yiisoft\yii2\web\Application.php(84): yii\base\Module->runAction('', Array)
#21 C:\xampp\htdocs\hoclai01\vendor\yiisoft\yii2\base\Application.php(375): yii\web\Application->handleRequest(Object(yii\web\Request))
#22 C:\xampp\htdocs\hoclai01\frontend\web\index.php(18): yii\base\Application->run()
#23 {main}
Additional Information:
Array
(
    [0] => 42S22
    [1] => 1054
    [2] => Unknown column 'status' in 'where clause'
)

2015-10-13 10:00:14 [127.0.0.1][-][itd6hcaqbbfihk4aphlukbmm70][info][application] $_COOKIE = [
    'PHPSESSID' => 'itd6hcaqbbfihk4aphlukbmm70'
    '_csrf' => 'ca138fa2de84ede193ff2aa532e517b2a7f95a675216e8ad63296072ef6204b3a:2:{i:0;s:5:\"_csrf\";i:1;s:32:\"2Ui6Fn_hEKgundqPN6Cpw2UOLjHabv7A\";}'
    'FRONTENDSESSID' => '24uh32fims1a1b4lpk2547s2e1'
]

$_SESSION = [
    '__flash' => []
    '__id' => 1
]

$_SERVER = [
    'MIBDIRS' => 'C:/xampp/php/extras/mibs'
    'MYSQL_HOME' => '\\xampp\\mysql\\bin'
    'OPENSSL_CONF' => 'C:/xampp/apache/bin/openssl.cnf'
    'PHP_PEAR_SYSCONF_DIR' => '\\xampp\\php'
    'PHPRC' => '\\xampp\\php'
    'TMP' => '\\xampp\\tmp'
    'HTTP_HOST' => 'frontend.dev'
    'HTTP_CONNECTION' => 'keep-alive'
    'HTTP_CACHE_CONTROL' => 'max-age=0'
    'HTTP_ACCEPT' => 'text/html,application/xhtml+xml,application/xml;q=0.9,image/webp,*/*;q=0.8'
    'HTTP_UPGRADE_INSECURE_REQUESTS' => '1'
    'HTTP_USER_AGENT' => 'Mozilla/5.0 (Windows NT 6.3; WOW64) AppleWebKit/537.36 (KHTML, like Gecko) Chrome/45.0.2454.101 Safari/537.36'
    'HTTP_REFERER' => 'http://frontend.dev/index.php?r=site%2Fsignup'
    'HTTP_ACCEPT_ENCODING' => 'gzip, deflate, sdch'
    'HTTP_ACCEPT_LANGUAGE' => 'vi-VN,vi;q=0.8,fr-FR;q=0.6,fr;q=0.4,en-US;q=0.2,en;q=0.2'
    'HTTP_COOKIE' => 'PHPSESSID=itd6hcaqbbfihk4aphlukbmm70; _csrf=ca138fa2de84ede193ff2aa532e517b2a7f95a675216e8ad63296072ef6204b3a%3A2%3A%7Bi%3A0%3Bs%3A5%3A%22_csrf%22%3Bi%3A1%3Bs%3A32%3A%222Ui6Fn_hEKgundqPN6Cpw2UOLjHabv7A%22%3B%7D; FRONTENDSESSID=24uh32fims1a1b4lpk2547s2e1'
    'PATH' => 'C:\\ProgramData\\Oracle\\Java\\javapath;C:\\Program Files (x86)\\NVIDIA Corporation\\PhysX\\Common;C:\\Windows\\system32;C:\\Windows;C:\\Windows\\System32\\Wbem;C:\\Windows\\System32\\WindowsPowerShell\\v1.0\\;C:\\Program Files (x86)\\Skype\\Phone\\;C:\\xampp\\php;C:\\adb;C:\\Program Files\\TortoiseGit\\bin'
    'SystemRoot' => 'C:\\Windows'
    'COMSPEC' => 'C:\\Windows\\system32\\cmd.exe'
    'PATHEXT' => '.COM;.EXE;.BAT;.CMD;.VBS;.VBE;.JS;.JSE;.WSF;.WSH;.MSC'
    'WINDIR' => 'C:\\Windows'
    'SERVER_SIGNATURE' => '<address>Apache/2.4.16 (Win32) OpenSSL/1.0.1p PHP/5.6.12 Server at frontend.dev Port 80</address>
'
    'SERVER_SOFTWARE' => 'Apache/2.4.16 (Win32) OpenSSL/1.0.1p PHP/5.6.12'
    'SERVER_NAME' => 'frontend.dev'
    'SERVER_ADDR' => '127.0.0.1'
    'SERVER_PORT' => '80'
    'REMOTE_ADDR' => '127.0.0.1'
    'DOCUMENT_ROOT' => 'C:/xampp/htdocs/hoclai01/frontend/web/'
    'REQUEST_SCHEME' => 'http'
    'CONTEXT_PREFIX' => ''
    'CONTEXT_DOCUMENT_ROOT' => 'C:/xampp/htdocs/hoclai01/frontend/web/'
    'SERVER_ADMIN' => 'postmaster@localhost'
    'SCRIPT_FILENAME' => 'C:/xampp/htdocs/hoclai01/frontend/web/index.php'
    'REMOTE_PORT' => '63219'
    'GATEWAY_INTERFACE' => 'CGI/1.1'
    'SERVER_PROTOCOL' => 'HTTP/1.1'
    'REQUEST_METHOD' => 'GET'
    'QUERY_STRING' => ''
    'REQUEST_URI' => '/index.php'
    'SCRIPT_NAME' => '/index.php'
    'PHP_SELF' => '/index.php'
    'REQUEST_TIME_FLOAT' => 1444723214.384
    'REQUEST_TIME' => 1444723214
]
2015-10-13 10:14:03 [127.0.0.1][-][itd6hcaqbbfihk4aphlukbmm70][error][yii\db\Exception] exception 'PDOException' with message 'SQLSTATE[42S22]: Column not found: 1054 Unknown column 'status' in 'where clause'' in C:\xampp\htdocs\hoclai01\vendor\yiisoft\yii2\db\Command.php:837
Stack trace:
#0 C:\xampp\htdocs\hoclai01\vendor\yiisoft\yii2\db\Command.php(837): PDOStatement->execute()
#1 C:\xampp\htdocs\hoclai01\vendor\yiisoft\yii2\db\Command.php(373): yii\db\Command->queryInternal('fetch', NULL)
#2 C:\xampp\htdocs\hoclai01\vendor\yiisoft\yii2\db\Query.php(243): yii\db\Command->queryOne()
#3 C:\xampp\htdocs\hoclai01\vendor\yiisoft\yii2\db\ActiveQuery.php(300): yii\db\Query->one(NULL)
#4 C:\xampp\htdocs\hoclai01\vendor\yiisoft\yii2\db\BaseActiveRecord.php(102): yii\db\ActiveQuery->one()
#5 C:\xampp\htdocs\hoclai01\common\models\User.php(63): yii\db\BaseActiveRecord::findOne(Array)
#6 C:\xampp\htdocs\hoclai01\vendor\yiisoft\yii2\web\User.php(614): common\models\User::findIdentity(1)
#7 C:\xampp\htdocs\hoclai01\vendor\yiisoft\yii2\web\User.php(176): yii\web\User->renewAuthStatus()
#8 C:\xampp\htdocs\hoclai01\vendor\yiisoft\yii2\web\User.php(346): yii\web\User->getIdentity()
#9 C:\xampp\htdocs\hoclai01\vendor\yiisoft\yii2\base\Component.php(130): yii\web\User->getIsGuest()
#10 C:\xampp\htdocs\hoclai01\frontend\views\layouts\main.php(42): yii\base\Component->__get('isGuest')
#11 C:\xampp\htdocs\hoclai01\vendor\yiisoft\yii2\base\View.php(325): require('C:\\xampp\\htdocs...')
#12 C:\xampp\htdocs\hoclai01\vendor\yiisoft\yii2\base\View.php(247): yii\base\View->renderPhpFile('C:\\xampp\\htdocs...', Array)
#13 C:\xampp\htdocs\hoclai01\vendor\yiisoft\yii2\base\Controller.php(386): yii\base\View->renderFile('C:\\xampp\\htdocs...', Array, Object(frontend\controllers\SiteController))
#14 C:\xampp\htdocs\hoclai01\vendor\yiisoft\yii2\base\Controller.php(372): yii\base\Controller->renderContent('<div class="sit...')
#15 C:\xampp\htdocs\hoclai01\frontend\controllers\SiteController.php(75): yii\base\Controller->render('index')
#16 [internal function]: frontend\controllers\SiteController->actionIndex()
#17 C:\xampp\htdocs\hoclai01\vendor\yiisoft\yii2\base\InlineAction.php(55): call_user_func_array(Array, Array)
#18 C:\xampp\htdocs\hoclai01\vendor\yiisoft\yii2\base\Controller.php(151): yii\base\InlineAction->runWithParams(Array)
#19 C:\xampp\htdocs\hoclai01\vendor\yiisoft\yii2\base\Module.php(455): yii\base\Controller->runAction('', Array)
#20 C:\xampp\htdocs\hoclai01\vendor\yiisoft\yii2\web\Application.php(84): yii\base\Module->runAction('', Array)
#21 C:\xampp\htdocs\hoclai01\vendor\yiisoft\yii2\base\Application.php(375): yii\web\Application->handleRequest(Object(yii\web\Request))
#22 C:\xampp\htdocs\hoclai01\frontend\web\index.php(18): yii\base\Application->run()
#23 {main}

Next exception 'yii\db\Exception' with message 'SQLSTATE[42S22]: Column not found: 1054 Unknown column 'status' in 'where clause'
The SQL being executed was: SELECT * FROM `user` WHERE (`id`=1) AND (`status`=10)' in C:\xampp\htdocs\hoclai01\vendor\yiisoft\yii2\db\Schema.php:628
Stack trace:
#0 C:\xampp\htdocs\hoclai01\vendor\yiisoft\yii2\db\Command.php(852): yii\db\Schema->convertException(Object(PDOException), 'SELECT * FROM `...')
#1 C:\xampp\htdocs\hoclai01\vendor\yiisoft\yii2\db\Command.php(373): yii\db\Command->queryInternal('fetch', NULL)
#2 C:\xampp\htdocs\hoclai01\vendor\yiisoft\yii2\db\Query.php(243): yii\db\Command->queryOne()
#3 C:\xampp\htdocs\hoclai01\vendor\yiisoft\yii2\db\ActiveQuery.php(300): yii\db\Query->one(NULL)
#4 C:\xampp\htdocs\hoclai01\vendor\yiisoft\yii2\db\BaseActiveRecord.php(102): yii\db\ActiveQuery->one()
#5 C:\xampp\htdocs\hoclai01\common\models\User.php(63): yii\db\BaseActiveRecord::findOne(Array)
#6 C:\xampp\htdocs\hoclai01\vendor\yiisoft\yii2\web\User.php(614): common\models\User::findIdentity(1)
#7 C:\xampp\htdocs\hoclai01\vendor\yiisoft\yii2\web\User.php(176): yii\web\User->renewAuthStatus()
#8 C:\xampp\htdocs\hoclai01\vendor\yiisoft\yii2\web\User.php(346): yii\web\User->getIdentity()
#9 C:\xampp\htdocs\hoclai01\vendor\yiisoft\yii2\base\Component.php(130): yii\web\User->getIsGuest()
#10 C:\xampp\htdocs\hoclai01\frontend\views\layouts\main.php(42): yii\base\Component->__get('isGuest')
#11 C:\xampp\htdocs\hoclai01\vendor\yiisoft\yii2\base\View.php(325): require('C:\\xampp\\htdocs...')
#12 C:\xampp\htdocs\hoclai01\vendor\yiisoft\yii2\base\View.php(247): yii\base\View->renderPhpFile('C:\\xampp\\htdocs...', Array)
#13 C:\xampp\htdocs\hoclai01\vendor\yiisoft\yii2\base\Controller.php(386): yii\base\View->renderFile('C:\\xampp\\htdocs...', Array, Object(frontend\controllers\SiteController))
#14 C:\xampp\htdocs\hoclai01\vendor\yiisoft\yii2\base\Controller.php(372): yii\base\Controller->renderContent('<div class="sit...')
#15 C:\xampp\htdocs\hoclai01\frontend\controllers\SiteController.php(75): yii\base\Controller->render('index')
#16 [internal function]: frontend\controllers\SiteController->actionIndex()
#17 C:\xampp\htdocs\hoclai01\vendor\yiisoft\yii2\base\InlineAction.php(55): call_user_func_array(Array, Array)
#18 C:\xampp\htdocs\hoclai01\vendor\yiisoft\yii2\base\Controller.php(151): yii\base\InlineAction->runWithParams(Array)
#19 C:\xampp\htdocs\hoclai01\vendor\yiisoft\yii2\base\Module.php(455): yii\base\Controller->runAction('', Array)
#20 C:\xampp\htdocs\hoclai01\vendor\yiisoft\yii2\web\Application.php(84): yii\base\Module->runAction('', Array)
#21 C:\xampp\htdocs\hoclai01\vendor\yiisoft\yii2\base\Application.php(375): yii\web\Application->handleRequest(Object(yii\web\Request))
#22 C:\xampp\htdocs\hoclai01\frontend\web\index.php(18): yii\base\Application->run()
#23 {main}
Additional Information:
Array
(
    [0] => 42S22
    [1] => 1054
    [2] => Unknown column 'status' in 'where clause'
)

2015-10-13 10:14:03 [127.0.0.1][-][itd6hcaqbbfihk4aphlukbmm70][info][application] $_COOKIE = [
    'PHPSESSID' => 'itd6hcaqbbfihk4aphlukbmm70'
    '_csrf' => 'ca138fa2de84ede193ff2aa532e517b2a7f95a675216e8ad63296072ef6204b3a:2:{i:0;s:5:\"_csrf\";i:1;s:32:\"2Ui6Fn_hEKgundqPN6Cpw2UOLjHabv7A\";}'
    'FRONTENDSESSID' => '24uh32fims1a1b4lpk2547s2e1'
]

$_SESSION = [
    '__flash' => []
    '__id' => 1
]

$_SERVER = [
    'MIBDIRS' => 'C:/xampp/php/extras/mibs'
    'MYSQL_HOME' => '\\xampp\\mysql\\bin'
    'OPENSSL_CONF' => 'C:/xampp/apache/bin/openssl.cnf'
    'PHP_PEAR_SYSCONF_DIR' => '\\xampp\\php'
    'PHPRC' => '\\xampp\\php'
    'TMP' => '\\xampp\\tmp'
    'HTTP_HOST' => 'frontend.dev'
    'HTTP_CONNECTION' => 'keep-alive'
    'HTTP_CACHE_CONTROL' => 'max-age=0'
    'HTTP_ACCEPT' => 'text/html,application/xhtml+xml,application/xml;q=0.9,image/webp,*/*;q=0.8'
    'HTTP_UPGRADE_INSECURE_REQUESTS' => '1'
    'HTTP_USER_AGENT' => 'Mozilla/5.0 (Windows NT 6.3; WOW64) AppleWebKit/537.36 (KHTML, like Gecko) Chrome/45.0.2454.101 Safari/537.36'
    'HTTP_REFERER' => 'http://frontend.dev/index.php'
    'HTTP_ACCEPT_ENCODING' => 'gzip, deflate, sdch'
    'HTTP_ACCEPT_LANGUAGE' => 'vi-VN,vi;q=0.8,fr-FR;q=0.6,fr;q=0.4,en-US;q=0.2,en;q=0.2'
    'HTTP_COOKIE' => 'PHPSESSID=itd6hcaqbbfihk4aphlukbmm70; _csrf=ca138fa2de84ede193ff2aa532e517b2a7f95a675216e8ad63296072ef6204b3a%3A2%3A%7Bi%3A0%3Bs%3A5%3A%22_csrf%22%3Bi%3A1%3Bs%3A32%3A%222Ui6Fn_hEKgundqPN6Cpw2UOLjHabv7A%22%3B%7D; FRONTENDSESSID=24uh32fims1a1b4lpk2547s2e1'
    'PATH' => 'C:\\ProgramData\\Oracle\\Java\\javapath;C:\\Program Files (x86)\\NVIDIA Corporation\\PhysX\\Common;C:\\Windows\\system32;C:\\Windows;C:\\Windows\\System32\\Wbem;C:\\Windows\\System32\\WindowsPowerShell\\v1.0\\;C:\\Program Files (x86)\\Skype\\Phone\\;C:\\xampp\\php;C:\\adb;C:\\Program Files\\TortoiseGit\\bin'
    'SystemRoot' => 'C:\\Windows'
    'COMSPEC' => 'C:\\Windows\\system32\\cmd.exe'
    'PATHEXT' => '.COM;.EXE;.BAT;.CMD;.VBS;.VBE;.JS;.JSE;.WSF;.WSH;.MSC'
    'WINDIR' => 'C:\\Windows'
    'SERVER_SIGNATURE' => '<address>Apache/2.4.16 (Win32) OpenSSL/1.0.1p PHP/5.6.12 Server at frontend.dev Port 80</address>
'
    'SERVER_SOFTWARE' => 'Apache/2.4.16 (Win32) OpenSSL/1.0.1p PHP/5.6.12'
    'SERVER_NAME' => 'frontend.dev'
    'SERVER_ADDR' => '127.0.0.1'
    'SERVER_PORT' => '80'
    'REMOTE_ADDR' => '127.0.0.1'
    'DOCUMENT_ROOT' => 'C:/xampp/htdocs/hoclai01/frontend/web/'
    'REQUEST_SCHEME' => 'http'
    'CONTEXT_PREFIX' => ''
    'CONTEXT_DOCUMENT_ROOT' => 'C:/xampp/htdocs/hoclai01/frontend/web/'
    'SERVER_ADMIN' => 'postmaster@localhost'
    'SCRIPT_FILENAME' => 'C:/xampp/htdocs/hoclai01/frontend/web/index.php'
    'REMOTE_PORT' => '49627'
    'GATEWAY_INTERFACE' => 'CGI/1.1'
    'SERVER_PROTOCOL' => 'HTTP/1.1'
    'REQUEST_METHOD' => 'GET'
    'QUERY_STRING' => ''
    'REQUEST_URI' => '/index.php'
    'SCRIPT_NAME' => '/index.php'
    'PHP_SELF' => '/index.php'
    'REQUEST_TIME_FLOAT' => 1444724043.041
    'REQUEST_TIME' => 1444724043
]
2015-10-13 10:45:30 [127.0.0.1][-][itd6hcaqbbfihk4aphlukbmm70][error][yii\db\Exception] exception 'PDOException' with message 'SQLSTATE[42S22]: Column not found: 1054 Unknown column 'status' in 'where clause'' in C:\xampp\htdocs\hoclai01\vendor\yiisoft\yii2\db\Command.php:837
Stack trace:
#0 C:\xampp\htdocs\hoclai01\vendor\yiisoft\yii2\db\Command.php(837): PDOStatement->execute()
#1 C:\xampp\htdocs\hoclai01\vendor\yiisoft\yii2\db\Command.php(373): yii\db\Command->queryInternal('fetch', NULL)
#2 C:\xampp\htdocs\hoclai01\vendor\yiisoft\yii2\db\Query.php(243): yii\db\Command->queryOne()
#3 C:\xampp\htdocs\hoclai01\vendor\yiisoft\yii2\db\ActiveQuery.php(300): yii\db\Query->one(NULL)
#4 C:\xampp\htdocs\hoclai01\vendor\yiisoft\yii2\db\BaseActiveRecord.php(102): yii\db\ActiveQuery->one()
#5 C:\xampp\htdocs\hoclai01\common\models\User.php(63): yii\db\BaseActiveRecord::findOne(Array)
#6 C:\xampp\htdocs\hoclai01\vendor\yiisoft\yii2\web\User.php(614): common\models\User::findIdentity(1)
#7 C:\xampp\htdocs\hoclai01\vendor\yiisoft\yii2\web\User.php(176): yii\web\User->renewAuthStatus()
#8 C:\xampp\htdocs\hoclai01\vendor\yiisoft\yii2\web\User.php(346): yii\web\User->getIdentity()
#9 C:\xampp\htdocs\hoclai01\vendor\yiisoft\yii2\base\Component.php(130): yii\web\User->getIsGuest()
#10 C:\xampp\htdocs\hoclai01\frontend\views\layouts\main.php(42): yii\base\Component->__get('isGuest')
#11 C:\xampp\htdocs\hoclai01\vendor\yiisoft\yii2\base\View.php(325): require('C:\\xampp\\htdocs...')
#12 C:\xampp\htdocs\hoclai01\vendor\yiisoft\yii2\base\View.php(247): yii\base\View->renderPhpFile('C:\\xampp\\htdocs...', Array)
#13 C:\xampp\htdocs\hoclai01\vendor\yiisoft\yii2\base\Controller.php(386): yii\base\View->renderFile('C:\\xampp\\htdocs...', Array, Object(frontend\controllers\SiteController))
#14 C:\xampp\htdocs\hoclai01\vendor\yiisoft\yii2\base\Controller.php(372): yii\base\Controller->renderContent('<div class="sit...')
#15 C:\xampp\htdocs\hoclai01\frontend\controllers\SiteController.php(75): yii\base\Controller->render('index')
#16 [internal function]: frontend\controllers\SiteController->actionIndex()
#17 C:\xampp\htdocs\hoclai01\vendor\yiisoft\yii2\base\InlineAction.php(55): call_user_func_array(Array, Array)
#18 C:\xampp\htdocs\hoclai01\vendor\yiisoft\yii2\base\Controller.php(151): yii\base\InlineAction->runWithParams(Array)
#19 C:\xampp\htdocs\hoclai01\vendor\yiisoft\yii2\base\Module.php(455): yii\base\Controller->runAction('', Array)
#20 C:\xampp\htdocs\hoclai01\vendor\yiisoft\yii2\web\Application.php(84): yii\base\Module->runAction('', Array)
#21 C:\xampp\htdocs\hoclai01\vendor\yiisoft\yii2\base\Application.php(375): yii\web\Application->handleRequest(Object(yii\web\Request))
#22 C:\xampp\htdocs\hoclai01\frontend\web\index.php(18): yii\base\Application->run()
#23 {main}

Next exception 'yii\db\Exception' with message 'SQLSTATE[42S22]: Column not found: 1054 Unknown column 'status' in 'where clause'
The SQL being executed was: SELECT * FROM `user` WHERE (`id`=1) AND (`status`=10)' in C:\xampp\htdocs\hoclai01\vendor\yiisoft\yii2\db\Schema.php:628
Stack trace:
#0 C:\xampp\htdocs\hoclai01\vendor\yiisoft\yii2\db\Command.php(852): yii\db\Schema->convertException(Object(PDOException), 'SELECT * FROM `...')
#1 C:\xampp\htdocs\hoclai01\vendor\yiisoft\yii2\db\Command.php(373): yii\db\Command->queryInternal('fetch', NULL)
#2 C:\xampp\htdocs\hoclai01\vendor\yiisoft\yii2\db\Query.php(243): yii\db\Command->queryOne()
#3 C:\xampp\htdocs\hoclai01\vendor\yiisoft\yii2\db\ActiveQuery.php(300): yii\db\Query->one(NULL)
#4 C:\xampp\htdocs\hoclai01\vendor\yiisoft\yii2\db\BaseActiveRecord.php(102): yii\db\ActiveQuery->one()
#5 C:\xampp\htdocs\hoclai01\common\models\User.php(63): yii\db\BaseActiveRecord::findOne(Array)
#6 C:\xampp\htdocs\hoclai01\vendor\yiisoft\yii2\web\User.php(614): common\models\User::findIdentity(1)
#7 C:\xampp\htdocs\hoclai01\vendor\yiisoft\yii2\web\User.php(176): yii\web\User->renewAuthStatus()
#8 C:\xampp\htdocs\hoclai01\vendor\yiisoft\yii2\web\User.php(346): yii\web\User->getIdentity()
#9 C:\xampp\htdocs\hoclai01\vendor\yiisoft\yii2\base\Component.php(130): yii\web\User->getIsGuest()
#10 C:\xampp\htdocs\hoclai01\frontend\views\layouts\main.php(42): yii\base\Component->__get('isGuest')
#11 C:\xampp\htdocs\hoclai01\vendor\yiisoft\yii2\base\View.php(325): require('C:\\xampp\\htdocs...')
#12 C:\xampp\htdocs\hoclai01\vendor\yiisoft\yii2\base\View.php(247): yii\base\View->renderPhpFile('C:\\xampp\\htdocs...', Array)
#13 C:\xampp\htdocs\hoclai01\vendor\yiisoft\yii2\base\Controller.php(386): yii\base\View->renderFile('C:\\xampp\\htdocs...', Array, Object(frontend\controllers\SiteController))
#14 C:\xampp\htdocs\hoclai01\vendor\yiisoft\yii2\base\Controller.php(372): yii\base\Controller->renderContent('<div class="sit...')
#15 C:\xampp\htdocs\hoclai01\frontend\controllers\SiteController.php(75): yii\base\Controller->render('index')
#16 [internal function]: frontend\controllers\SiteController->actionIndex()
#17 C:\xampp\htdocs\hoclai01\vendor\yiisoft\yii2\base\InlineAction.php(55): call_user_func_array(Array, Array)
#18 C:\xampp\htdocs\hoclai01\vendor\yiisoft\yii2\base\Controller.php(151): yii\base\InlineAction->runWithParams(Array)
#19 C:\xampp\htdocs\hoclai01\vendor\yiisoft\yii2\base\Module.php(455): yii\base\Controller->runAction('', Array)
#20 C:\xampp\htdocs\hoclai01\vendor\yiisoft\yii2\web\Application.php(84): yii\base\Module->runAction('', Array)
#21 C:\xampp\htdocs\hoclai01\vendor\yiisoft\yii2\base\Application.php(375): yii\web\Application->handleRequest(Object(yii\web\Request))
#22 C:\xampp\htdocs\hoclai01\frontend\web\index.php(18): yii\base\Application->run()
#23 {main}
Additional Information:
Array
(
    [0] => 42S22
    [1] => 1054
    [2] => Unknown column 'status' in 'where clause'
)

2015-10-13 10:45:29 [127.0.0.1][-][itd6hcaqbbfihk4aphlukbmm70][info][application] $_COOKIE = [
    'PHPSESSID' => 'itd6hcaqbbfihk4aphlukbmm70'
    '_csrf' => 'ca138fa2de84ede193ff2aa532e517b2a7f95a675216e8ad63296072ef6204b3a:2:{i:0;s:5:\"_csrf\";i:1;s:32:\"2Ui6Fn_hEKgundqPN6Cpw2UOLjHabv7A\";}'
    'FRONTENDSESSID' => '24uh32fims1a1b4lpk2547s2e1'
]

$_SESSION = [
    '__flash' => []
    '__id' => 1
]

$_SERVER = [
    'MIBDIRS' => 'C:/xampp/php/extras/mibs'
    'MYSQL_HOME' => '\\xampp\\mysql\\bin'
    'OPENSSL_CONF' => 'C:/xampp/apache/bin/openssl.cnf'
    'PHP_PEAR_SYSCONF_DIR' => '\\xampp\\php'
    'PHPRC' => '\\xampp\\php'
    'TMP' => '\\xampp\\tmp'
    'HTTP_HOST' => 'frontend.dev'
    'HTTP_CONNECTION' => 'keep-alive'
    'HTTP_CACHE_CONTROL' => 'max-age=0'
    'HTTP_ACCEPT' => 'text/html,application/xhtml+xml,application/xml;q=0.9,image/webp,*/*;q=0.8'
    'HTTP_UPGRADE_INSECURE_REQUESTS' => '1'
    'HTTP_USER_AGENT' => 'Mozilla/5.0 (Windows NT 6.3; WOW64) AppleWebKit/537.36 (KHTML, like Gecko) Chrome/45.0.2454.101 Safari/537.36'
    'HTTP_REFERER' => 'http://frontend.dev/index.php'
    'HTTP_ACCEPT_ENCODING' => 'gzip, deflate, sdch'
    'HTTP_ACCEPT_LANGUAGE' => 'vi-VN,vi;q=0.8,fr-FR;q=0.6,fr;q=0.4,en-US;q=0.2,en;q=0.2'
    'HTTP_COOKIE' => 'PHPSESSID=itd6hcaqbbfihk4aphlukbmm70; _csrf=ca138fa2de84ede193ff2aa532e517b2a7f95a675216e8ad63296072ef6204b3a%3A2%3A%7Bi%3A0%3Bs%3A5%3A%22_csrf%22%3Bi%3A1%3Bs%3A32%3A%222Ui6Fn_hEKgundqPN6Cpw2UOLjHabv7A%22%3B%7D; FRONTENDSESSID=24uh32fims1a1b4lpk2547s2e1'
    'PATH' => 'C:\\ProgramData\\Oracle\\Java\\javapath;C:\\Program Files (x86)\\NVIDIA Corporation\\PhysX\\Common;C:\\Windows\\system32;C:\\Windows;C:\\Windows\\System32\\Wbem;C:\\Windows\\System32\\WindowsPowerShell\\v1.0\\;C:\\Program Files (x86)\\Skype\\Phone\\;C:\\xampp\\php;C:\\adb;C:\\Program Files\\TortoiseGit\\bin'
    'SystemRoot' => 'C:\\Windows'
    'COMSPEC' => 'C:\\Windows\\system32\\cmd.exe'
    'PATHEXT' => '.COM;.EXE;.BAT;.CMD;.VBS;.VBE;.JS;.JSE;.WSF;.WSH;.MSC'
    'WINDIR' => 'C:\\Windows'
    'SERVER_SIGNATURE' => '<address>Apache/2.4.16 (Win32) OpenSSL/1.0.1p PHP/5.6.12 Server at frontend.dev Port 80</address>
'
    'SERVER_SOFTWARE' => 'Apache/2.4.16 (Win32) OpenSSL/1.0.1p PHP/5.6.12'
    'SERVER_NAME' => 'frontend.dev'
    'SERVER_ADDR' => '127.0.0.1'
    'SERVER_PORT' => '80'
    'REMOTE_ADDR' => '127.0.0.1'
    'DOCUMENT_ROOT' => 'C:/xampp/htdocs/hoclai01/frontend/web/'
    'REQUEST_SCHEME' => 'http'
    'CONTEXT_PREFIX' => ''
    'CONTEXT_DOCUMENT_ROOT' => 'C:/xampp/htdocs/hoclai01/frontend/web/'
    'SERVER_ADMIN' => 'postmaster@localhost'
    'SCRIPT_FILENAME' => 'C:/xampp/htdocs/hoclai01/frontend/web/index.php'
    'REMOTE_PORT' => '55816'
    'GATEWAY_INTERFACE' => 'CGI/1.1'
    'SERVER_PROTOCOL' => 'HTTP/1.1'
    'REQUEST_METHOD' => 'GET'
    'QUERY_STRING' => ''
    'REQUEST_URI' => '/index.php'
    'SCRIPT_NAME' => '/index.php'
    'PHP_SELF' => '/index.php'
    'REQUEST_TIME_FLOAT' => 1444725929.955
    'REQUEST_TIME' => 1444725929
]
2015-10-13 10:49:56 [127.0.0.1][-][itd6hcaqbbfihk4aphlukbmm70][error][yii\db\Exception] exception 'PDOException' with message 'SQLSTATE[42S22]: Column not found: 1054 Unknown column 'status' in 'where clause'' in C:\xampp\htdocs\hoclai01\vendor\yiisoft\yii2\db\Command.php:837
Stack trace:
#0 C:\xampp\htdocs\hoclai01\vendor\yiisoft\yii2\db\Command.php(837): PDOStatement->execute()
#1 C:\xampp\htdocs\hoclai01\vendor\yiisoft\yii2\db\Command.php(373): yii\db\Command->queryInternal('fetch', NULL)
#2 C:\xampp\htdocs\hoclai01\vendor\yiisoft\yii2\db\Query.php(243): yii\db\Command->queryOne()
#3 C:\xampp\htdocs\hoclai01\vendor\yiisoft\yii2\db\ActiveQuery.php(300): yii\db\Query->one(NULL)
#4 C:\xampp\htdocs\hoclai01\vendor\yiisoft\yii2\db\BaseActiveRecord.php(102): yii\db\ActiveQuery->one()
#5 C:\xampp\htdocs\hoclai01\common\models\User.php(65): yii\db\BaseActiveRecord::findOne(Array)
#6 C:\xampp\htdocs\hoclai01\vendor\yiisoft\yii2\web\User.php(614): common\models\User::findIdentity(1)
#7 C:\xampp\htdocs\hoclai01\vendor\yiisoft\yii2\web\User.php(176): yii\web\User->renewAuthStatus()
#8 C:\xampp\htdocs\hoclai01\vendor\yiisoft\yii2\web\User.php(346): yii\web\User->getIdentity()
#9 C:\xampp\htdocs\hoclai01\vendor\yiisoft\yii2\base\Component.php(130): yii\web\User->getIsGuest()
#10 C:\xampp\htdocs\hoclai01\frontend\views\layouts\main.php(42): yii\base\Component->__get('isGuest')
#11 C:\xampp\htdocs\hoclai01\vendor\yiisoft\yii2\base\View.php(325): require('C:\\xampp\\htdocs...')
#12 C:\xampp\htdocs\hoclai01\vendor\yiisoft\yii2\base\View.php(247): yii\base\View->renderPhpFile('C:\\xampp\\htdocs...', Array)
#13 C:\xampp\htdocs\hoclai01\vendor\yiisoft\yii2\base\Controller.php(386): yii\base\View->renderFile('C:\\xampp\\htdocs...', Array, Object(frontend\controllers\SiteController))
#14 C:\xampp\htdocs\hoclai01\vendor\yiisoft\yii2\base\Controller.php(372): yii\base\Controller->renderContent('<div class="sit...')
#15 C:\xampp\htdocs\hoclai01\frontend\controllers\SiteController.php(75): yii\base\Controller->render('index')
#16 [internal function]: frontend\controllers\SiteController->actionIndex()
#17 C:\xampp\htdocs\hoclai01\vendor\yiisoft\yii2\base\InlineAction.php(55): call_user_func_array(Array, Array)
#18 C:\xampp\htdocs\hoclai01\vendor\yiisoft\yii2\base\Controller.php(151): yii\base\InlineAction->runWithParams(Array)
#19 C:\xampp\htdocs\hoclai01\vendor\yiisoft\yii2\base\Module.php(455): yii\base\Controller->runAction('', Array)
#20 C:\xampp\htdocs\hoclai01\vendor\yiisoft\yii2\web\Application.php(84): yii\base\Module->runAction('', Array)
#21 C:\xampp\htdocs\hoclai01\vendor\yiisoft\yii2\base\Application.php(375): yii\web\Application->handleRequest(Object(yii\web\Request))
#22 C:\xampp\htdocs\hoclai01\frontend\web\index.php(18): yii\base\Application->run()
#23 {main}

Next exception 'yii\db\Exception' with message 'SQLSTATE[42S22]: Column not found: 1054 Unknown column 'status' in 'where clause'
The SQL being executed was: SELECT * FROM `user` WHERE (`id`=1) AND (`status`=10)' in C:\xampp\htdocs\hoclai01\vendor\yiisoft\yii2\db\Schema.php:628
Stack trace:
#0 C:\xampp\htdocs\hoclai01\vendor\yiisoft\yii2\db\Command.php(852): yii\db\Schema->convertException(Object(PDOException), 'SELECT * FROM `...')
#1 C:\xampp\htdocs\hoclai01\vendor\yiisoft\yii2\db\Command.php(373): yii\db\Command->queryInternal('fetch', NULL)
#2 C:\xampp\htdocs\hoclai01\vendor\yiisoft\yii2\db\Query.php(243): yii\db\Command->queryOne()
#3 C:\xampp\htdocs\hoclai01\vendor\yiisoft\yii2\db\ActiveQuery.php(300): yii\db\Query->one(NULL)
#4 C:\xampp\htdocs\hoclai01\vendor\yiisoft\yii2\db\BaseActiveRecord.php(102): yii\db\ActiveQuery->one()
#5 C:\xampp\htdocs\hoclai01\common\models\User.php(65): yii\db\BaseActiveRecord::findOne(Array)
#6 C:\xampp\htdocs\hoclai01\vendor\yiisoft\yii2\web\User.php(614): common\models\User::findIdentity(1)
#7 C:\xampp\htdocs\hoclai01\vendor\yiisoft\yii2\web\User.php(176): yii\web\User->renewAuthStatus()
#8 C:\xampp\htdocs\hoclai01\vendor\yiisoft\yii2\web\User.php(346): yii\web\User->getIdentity()
#9 C:\xampp\htdocs\hoclai01\vendor\yiisoft\yii2\base\Component.php(130): yii\web\User->getIsGuest()
#10 C:\xampp\htdocs\hoclai01\frontend\views\layouts\main.php(42): yii\base\Component->__get('isGuest')
#11 C:\xampp\htdocs\hoclai01\vendor\yiisoft\yii2\base\View.php(325): require('C:\\xampp\\htdocs...')
#12 C:\xampp\htdocs\hoclai01\vendor\yiisoft\yii2\base\View.php(247): yii\base\View->renderPhpFile('C:\\xampp\\htdocs...', Array)
#13 C:\xampp\htdocs\hoclai01\vendor\yiisoft\yii2\base\Controller.php(386): yii\base\View->renderFile('C:\\xampp\\htdocs...', Array, Object(frontend\controllers\SiteController))
#14 C:\xampp\htdocs\hoclai01\vendor\yiisoft\yii2\base\Controller.php(372): yii\base\Controller->renderContent('<div class="sit...')
#15 C:\xampp\htdocs\hoclai01\frontend\controllers\SiteController.php(75): yii\base\Controller->render('index')
#16 [internal function]: frontend\controllers\SiteController->actionIndex()
#17 C:\xampp\htdocs\hoclai01\vendor\yiisoft\yii2\base\InlineAction.php(55): call_user_func_array(Array, Array)
#18 C:\xampp\htdocs\hoclai01\vendor\yiisoft\yii2\base\Controller.php(151): yii\base\InlineAction->runWithParams(Array)
#19 C:\xampp\htdocs\hoclai01\vendor\yiisoft\yii2\base\Module.php(455): yii\base\Controller->runAction('', Array)
#20 C:\xampp\htdocs\hoclai01\vendor\yiisoft\yii2\web\Application.php(84): yii\base\Module->runAction('', Array)
#21 C:\xampp\htdocs\hoclai01\vendor\yiisoft\yii2\base\Application.php(375): yii\web\Application->handleRequest(Object(yii\web\Request))
#22 C:\xampp\htdocs\hoclai01\frontend\web\index.php(18): yii\base\Application->run()
#23 {main}
Additional Information:
Array
(
    [0] => 42S22
    [1] => 1054
    [2] => Unknown column 'status' in 'where clause'
)

2015-10-13 10:49:56 [127.0.0.1][-][itd6hcaqbbfihk4aphlukbmm70][info][application] $_COOKIE = [
    'PHPSESSID' => 'itd6hcaqbbfihk4aphlukbmm70'
    '_csrf' => 'ca138fa2de84ede193ff2aa532e517b2a7f95a675216e8ad63296072ef6204b3a:2:{i:0;s:5:\"_csrf\";i:1;s:32:\"2Ui6Fn_hEKgundqPN6Cpw2UOLjHabv7A\";}'
    'FRONTENDSESSID' => '24uh32fims1a1b4lpk2547s2e1'
]

$_SESSION = [
    '__flash' => []
    '__id' => 1
]

$_SERVER = [
    'MIBDIRS' => 'C:/xampp/php/extras/mibs'
    'MYSQL_HOME' => '\\xampp\\mysql\\bin'
    'OPENSSL_CONF' => 'C:/xampp/apache/bin/openssl.cnf'
    'PHP_PEAR_SYSCONF_DIR' => '\\xampp\\php'
    'PHPRC' => '\\xampp\\php'
    'TMP' => '\\xampp\\tmp'
    'HTTP_HOST' => 'frontend.dev'
    'HTTP_CONNECTION' => 'keep-alive'
    'HTTP_CACHE_CONTROL' => 'max-age=0'
    'HTTP_ACCEPT' => 'text/html,application/xhtml+xml,application/xml;q=0.9,image/webp,*/*;q=0.8'
    'HTTP_UPGRADE_INSECURE_REQUESTS' => '1'
    'HTTP_USER_AGENT' => 'Mozilla/5.0 (Windows NT 6.3; WOW64) AppleWebKit/537.36 (KHTML, like Gecko) Chrome/45.0.2454.101 Safari/537.36'
    'HTTP_REFERER' => 'http://frontend.dev/index.php'
    'HTTP_ACCEPT_ENCODING' => 'gzip, deflate, sdch'
    'HTTP_ACCEPT_LANGUAGE' => 'vi-VN,vi;q=0.8,fr-FR;q=0.6,fr;q=0.4,en-US;q=0.2,en;q=0.2'
    'HTTP_COOKIE' => 'PHPSESSID=itd6hcaqbbfihk4aphlukbmm70; _csrf=ca138fa2de84ede193ff2aa532e517b2a7f95a675216e8ad63296072ef6204b3a%3A2%3A%7Bi%3A0%3Bs%3A5%3A%22_csrf%22%3Bi%3A1%3Bs%3A32%3A%222Ui6Fn_hEKgundqPN6Cpw2UOLjHabv7A%22%3B%7D; FRONTENDSESSID=24uh32fims1a1b4lpk2547s2e1'
    'PATH' => 'C:\\ProgramData\\Oracle\\Java\\javapath;C:\\Program Files (x86)\\NVIDIA Corporation\\PhysX\\Common;C:\\Windows\\system32;C:\\Windows;C:\\Windows\\System32\\Wbem;C:\\Windows\\System32\\WindowsPowerShell\\v1.0\\;C:\\Program Files (x86)\\Skype\\Phone\\;C:\\xampp\\php;C:\\adb;C:\\Program Files\\TortoiseGit\\bin'
    'SystemRoot' => 'C:\\Windows'
    'COMSPEC' => 'C:\\Windows\\system32\\cmd.exe'
    'PATHEXT' => '.COM;.EXE;.BAT;.CMD;.VBS;.VBE;.JS;.JSE;.WSF;.WSH;.MSC'
    'WINDIR' => 'C:\\Windows'
    'SERVER_SIGNATURE' => '<address>Apache/2.4.16 (Win32) OpenSSL/1.0.1p PHP/5.6.12 Server at frontend.dev Port 80</address>
'
    'SERVER_SOFTWARE' => 'Apache/2.4.16 (Win32) OpenSSL/1.0.1p PHP/5.6.12'
    'SERVER_NAME' => 'frontend.dev'
    'SERVER_ADDR' => '127.0.0.1'
    'SERVER_PORT' => '80'
    'REMOTE_ADDR' => '127.0.0.1'
    'DOCUMENT_ROOT' => 'C:/xampp/htdocs/hoclai01/frontend/web/'
    'REQUEST_SCHEME' => 'http'
    'CONTEXT_PREFIX' => ''
    'CONTEXT_DOCUMENT_ROOT' => 'C:/xampp/htdocs/hoclai01/frontend/web/'
    'SERVER_ADMIN' => 'postmaster@localhost'
    'SCRIPT_FILENAME' => 'C:/xampp/htdocs/hoclai01/frontend/web/index.php'
    'REMOTE_PORT' => '56784'
    'GATEWAY_INTERFACE' => 'CGI/1.1'
    'SERVER_PROTOCOL' => 'HTTP/1.1'
    'REQUEST_METHOD' => 'GET'
    'QUERY_STRING' => ''
    'REQUEST_URI' => '/index.php'
    'SCRIPT_NAME' => '/index.php'
    'PHP_SELF' => '/index.php'
    'REQUEST_TIME_FLOAT' => 1444726196.908
    'REQUEST_TIME' => 1444726196
]
2015-10-13 10:51:54 [127.0.0.1][-][itd6hcaqbbfihk4aphlukbmm70][error][yii\db\Exception] exception 'PDOException' with message 'SQLSTATE[42S22]: Column not found: 1054 Unknown column 'status' in 'where clause'' in C:\xampp\htdocs\hoclai01\vendor\yiisoft\yii2\db\Command.php:837
Stack trace:
#0 C:\xampp\htdocs\hoclai01\vendor\yiisoft\yii2\db\Command.php(837): PDOStatement->execute()
#1 C:\xampp\htdocs\hoclai01\vendor\yiisoft\yii2\db\Command.php(373): yii\db\Command->queryInternal('fetch', NULL)
#2 C:\xampp\htdocs\hoclai01\vendor\yiisoft\yii2\db\Query.php(243): yii\db\Command->queryOne()
#3 C:\xampp\htdocs\hoclai01\vendor\yiisoft\yii2\db\ActiveQuery.php(300): yii\db\Query->one(NULL)
#4 C:\xampp\htdocs\hoclai01\vendor\yiisoft\yii2\db\BaseActiveRecord.php(102): yii\db\ActiveQuery->one()
#5 C:\xampp\htdocs\hoclai01\common\models\User.php(65): yii\db\BaseActiveRecord::findOne(Array)
#6 C:\xampp\htdocs\hoclai01\vendor\yiisoft\yii2\web\User.php(614): common\models\User::findIdentity(1)
#7 C:\xampp\htdocs\hoclai01\vendor\yiisoft\yii2\web\User.php(176): yii\web\User->renewAuthStatus()
#8 C:\xampp\htdocs\hoclai01\vendor\yiisoft\yii2\web\User.php(346): yii\web\User->getIdentity()
#9 C:\xampp\htdocs\hoclai01\vendor\yiisoft\yii2\base\Component.php(130): yii\web\User->getIsGuest()
#10 C:\xampp\htdocs\hoclai01\frontend\views\layouts\main.php(42): yii\base\Component->__get('isGuest')
#11 C:\xampp\htdocs\hoclai01\vendor\yiisoft\yii2\base\View.php(325): require('C:\\xampp\\htdocs...')
#12 C:\xampp\htdocs\hoclai01\vendor\yiisoft\yii2\base\View.php(247): yii\base\View->renderPhpFile('C:\\xampp\\htdocs...', Array)
#13 C:\xampp\htdocs\hoclai01\vendor\yiisoft\yii2\base\Controller.php(386): yii\base\View->renderFile('C:\\xampp\\htdocs...', Array, Object(frontend\controllers\SiteController))
#14 C:\xampp\htdocs\hoclai01\vendor\yiisoft\yii2\base\Controller.php(372): yii\base\Controller->renderContent('<div class="sit...')
#15 C:\xampp\htdocs\hoclai01\frontend\controllers\SiteController.php(75): yii\base\Controller->render('index')
#16 [internal function]: frontend\controllers\SiteController->actionIndex()
#17 C:\xampp\htdocs\hoclai01\vendor\yiisoft\yii2\base\InlineAction.php(55): call_user_func_array(Array, Array)
#18 C:\xampp\htdocs\hoclai01\vendor\yiisoft\yii2\base\Controller.php(151): yii\base\InlineAction->runWithParams(Array)
#19 C:\xampp\htdocs\hoclai01\vendor\yiisoft\yii2\base\Module.php(455): yii\base\Controller->runAction('', Array)
#20 C:\xampp\htdocs\hoclai01\vendor\yiisoft\yii2\web\Application.php(84): yii\base\Module->runAction('', Array)
#21 C:\xampp\htdocs\hoclai01\vendor\yiisoft\yii2\base\Application.php(375): yii\web\Application->handleRequest(Object(yii\web\Request))
#22 C:\xampp\htdocs\hoclai01\frontend\web\index.php(18): yii\base\Application->run()
#23 {main}

Next exception 'yii\db\Exception' with message 'SQLSTATE[42S22]: Column not found: 1054 Unknown column 'status' in 'where clause'
The SQL being executed was: SELECT * FROM `user` WHERE (`id`=1) AND (`status`=10)' in C:\xampp\htdocs\hoclai01\vendor\yiisoft\yii2\db\Schema.php:628
Stack trace:
#0 C:\xampp\htdocs\hoclai01\vendor\yiisoft\yii2\db\Command.php(852): yii\db\Schema->convertException(Object(PDOException), 'SELECT * FROM `...')
#1 C:\xampp\htdocs\hoclai01\vendor\yiisoft\yii2\db\Command.php(373): yii\db\Command->queryInternal('fetch', NULL)
#2 C:\xampp\htdocs\hoclai01\vendor\yiisoft\yii2\db\Query.php(243): yii\db\Command->queryOne()
#3 C:\xampp\htdocs\hoclai01\vendor\yiisoft\yii2\db\ActiveQuery.php(300): yii\db\Query->one(NULL)
#4 C:\xampp\htdocs\hoclai01\vendor\yiisoft\yii2\db\BaseActiveRecord.php(102): yii\db\ActiveQuery->one()
#5 C:\xampp\htdocs\hoclai01\common\models\User.php(65): yii\db\BaseActiveRecord::findOne(Array)
#6 C:\xampp\htdocs\hoclai01\vendor\yiisoft\yii2\web\User.php(614): common\models\User::findIdentity(1)
#7 C:\xampp\htdocs\hoclai01\vendor\yiisoft\yii2\web\User.php(176): yii\web\User->renewAuthStatus()
#8 C:\xampp\htdocs\hoclai01\vendor\yiisoft\yii2\web\User.php(346): yii\web\User->getIdentity()
#9 C:\xampp\htdocs\hoclai01\vendor\yiisoft\yii2\base\Component.php(130): yii\web\User->getIsGuest()
#10 C:\xampp\htdocs\hoclai01\frontend\views\layouts\main.php(42): yii\base\Component->__get('isGuest')
#11 C:\xampp\htdocs\hoclai01\vendor\yiisoft\yii2\base\View.php(325): require('C:\\xampp\\htdocs...')
#12 C:\xampp\htdocs\hoclai01\vendor\yiisoft\yii2\base\View.php(247): yii\base\View->renderPhpFile('C:\\xampp\\htdocs...', Array)
#13 C:\xampp\htdocs\hoclai01\vendor\yiisoft\yii2\base\Controller.php(386): yii\base\View->renderFile('C:\\xampp\\htdocs...', Array, Object(frontend\controllers\SiteController))
#14 C:\xampp\htdocs\hoclai01\vendor\yiisoft\yii2\base\Controller.php(372): yii\base\Controller->renderContent('<div class="sit...')
#15 C:\xampp\htdocs\hoclai01\frontend\controllers\SiteController.php(75): yii\base\Controller->render('index')
#16 [internal function]: frontend\controllers\SiteController->actionIndex()
#17 C:\xampp\htdocs\hoclai01\vendor\yiisoft\yii2\base\InlineAction.php(55): call_user_func_array(Array, Array)
#18 C:\xampp\htdocs\hoclai01\vendor\yiisoft\yii2\base\Controller.php(151): yii\base\InlineAction->runWithParams(Array)
#19 C:\xampp\htdocs\hoclai01\vendor\yiisoft\yii2\base\Module.php(455): yii\base\Controller->runAction('', Array)
#20 C:\xampp\htdocs\hoclai01\vendor\yiisoft\yii2\web\Application.php(84): yii\base\Module->runAction('', Array)
#21 C:\xampp\htdocs\hoclai01\vendor\yiisoft\yii2\base\Application.php(375): yii\web\Application->handleRequest(Object(yii\web\Request))
#22 C:\xampp\htdocs\hoclai01\frontend\web\index.php(18): yii\base\Application->run()
#23 {main}
Additional Information:
Array
(
    [0] => 42S22
    [1] => 1054
    [2] => Unknown column 'status' in 'where clause'
)

2015-10-13 10:51:54 [127.0.0.1][-][itd6hcaqbbfihk4aphlukbmm70][info][application] $_COOKIE = [
    'PHPSESSID' => 'itd6hcaqbbfihk4aphlukbmm70'
    '_csrf' => 'ca138fa2de84ede193ff2aa532e517b2a7f95a675216e8ad63296072ef6204b3a:2:{i:0;s:5:\"_csrf\";i:1;s:32:\"2Ui6Fn_hEKgundqPN6Cpw2UOLjHabv7A\";}'
    'FRONTENDSESSID' => '24uh32fims1a1b4lpk2547s2e1'
]

$_SESSION = [
    '__flash' => []
    '__id' => 1
]

$_SERVER = [
    'MIBDIRS' => 'C:/xampp/php/extras/mibs'
    'MYSQL_HOME' => '\\xampp\\mysql\\bin'
    'OPENSSL_CONF' => 'C:/xampp/apache/bin/openssl.cnf'
    'PHP_PEAR_SYSCONF_DIR' => '\\xampp\\php'
    'PHPRC' => '\\xampp\\php'
    'TMP' => '\\xampp\\tmp'
    'HTTP_HOST' => 'frontend.dev'
    'HTTP_CONNECTION' => 'keep-alive'
    'HTTP_CACHE_CONTROL' => 'max-age=0'
    'HTTP_ACCEPT' => 'text/html,application/xhtml+xml,application/xml;q=0.9,image/webp,*/*;q=0.8'
    'HTTP_UPGRADE_INSECURE_REQUESTS' => '1'
    'HTTP_USER_AGENT' => 'Mozilla/5.0 (Windows NT 6.3; WOW64) AppleWebKit/537.36 (KHTML, like Gecko) Chrome/45.0.2454.101 Safari/537.36'
    'HTTP_REFERER' => 'http://frontend.dev/index.php'
    'HTTP_ACCEPT_ENCODING' => 'gzip, deflate, sdch'
    'HTTP_ACCEPT_LANGUAGE' => 'vi-VN,vi;q=0.8,fr-FR;q=0.6,fr;q=0.4,en-US;q=0.2,en;q=0.2'
    'HTTP_COOKIE' => 'PHPSESSID=itd6hcaqbbfihk4aphlukbmm70; _csrf=ca138fa2de84ede193ff2aa532e517b2a7f95a675216e8ad63296072ef6204b3a%3A2%3A%7Bi%3A0%3Bs%3A5%3A%22_csrf%22%3Bi%3A1%3Bs%3A32%3A%222Ui6Fn_hEKgundqPN6Cpw2UOLjHabv7A%22%3B%7D; FRONTENDSESSID=24uh32fims1a1b4lpk2547s2e1'
    'PATH' => 'C:\\ProgramData\\Oracle\\Java\\javapath;C:\\Program Files (x86)\\NVIDIA Corporation\\PhysX\\Common;C:\\Windows\\system32;C:\\Windows;C:\\Windows\\System32\\Wbem;C:\\Windows\\System32\\WindowsPowerShell\\v1.0\\;C:\\Program Files (x86)\\Skype\\Phone\\;C:\\xampp\\php;C:\\adb;C:\\Program Files\\TortoiseGit\\bin'
    'SystemRoot' => 'C:\\Windows'
    'COMSPEC' => 'C:\\Windows\\system32\\cmd.exe'
    'PATHEXT' => '.COM;.EXE;.BAT;.CMD;.VBS;.VBE;.JS;.JSE;.WSF;.WSH;.MSC'
    'WINDIR' => 'C:\\Windows'
    'SERVER_SIGNATURE' => '<address>Apache/2.4.16 (Win32) OpenSSL/1.0.1p PHP/5.6.12 Server at frontend.dev Port 80</address>
'
    'SERVER_SOFTWARE' => 'Apache/2.4.16 (Win32) OpenSSL/1.0.1p PHP/5.6.12'
    'SERVER_NAME' => 'frontend.dev'
    'SERVER_ADDR' => '127.0.0.1'
    'SERVER_PORT' => '80'
    'REMOTE_ADDR' => '127.0.0.1'
    'DOCUMENT_ROOT' => 'C:/xampp/htdocs/hoclai01/frontend/web/'
    'REQUEST_SCHEME' => 'http'
    'CONTEXT_PREFIX' => ''
    'CONTEXT_DOCUMENT_ROOT' => 'C:/xampp/htdocs/hoclai01/frontend/web/'
    'SERVER_ADMIN' => 'postmaster@localhost'
    'SCRIPT_FILENAME' => 'C:/xampp/htdocs/hoclai01/frontend/web/index.php'
    'REMOTE_PORT' => '57200'
    'GATEWAY_INTERFACE' => 'CGI/1.1'
    'SERVER_PROTOCOL' => 'HTTP/1.1'
    'REQUEST_METHOD' => 'GET'
    'QUERY_STRING' => ''
    'REQUEST_URI' => '/index.php'
    'SCRIPT_NAME' => '/index.php'
    'PHP_SELF' => '/index.php'
    'REQUEST_TIME_FLOAT' => 1444726314.497
    'REQUEST_TIME' => 1444726314
]
2015-10-13 11:03:48 [127.0.0.1][1][itd6hcaqbbfihk4aphlukbmm70][error][yii\web\HttpException:404] exception 'yii\base\InvalidRouteException' with message 'Unable to resolve the request "gii".' in C:\xampp\htdocs\hoclai01\vendor\yiisoft\yii2\base\Module.php:461
Stack trace:
#0 C:\xampp\htdocs\hoclai01\vendor\yiisoft\yii2\web\Application.php(84): yii\base\Module->runAction('gii', Array)
#1 C:\xampp\htdocs\hoclai01\vendor\yiisoft\yii2\base\Application.php(375): yii\web\Application->handleRequest(Object(yii\web\Request))
#2 C:\xampp\htdocs\hoclai01\frontend\web\index.php(18): yii\base\Application->run()
#3 {main}

Next exception 'yii\web\NotFoundHttpException' with message 'Page not found.' in C:\xampp\htdocs\hoclai01\vendor\yiisoft\yii2\web\Application.php:96
Stack trace:
#0 C:\xampp\htdocs\hoclai01\vendor\yiisoft\yii2\base\Application.php(375): yii\web\Application->handleRequest(Object(yii\web\Request))
#1 C:\xampp\htdocs\hoclai01\frontend\web\index.php(18): yii\base\Application->run()
#2 {main}
2015-10-13 11:03:48 [127.0.0.1][1][itd6hcaqbbfihk4aphlukbmm70][info][application] $_GET = [
    'r' => 'gii'
]

$_COOKIE = [
    'PHPSESSID' => 'itd6hcaqbbfihk4aphlukbmm70'
    '_csrf' => 'ca138fa2de84ede193ff2aa532e517b2a7f95a675216e8ad63296072ef6204b3a:2:{i:0;s:5:\"_csrf\";i:1;s:32:\"2Ui6Fn_hEKgundqPN6Cpw2UOLjHabv7A\";}'
    'FRONTENDSESSID' => '24uh32fims1a1b4lpk2547s2e1'
]

$_SESSION = [
    '__flash' => []
    '__id' => 1
]

$_SERVER = [
    'MIBDIRS' => 'C:/xampp/php/extras/mibs'
    'MYSQL_HOME' => '\\xampp\\mysql\\bin'
    'OPENSSL_CONF' => 'C:/xampp/apache/bin/openssl.cnf'
    'PHP_PEAR_SYSCONF_DIR' => '\\xampp\\php'
    'PHPRC' => '\\xampp\\php'
    'TMP' => '\\xampp\\tmp'
    'HTTP_HOST' => 'frontend.dev'
    'HTTP_CONNECTION' => 'keep-alive'
    'HTTP_ACCEPT' => 'text/html,application/xhtml+xml,application/xml;q=0.9,image/webp,*/*;q=0.8'
    'HTTP_UPGRADE_INSECURE_REQUESTS' => '1'
    'HTTP_USER_AGENT' => 'Mozilla/5.0 (Windows NT 6.3; WOW64) AppleWebKit/537.36 (KHTML, like Gecko) Chrome/45.0.2454.101 Safari/537.36'
    'HTTP_ACCEPT_ENCODING' => 'gzip, deflate, sdch'
    'HTTP_ACCEPT_LANGUAGE' => 'vi-VN,vi;q=0.8,fr-FR;q=0.6,fr;q=0.4,en-US;q=0.2,en;q=0.2'
    'HTTP_COOKIE' => 'PHPSESSID=itd6hcaqbbfihk4aphlukbmm70; _csrf=ca138fa2de84ede193ff2aa532e517b2a7f95a675216e8ad63296072ef6204b3a%3A2%3A%7Bi%3A0%3Bs%3A5%3A%22_csrf%22%3Bi%3A1%3Bs%3A32%3A%222Ui6Fn_hEKgundqPN6Cpw2UOLjHabv7A%22%3B%7D; FRONTENDSESSID=24uh32fims1a1b4lpk2547s2e1'
    'PATH' => 'C:\\ProgramData\\Oracle\\Java\\javapath;C:\\Program Files (x86)\\NVIDIA Corporation\\PhysX\\Common;C:\\Windows\\system32;C:\\Windows;C:\\Windows\\System32\\Wbem;C:\\Windows\\System32\\WindowsPowerShell\\v1.0\\;C:\\Program Files (x86)\\Skype\\Phone\\;C:\\xampp\\php;C:\\adb;C:\\Program Files\\TortoiseGit\\bin'
    'SystemRoot' => 'C:\\Windows'
    'COMSPEC' => 'C:\\Windows\\system32\\cmd.exe'
    'PATHEXT' => '.COM;.EXE;.BAT;.CMD;.VBS;.VBE;.JS;.JSE;.WSF;.WSH;.MSC'
    'WINDIR' => 'C:\\Windows'
    'SERVER_SIGNATURE' => '<address>Apache/2.4.16 (Win32) OpenSSL/1.0.1p PHP/5.6.12 Server at frontend.dev Port 80</address>
'
    'SERVER_SOFTWARE' => 'Apache/2.4.16 (Win32) OpenSSL/1.0.1p PHP/5.6.12'
    'SERVER_NAME' => 'frontend.dev'
    'SERVER_ADDR' => '127.0.0.1'
    'SERVER_PORT' => '80'
    'REMOTE_ADDR' => '127.0.0.1'
    'DOCUMENT_ROOT' => 'C:/xampp/htdocs/hoclai01/frontend/web/'
    'REQUEST_SCHEME' => 'http'
    'CONTEXT_PREFIX' => ''
    'CONTEXT_DOCUMENT_ROOT' => 'C:/xampp/htdocs/hoclai01/frontend/web/'
    'SERVER_ADMIN' => 'postmaster@localhost'
    'SCRIPT_FILENAME' => 'C:/xampp/htdocs/hoclai01/frontend/web/index.php'
    'REMOTE_PORT' => '59955'
    'GATEWAY_INTERFACE' => 'CGI/1.1'
    'SERVER_PROTOCOL' => 'HTTP/1.1'
    'REQUEST_METHOD' => 'GET'
    'QUERY_STRING' => 'r=gii'
    'REQUEST_URI' => '/index.php?r=gii'
    'SCRIPT_NAME' => '/index.php'
    'PHP_SELF' => '/index.php'
    'REQUEST_TIME_FLOAT' => 1444727028.408
    'REQUEST_TIME' => 1444727028
]
